<?xml version="1.0" encoding="utf-8"?>
<migration version="1.0" category="C:\Users\seunghyeon_seoul\Desktop\원장님노트북\57기 Nexacro\ERP57th\logi\production\logi_ProductionHandlingForm.xfdl">
  <item level="INFO">
    <message><![CDATA['<TypeDefinition>' tag is removed]]></message>
    <location type="input">
      <context type="file" name="C:\Users\seunghyeon_seoul\Desktop\원장님노트북\57기 Nexacro\ERP57th\logi\production\logi_ProductionHandlingForm.xfdl" line="3"/>
    </location>
    <location type="output">
      <context type="file" name="C:\Users\seunghyeon_seoul\Documents\nexacro\17\projects\ERP57th_nexa\logi\production\logi_ProductionHandlingForm.xfdl" line="3"/>
    </location>
  </item>
  <item level="INFO">
    <message><![CDATA['left' of 'Form' is removed property]]></message>
    <location type="input">
      <context type="file" name="C:\Users\seunghyeon_seoul\Desktop\원장님노트북\57기 Nexacro\ERP57th\logi\production\logi_ProductionHandlingForm.xfdl" line="4"/>
    </location>
    <location type="output">
      <context type="file" name="C:\Users\seunghyeon_seoul\Documents\nexacro\17\projects\ERP57th_nexa\logi\production\logi_ProductionHandlingForm.xfdl" line="3"/>
    </location>
  </item>
  <item level="INFO">
    <message><![CDATA['top' of 'Form' is removed property]]></message>
    <location type="input">
      <context type="file" name="C:\Users\seunghyeon_seoul\Desktop\원장님노트북\57기 Nexacro\ERP57th\logi\production\logi_ProductionHandlingForm.xfdl" line="4"/>
    </location>
    <location type="output">
      <context type="file" name="C:\Users\seunghyeon_seoul\Documents\nexacro\17\projects\ERP57th_nexa\logi\production\logi_ProductionHandlingForm.xfdl" line="3"/>
    </location>
  </item>
  <item level="WARN">
    <message><![CDATA['useinputpanel' of 'Grid' is unknown property]]></message>
    <location type="input">
      <context type="file" name="C:\Users\seunghyeon_seoul\Desktop\원장님노트북\57기 Nexacro\ERP57th\logi\production\logi_ProductionHandlingForm.xfdl" line="7"/>
    </location>
    <location type="output">
      <context type="file" name="C:\Users\seunghyeon_seoul\Documents\nexacro\17\projects\ERP57th_nexa\logi\production\logi_ProductionHandlingForm.xfdl" line="6"/>
    </location>
  </item>
  <item level="INFO">
    <message><![CDATA[converted from 'font:새굴림,11' to 'font=11pt 새굴림']]></message>
    <location type="input">
      <context type="file" name="C:\Users\seunghyeon_seoul\Desktop\원장님노트북\57기 Nexacro\ERP57th\logi\production\logi_ProductionHandlingForm.xfdl" line="7"/>
    </location>
    <location type="output">
      <context type="file" name="C:\Users\seunghyeon_seoul\Documents\nexacro\17\projects\ERP57th_nexa\logi\production\logi_ProductionHandlingForm.xfdl" line="6"/>
    </location>
  </item>
  <item level="INFO">
    <message><![CDATA['style' of 'Grid' is removed property]]></message>
    <location type="input">
      <context type="file" name="C:\Users\seunghyeon_seoul\Desktop\원장님노트북\57기 Nexacro\ERP57th\logi\production\logi_ProductionHandlingForm.xfdl" line="7"/>
    </location>
    <location type="output">
      <context type="file" name="C:\Users\seunghyeon_seoul\Documents\nexacro\17\projects\ERP57th_nexa\logi\production\logi_ProductionHandlingForm.xfdl" line="6"/>
    </location>
  </item>
  <item level="INFO">
    <message><![CDATA[converted from 'font:한컴산뜻돋움,11,bold' to 'font=bold 11pt 한컴산뜻돋움']]></message>
    <location type="input">
      <context type="file" name="C:\Users\seunghyeon_seoul\Desktop\원장님노트북\57기 Nexacro\ERP57th\logi\production\logi_ProductionHandlingForm.xfdl" line="25"/>
    </location>
    <location type="output">
      <context type="file" name="C:\Users\seunghyeon_seoul\Documents\nexacro\17\projects\ERP57th_nexa\logi\production\logi_ProductionHandlingForm.xfdl" line="24"/>
    </location>
  </item>
  <item level="INFO">
    <message><![CDATA['style' of 'Cell' is removed property]]></message>
    <location type="input">
      <context type="file" name="C:\Users\seunghyeon_seoul\Desktop\원장님노트북\57기 Nexacro\ERP57th\logi\production\logi_ProductionHandlingForm.xfdl" line="25"/>
    </location>
    <location type="output">
      <context type="file" name="C:\Users\seunghyeon_seoul\Documents\nexacro\17\projects\ERP57th_nexa\logi\production\logi_ProductionHandlingForm.xfdl" line="24"/>
    </location>
  </item>
  <item level="INFO">
    <message><![CDATA[converted from 'font:한컴산뜻돋움,11,bold' to 'font=bold 11pt 한컴산뜻돋움']]></message>
    <location type="input">
      <context type="file" name="C:\Users\seunghyeon_seoul\Desktop\원장님노트북\57기 Nexacro\ERP57th\logi\production\logi_ProductionHandlingForm.xfdl" line="26"/>
    </location>
    <location type="output">
      <context type="file" name="C:\Users\seunghyeon_seoul\Documents\nexacro\17\projects\ERP57th_nexa\logi\production\logi_ProductionHandlingForm.xfdl" line="25"/>
    </location>
  </item>
  <item level="INFO">
    <message><![CDATA['style' of 'Cell' is removed property]]></message>
    <location type="input">
      <context type="file" name="C:\Users\seunghyeon_seoul\Desktop\원장님노트북\57기 Nexacro\ERP57th\logi\production\logi_ProductionHandlingForm.xfdl" line="26"/>
    </location>
    <location type="output">
      <context type="file" name="C:\Users\seunghyeon_seoul\Documents\nexacro\17\projects\ERP57th_nexa\logi\production\logi_ProductionHandlingForm.xfdl" line="25"/>
    </location>
  </item>
  <item level="INFO">
    <message><![CDATA[converted from 'font:한컴산뜻돋움,11,bold' to 'font=bold 11pt 한컴산뜻돋움']]></message>
    <location type="input">
      <context type="file" name="C:\Users\seunghyeon_seoul\Desktop\원장님노트북\57기 Nexacro\ERP57th\logi\production\logi_ProductionHandlingForm.xfdl" line="27"/>
    </location>
    <location type="output">
      <context type="file" name="C:\Users\seunghyeon_seoul\Documents\nexacro\17\projects\ERP57th_nexa\logi\production\logi_ProductionHandlingForm.xfdl" line="26"/>
    </location>
  </item>
  <item level="INFO">
    <message><![CDATA['style' of 'Cell' is removed property]]></message>
    <location type="input">
      <context type="file" name="C:\Users\seunghyeon_seoul\Desktop\원장님노트북\57기 Nexacro\ERP57th\logi\production\logi_ProductionHandlingForm.xfdl" line="27"/>
    </location>
    <location type="output">
      <context type="file" name="C:\Users\seunghyeon_seoul\Documents\nexacro\17\projects\ERP57th_nexa\logi\production\logi_ProductionHandlingForm.xfdl" line="26"/>
    </location>
  </item>
  <item level="INFO">
    <message><![CDATA[converted from 'font:한컴산뜻돋움,11,bold' to 'font=bold 11pt 한컴산뜻돋움']]></message>
    <location type="input">
      <context type="file" name="C:\Users\seunghyeon_seoul\Desktop\원장님노트북\57기 Nexacro\ERP57th\logi\production\logi_ProductionHandlingForm.xfdl" line="28"/>
    </location>
    <location type="output">
      <context type="file" name="C:\Users\seunghyeon_seoul\Documents\nexacro\17\projects\ERP57th_nexa\logi\production\logi_ProductionHandlingForm.xfdl" line="27"/>
    </location>
  </item>
  <item level="INFO">
    <message><![CDATA['style' of 'Cell' is removed property]]></message>
    <location type="input">
      <context type="file" name="C:\Users\seunghyeon_seoul\Desktop\원장님노트북\57기 Nexacro\ERP57th\logi\production\logi_ProductionHandlingForm.xfdl" line="28"/>
    </location>
    <location type="output">
      <context type="file" name="C:\Users\seunghyeon_seoul\Documents\nexacro\17\projects\ERP57th_nexa\logi\production\logi_ProductionHandlingForm.xfdl" line="27"/>
    </location>
  </item>
  <item level="INFO">
    <message><![CDATA[converted from 'font:한컴산뜻돋움,11,bold' to 'font=bold 11pt 한컴산뜻돋움']]></message>
    <location type="input">
      <context type="file" name="C:\Users\seunghyeon_seoul\Desktop\원장님노트북\57기 Nexacro\ERP57th\logi\production\logi_ProductionHandlingForm.xfdl" line="29"/>
    </location>
    <location type="output">
      <context type="file" name="C:\Users\seunghyeon_seoul\Documents\nexacro\17\projects\ERP57th_nexa\logi\production\logi_ProductionHandlingForm.xfdl" line="28"/>
    </location>
  </item>
  <item level="INFO">
    <message><![CDATA['style' of 'Cell' is removed property]]></message>
    <location type="input">
      <context type="file" name="C:\Users\seunghyeon_seoul\Desktop\원장님노트북\57기 Nexacro\ERP57th\logi\production\logi_ProductionHandlingForm.xfdl" line="29"/>
    </location>
    <location type="output">
      <context type="file" name="C:\Users\seunghyeon_seoul\Documents\nexacro\17\projects\ERP57th_nexa\logi\production\logi_ProductionHandlingForm.xfdl" line="28"/>
    </location>
  </item>
  <item level="INFO">
    <message><![CDATA[converted from 'font:한컴산뜻돋움,11,bold' to 'font=bold 11pt 한컴산뜻돋움']]></message>
    <location type="input">
      <context type="file" name="C:\Users\seunghyeon_seoul\Desktop\원장님노트북\57기 Nexacro\ERP57th\logi\production\logi_ProductionHandlingForm.xfdl" line="30"/>
    </location>
    <location type="output">
      <context type="file" name="C:\Users\seunghyeon_seoul\Documents\nexacro\17\projects\ERP57th_nexa\logi\production\logi_ProductionHandlingForm.xfdl" line="29"/>
    </location>
  </item>
  <item level="INFO">
    <message><![CDATA['style' of 'Cell' is removed property]]></message>
    <location type="input">
      <context type="file" name="C:\Users\seunghyeon_seoul\Desktop\원장님노트북\57기 Nexacro\ERP57th\logi\production\logi_ProductionHandlingForm.xfdl" line="30"/>
    </location>
    <location type="output">
      <context type="file" name="C:\Users\seunghyeon_seoul\Documents\nexacro\17\projects\ERP57th_nexa\logi\production\logi_ProductionHandlingForm.xfdl" line="29"/>
    </location>
  </item>
  <item level="INFO">
    <message><![CDATA[converted from 'font:한컴산뜻돋움,11,bold' to 'font=bold 11pt 한컴산뜻돋움']]></message>
    <location type="input">
      <context type="file" name="C:\Users\seunghyeon_seoul\Desktop\원장님노트북\57기 Nexacro\ERP57th\logi\production\logi_ProductionHandlingForm.xfdl" line="31"/>
    </location>
    <location type="output">
      <context type="file" name="C:\Users\seunghyeon_seoul\Documents\nexacro\17\projects\ERP57th_nexa\logi\production\logi_ProductionHandlingForm.xfdl" line="30"/>
    </location>
  </item>
  <item level="INFO">
    <message><![CDATA['style' of 'Cell' is removed property]]></message>
    <location type="input">
      <context type="file" name="C:\Users\seunghyeon_seoul\Desktop\원장님노트북\57기 Nexacro\ERP57th\logi\production\logi_ProductionHandlingForm.xfdl" line="31"/>
    </location>
    <location type="output">
      <context type="file" name="C:\Users\seunghyeon_seoul\Documents\nexacro\17\projects\ERP57th_nexa\logi\production\logi_ProductionHandlingForm.xfdl" line="30"/>
    </location>
  </item>
  <item level="INFO">
    <message><![CDATA[converted from 'font:한컴산뜻돋움,11,bold' to 'font=bold 11pt 한컴산뜻돋움']]></message>
    <location type="input">
      <context type="file" name="C:\Users\seunghyeon_seoul\Desktop\원장님노트북\57기 Nexacro\ERP57th\logi\production\logi_ProductionHandlingForm.xfdl" line="32"/>
    </location>
    <location type="output">
      <context type="file" name="C:\Users\seunghyeon_seoul\Documents\nexacro\17\projects\ERP57th_nexa\logi\production\logi_ProductionHandlingForm.xfdl" line="31"/>
    </location>
  </item>
  <item level="INFO">
    <message><![CDATA['style' of 'Cell' is removed property]]></message>
    <location type="input">
      <context type="file" name="C:\Users\seunghyeon_seoul\Desktop\원장님노트북\57기 Nexacro\ERP57th\logi\production\logi_ProductionHandlingForm.xfdl" line="32"/>
    </location>
    <location type="output">
      <context type="file" name="C:\Users\seunghyeon_seoul\Documents\nexacro\17\projects\ERP57th_nexa\logi\production\logi_ProductionHandlingForm.xfdl" line="31"/>
    </location>
  </item>
  <item level="INFO">
    <message><![CDATA[converted from 'font:한컴산뜻돋움,11' to 'font=11pt 한컴산뜻돋움']]></message>
    <location type="input">
      <context type="file" name="C:\Users\seunghyeon_seoul\Desktop\원장님노트북\57기 Nexacro\ERP57th\logi\production\logi_ProductionHandlingForm.xfdl" line="35"/>
    </location>
    <location type="output">
      <context type="file" name="C:\Users\seunghyeon_seoul\Documents\nexacro\17\projects\ERP57th_nexa\logi\production\logi_ProductionHandlingForm.xfdl" line="34"/>
    </location>
  </item>
  <item level="INFO">
    <message><![CDATA['style' of 'Cell' is removed property]]></message>
    <location type="input">
      <context type="file" name="C:\Users\seunghyeon_seoul\Desktop\원장님노트북\57기 Nexacro\ERP57th\logi\production\logi_ProductionHandlingForm.xfdl" line="35"/>
    </location>
    <location type="output">
      <context type="file" name="C:\Users\seunghyeon_seoul\Documents\nexacro\17\projects\ERP57th_nexa\logi\production\logi_ProductionHandlingForm.xfdl" line="34"/>
    </location>
  </item>
  <item level="INFO">
    <message><![CDATA[converted from 'font:한컴산뜻돋움,11' to 'font=11pt 한컴산뜻돋움']]></message>
    <location type="input">
      <context type="file" name="C:\Users\seunghyeon_seoul\Desktop\원장님노트북\57기 Nexacro\ERP57th\logi\production\logi_ProductionHandlingForm.xfdl" line="36"/>
    </location>
    <location type="output">
      <context type="file" name="C:\Users\seunghyeon_seoul\Documents\nexacro\17\projects\ERP57th_nexa\logi\production\logi_ProductionHandlingForm.xfdl" line="35"/>
    </location>
  </item>
  <item level="INFO">
    <message><![CDATA['style' of 'Cell' is removed property]]></message>
    <location type="input">
      <context type="file" name="C:\Users\seunghyeon_seoul\Desktop\원장님노트북\57기 Nexacro\ERP57th\logi\production\logi_ProductionHandlingForm.xfdl" line="36"/>
    </location>
    <location type="output">
      <context type="file" name="C:\Users\seunghyeon_seoul\Documents\nexacro\17\projects\ERP57th_nexa\logi\production\logi_ProductionHandlingForm.xfdl" line="35"/>
    </location>
  </item>
  <item level="INFO">
    <message><![CDATA[converted from 'font:한컴산뜻돋움,11' to 'font=11pt 한컴산뜻돋움']]></message>
    <location type="input">
      <context type="file" name="C:\Users\seunghyeon_seoul\Desktop\원장님노트북\57기 Nexacro\ERP57th\logi\production\logi_ProductionHandlingForm.xfdl" line="37"/>
    </location>
    <location type="output">
      <context type="file" name="C:\Users\seunghyeon_seoul\Documents\nexacro\17\projects\ERP57th_nexa\logi\production\logi_ProductionHandlingForm.xfdl" line="36"/>
    </location>
  </item>
  <item level="INFO">
    <message><![CDATA['style' of 'Cell' is removed property]]></message>
    <location type="input">
      <context type="file" name="C:\Users\seunghyeon_seoul\Desktop\원장님노트북\57기 Nexacro\ERP57th\logi\production\logi_ProductionHandlingForm.xfdl" line="37"/>
    </location>
    <location type="output">
      <context type="file" name="C:\Users\seunghyeon_seoul\Documents\nexacro\17\projects\ERP57th_nexa\logi\production\logi_ProductionHandlingForm.xfdl" line="36"/>
    </location>
  </item>
  <item level="INFO">
    <message><![CDATA[converted from 'font:한컴산뜻돋움,11' to 'font=11pt 한컴산뜻돋움']]></message>
    <location type="input">
      <context type="file" name="C:\Users\seunghyeon_seoul\Desktop\원장님노트북\57기 Nexacro\ERP57th\logi\production\logi_ProductionHandlingForm.xfdl" line="38"/>
    </location>
    <location type="output">
      <context type="file" name="C:\Users\seunghyeon_seoul\Documents\nexacro\17\projects\ERP57th_nexa\logi\production\logi_ProductionHandlingForm.xfdl" line="37"/>
    </location>
  </item>
  <item level="INFO">
    <message><![CDATA['style' of 'Cell' is removed property]]></message>
    <location type="input">
      <context type="file" name="C:\Users\seunghyeon_seoul\Desktop\원장님노트북\57기 Nexacro\ERP57th\logi\production\logi_ProductionHandlingForm.xfdl" line="38"/>
    </location>
    <location type="output">
      <context type="file" name="C:\Users\seunghyeon_seoul\Documents\nexacro\17\projects\ERP57th_nexa\logi\production\logi_ProductionHandlingForm.xfdl" line="37"/>
    </location>
  </item>
  <item level="INFO">
    <message><![CDATA[converted from 'font:한컴산뜻돋움,11' to 'font=11pt 한컴산뜻돋움']]></message>
    <location type="input">
      <context type="file" name="C:\Users\seunghyeon_seoul\Desktop\원장님노트북\57기 Nexacro\ERP57th\logi\production\logi_ProductionHandlingForm.xfdl" line="39"/>
    </location>
    <location type="output">
      <context type="file" name="C:\Users\seunghyeon_seoul\Documents\nexacro\17\projects\ERP57th_nexa\logi\production\logi_ProductionHandlingForm.xfdl" line="38"/>
    </location>
  </item>
  <item level="INFO">
    <message><![CDATA['style' of 'Cell' is removed property]]></message>
    <location type="input">
      <context type="file" name="C:\Users\seunghyeon_seoul\Desktop\원장님노트북\57기 Nexacro\ERP57th\logi\production\logi_ProductionHandlingForm.xfdl" line="39"/>
    </location>
    <location type="output">
      <context type="file" name="C:\Users\seunghyeon_seoul\Documents\nexacro\17\projects\ERP57th_nexa\logi\production\logi_ProductionHandlingForm.xfdl" line="38"/>
    </location>
  </item>
  <item level="INFO">
    <message><![CDATA[converted from 'font:한컴산뜻돋움,11' to 'font=11pt 한컴산뜻돋움']]></message>
    <location type="input">
      <context type="file" name="C:\Users\seunghyeon_seoul\Desktop\원장님노트북\57기 Nexacro\ERP57th\logi\production\logi_ProductionHandlingForm.xfdl" line="40"/>
    </location>
    <location type="output">
      <context type="file" name="C:\Users\seunghyeon_seoul\Documents\nexacro\17\projects\ERP57th_nexa\logi\production\logi_ProductionHandlingForm.xfdl" line="39"/>
    </location>
  </item>
  <item level="INFO">
    <message><![CDATA['style' of 'Cell' is removed property]]></message>
    <location type="input">
      <context type="file" name="C:\Users\seunghyeon_seoul\Desktop\원장님노트북\57기 Nexacro\ERP57th\logi\production\logi_ProductionHandlingForm.xfdl" line="40"/>
    </location>
    <location type="output">
      <context type="file" name="C:\Users\seunghyeon_seoul\Documents\nexacro\17\projects\ERP57th_nexa\logi\production\logi_ProductionHandlingForm.xfdl" line="39"/>
    </location>
  </item>
  <item level="INFO">
    <message><![CDATA[converted from 'font:한컴산뜻돋움,11' to 'font=11pt 한컴산뜻돋움']]></message>
    <location type="input">
      <context type="file" name="C:\Users\seunghyeon_seoul\Desktop\원장님노트북\57기 Nexacro\ERP57th\logi\production\logi_ProductionHandlingForm.xfdl" line="41"/>
    </location>
    <location type="output">
      <context type="file" name="C:\Users\seunghyeon_seoul\Documents\nexacro\17\projects\ERP57th_nexa\logi\production\logi_ProductionHandlingForm.xfdl" line="40"/>
    </location>
  </item>
  <item level="INFO">
    <message><![CDATA['style' of 'Cell' is removed property]]></message>
    <location type="input">
      <context type="file" name="C:\Users\seunghyeon_seoul\Desktop\원장님노트북\57기 Nexacro\ERP57th\logi\production\logi_ProductionHandlingForm.xfdl" line="41"/>
    </location>
    <location type="output">
      <context type="file" name="C:\Users\seunghyeon_seoul\Documents\nexacro\17\projects\ERP57th_nexa\logi\production\logi_ProductionHandlingForm.xfdl" line="40"/>
    </location>
  </item>
  <item level="INFO">
    <message><![CDATA[converted from 'font:한컴산뜻돋움,11' to 'font=11pt 한컴산뜻돋움']]></message>
    <location type="input">
      <context type="file" name="C:\Users\seunghyeon_seoul\Desktop\원장님노트북\57기 Nexacro\ERP57th\logi\production\logi_ProductionHandlingForm.xfdl" line="42"/>
    </location>
    <location type="output">
      <context type="file" name="C:\Users\seunghyeon_seoul\Documents\nexacro\17\projects\ERP57th_nexa\logi\production\logi_ProductionHandlingForm.xfdl" line="41"/>
    </location>
  </item>
  <item level="INFO">
    <message><![CDATA['style' of 'Cell' is removed property]]></message>
    <location type="input">
      <context type="file" name="C:\Users\seunghyeon_seoul\Desktop\원장님노트북\57기 Nexacro\ERP57th\logi\production\logi_ProductionHandlingForm.xfdl" line="42"/>
    </location>
    <location type="output">
      <context type="file" name="C:\Users\seunghyeon_seoul\Documents\nexacro\17\projects\ERP57th_nexa\logi\production\logi_ProductionHandlingForm.xfdl" line="41"/>
    </location>
  </item>
  <item level="WARN">
    <message><![CDATA['useinputpanel' of 'Grid' is unknown property]]></message>
    <location type="input">
      <context type="file" name="C:\Users\seunghyeon_seoul\Desktop\원장님노트북\57기 Nexacro\ERP57th\logi\production\logi_ProductionHandlingForm.xfdl" line="47"/>
    </location>
    <location type="output">
      <context type="file" name="C:\Users\seunghyeon_seoul\Documents\nexacro\17\projects\ERP57th_nexa\logi\production\logi_ProductionHandlingForm.xfdl" line="46"/>
    </location>
  </item>
  <item level="INFO">
    <message><![CDATA[converted from 'font:새굴림,11' to 'font=11pt 새굴림']]></message>
    <location type="input">
      <context type="file" name="C:\Users\seunghyeon_seoul\Desktop\원장님노트북\57기 Nexacro\ERP57th\logi\production\logi_ProductionHandlingForm.xfdl" line="47"/>
    </location>
    <location type="output">
      <context type="file" name="C:\Users\seunghyeon_seoul\Documents\nexacro\17\projects\ERP57th_nexa\logi\production\logi_ProductionHandlingForm.xfdl" line="46"/>
    </location>
  </item>
  <item level="INFO">
    <message><![CDATA['style' of 'Grid' is removed property]]></message>
    <location type="input">
      <context type="file" name="C:\Users\seunghyeon_seoul\Desktop\원장님노트북\57기 Nexacro\ERP57th\logi\production\logi_ProductionHandlingForm.xfdl" line="47"/>
    </location>
    <location type="output">
      <context type="file" name="C:\Users\seunghyeon_seoul\Documents\nexacro\17\projects\ERP57th_nexa\logi\production\logi_ProductionHandlingForm.xfdl" line="46"/>
    </location>
  </item>
  <item level="INFO">
    <message><![CDATA[converted from 'font:한컴산뜻돋움,11,bold' to 'font=bold 11pt 한컴산뜻돋움']]></message>
    <location type="input">
      <context type="file" name="C:\Users\seunghyeon_seoul\Desktop\원장님노트북\57기 Nexacro\ERP57th\logi\production\logi_ProductionHandlingForm.xfdl" line="64"/>
    </location>
    <location type="output">
      <context type="file" name="C:\Users\seunghyeon_seoul\Documents\nexacro\17\projects\ERP57th_nexa\logi\production\logi_ProductionHandlingForm.xfdl" line="63"/>
    </location>
  </item>
  <item level="INFO">
    <message><![CDATA['style' of 'Cell' is removed property]]></message>
    <location type="input">
      <context type="file" name="C:\Users\seunghyeon_seoul\Desktop\원장님노트북\57기 Nexacro\ERP57th\logi\production\logi_ProductionHandlingForm.xfdl" line="64"/>
    </location>
    <location type="output">
      <context type="file" name="C:\Users\seunghyeon_seoul\Documents\nexacro\17\projects\ERP57th_nexa\logi\production\logi_ProductionHandlingForm.xfdl" line="63"/>
    </location>
  </item>
  <item level="INFO">
    <message><![CDATA[converted from 'font:한컴산뜻돋움,11,bold' to 'font=bold 11pt 한컴산뜻돋움']]></message>
    <location type="input">
      <context type="file" name="C:\Users\seunghyeon_seoul\Desktop\원장님노트북\57기 Nexacro\ERP57th\logi\production\logi_ProductionHandlingForm.xfdl" line="65"/>
    </location>
    <location type="output">
      <context type="file" name="C:\Users\seunghyeon_seoul\Documents\nexacro\17\projects\ERP57th_nexa\logi\production\logi_ProductionHandlingForm.xfdl" line="64"/>
    </location>
  </item>
  <item level="INFO">
    <message><![CDATA['style' of 'Cell' is removed property]]></message>
    <location type="input">
      <context type="file" name="C:\Users\seunghyeon_seoul\Desktop\원장님노트북\57기 Nexacro\ERP57th\logi\production\logi_ProductionHandlingForm.xfdl" line="65"/>
    </location>
    <location type="output">
      <context type="file" name="C:\Users\seunghyeon_seoul\Documents\nexacro\17\projects\ERP57th_nexa\logi\production\logi_ProductionHandlingForm.xfdl" line="64"/>
    </location>
  </item>
  <item level="INFO">
    <message><![CDATA[converted from 'font:한컴산뜻돋움,11,bold' to 'font=bold 11pt 한컴산뜻돋움']]></message>
    <location type="input">
      <context type="file" name="C:\Users\seunghyeon_seoul\Desktop\원장님노트북\57기 Nexacro\ERP57th\logi\production\logi_ProductionHandlingForm.xfdl" line="66"/>
    </location>
    <location type="output">
      <context type="file" name="C:\Users\seunghyeon_seoul\Documents\nexacro\17\projects\ERP57th_nexa\logi\production\logi_ProductionHandlingForm.xfdl" line="65"/>
    </location>
  </item>
  <item level="INFO">
    <message><![CDATA['style' of 'Cell' is removed property]]></message>
    <location type="input">
      <context type="file" name="C:\Users\seunghyeon_seoul\Desktop\원장님노트북\57기 Nexacro\ERP57th\logi\production\logi_ProductionHandlingForm.xfdl" line="66"/>
    </location>
    <location type="output">
      <context type="file" name="C:\Users\seunghyeon_seoul\Documents\nexacro\17\projects\ERP57th_nexa\logi\production\logi_ProductionHandlingForm.xfdl" line="65"/>
    </location>
  </item>
  <item level="INFO">
    <message><![CDATA[converted from 'font:한컴산뜻돋움,11,bold' to 'font=bold 11pt 한컴산뜻돋움']]></message>
    <location type="input">
      <context type="file" name="C:\Users\seunghyeon_seoul\Desktop\원장님노트북\57기 Nexacro\ERP57th\logi\production\logi_ProductionHandlingForm.xfdl" line="67"/>
    </location>
    <location type="output">
      <context type="file" name="C:\Users\seunghyeon_seoul\Documents\nexacro\17\projects\ERP57th_nexa\logi\production\logi_ProductionHandlingForm.xfdl" line="66"/>
    </location>
  </item>
  <item level="INFO">
    <message><![CDATA['style' of 'Cell' is removed property]]></message>
    <location type="input">
      <context type="file" name="C:\Users\seunghyeon_seoul\Desktop\원장님노트북\57기 Nexacro\ERP57th\logi\production\logi_ProductionHandlingForm.xfdl" line="67"/>
    </location>
    <location type="output">
      <context type="file" name="C:\Users\seunghyeon_seoul\Documents\nexacro\17\projects\ERP57th_nexa\logi\production\logi_ProductionHandlingForm.xfdl" line="66"/>
    </location>
  </item>
  <item level="INFO">
    <message><![CDATA[converted from 'font:한컴산뜻돋움,11,bold' to 'font=bold 11pt 한컴산뜻돋움']]></message>
    <location type="input">
      <context type="file" name="C:\Users\seunghyeon_seoul\Desktop\원장님노트북\57기 Nexacro\ERP57th\logi\production\logi_ProductionHandlingForm.xfdl" line="68"/>
    </location>
    <location type="output">
      <context type="file" name="C:\Users\seunghyeon_seoul\Documents\nexacro\17\projects\ERP57th_nexa\logi\production\logi_ProductionHandlingForm.xfdl" line="67"/>
    </location>
  </item>
  <item level="INFO">
    <message><![CDATA['style' of 'Cell' is removed property]]></message>
    <location type="input">
      <context type="file" name="C:\Users\seunghyeon_seoul\Desktop\원장님노트북\57기 Nexacro\ERP57th\logi\production\logi_ProductionHandlingForm.xfdl" line="68"/>
    </location>
    <location type="output">
      <context type="file" name="C:\Users\seunghyeon_seoul\Documents\nexacro\17\projects\ERP57th_nexa\logi\production\logi_ProductionHandlingForm.xfdl" line="67"/>
    </location>
  </item>
  <item level="INFO">
    <message><![CDATA[converted from 'font:한컴산뜻돋움,11,bold' to 'font=bold 11pt 한컴산뜻돋움']]></message>
    <location type="input">
      <context type="file" name="C:\Users\seunghyeon_seoul\Desktop\원장님노트북\57기 Nexacro\ERP57th\logi\production\logi_ProductionHandlingForm.xfdl" line="69"/>
    </location>
    <location type="output">
      <context type="file" name="C:\Users\seunghyeon_seoul\Documents\nexacro\17\projects\ERP57th_nexa\logi\production\logi_ProductionHandlingForm.xfdl" line="68"/>
    </location>
  </item>
  <item level="INFO">
    <message><![CDATA['style' of 'Cell' is removed property]]></message>
    <location type="input">
      <context type="file" name="C:\Users\seunghyeon_seoul\Desktop\원장님노트북\57기 Nexacro\ERP57th\logi\production\logi_ProductionHandlingForm.xfdl" line="69"/>
    </location>
    <location type="output">
      <context type="file" name="C:\Users\seunghyeon_seoul\Documents\nexacro\17\projects\ERP57th_nexa\logi\production\logi_ProductionHandlingForm.xfdl" line="68"/>
    </location>
  </item>
  <item level="INFO">
    <message><![CDATA[converted from 'font:한컴산뜻돋움,11,bold' to 'font=bold 11pt 한컴산뜻돋움']]></message>
    <location type="input">
      <context type="file" name="C:\Users\seunghyeon_seoul\Desktop\원장님노트북\57기 Nexacro\ERP57th\logi\production\logi_ProductionHandlingForm.xfdl" line="70"/>
    </location>
    <location type="output">
      <context type="file" name="C:\Users\seunghyeon_seoul\Documents\nexacro\17\projects\ERP57th_nexa\logi\production\logi_ProductionHandlingForm.xfdl" line="69"/>
    </location>
  </item>
  <item level="INFO">
    <message><![CDATA['style' of 'Cell' is removed property]]></message>
    <location type="input">
      <context type="file" name="C:\Users\seunghyeon_seoul\Desktop\원장님노트북\57기 Nexacro\ERP57th\logi\production\logi_ProductionHandlingForm.xfdl" line="70"/>
    </location>
    <location type="output">
      <context type="file" name="C:\Users\seunghyeon_seoul\Documents\nexacro\17\projects\ERP57th_nexa\logi\production\logi_ProductionHandlingForm.xfdl" line="69"/>
    </location>
  </item>
  <item level="INFO">
    <message><![CDATA[converted from 'font:한컴산뜻돋움,11' to 'font=11pt 한컴산뜻돋움']]></message>
    <location type="input">
      <context type="file" name="C:\Users\seunghyeon_seoul\Desktop\원장님노트북\57기 Nexacro\ERP57th\logi\production\logi_ProductionHandlingForm.xfdl" line="73"/>
    </location>
    <location type="output">
      <context type="file" name="C:\Users\seunghyeon_seoul\Documents\nexacro\17\projects\ERP57th_nexa\logi\production\logi_ProductionHandlingForm.xfdl" line="72"/>
    </location>
  </item>
  <item level="INFO">
    <message><![CDATA['style' of 'Cell' is removed property]]></message>
    <location type="input">
      <context type="file" name="C:\Users\seunghyeon_seoul\Desktop\원장님노트북\57기 Nexacro\ERP57th\logi\production\logi_ProductionHandlingForm.xfdl" line="73"/>
    </location>
    <location type="output">
      <context type="file" name="C:\Users\seunghyeon_seoul\Documents\nexacro\17\projects\ERP57th_nexa\logi\production\logi_ProductionHandlingForm.xfdl" line="72"/>
    </location>
  </item>
  <item level="INFO">
    <message><![CDATA[converted from 'font:한컴산뜻돋움,11' to 'font=11pt 한컴산뜻돋움']]></message>
    <location type="input">
      <context type="file" name="C:\Users\seunghyeon_seoul\Desktop\원장님노트북\57기 Nexacro\ERP57th\logi\production\logi_ProductionHandlingForm.xfdl" line="74"/>
    </location>
    <location type="output">
      <context type="file" name="C:\Users\seunghyeon_seoul\Documents\nexacro\17\projects\ERP57th_nexa\logi\production\logi_ProductionHandlingForm.xfdl" line="73"/>
    </location>
  </item>
  <item level="INFO">
    <message><![CDATA['style' of 'Cell' is removed property]]></message>
    <location type="input">
      <context type="file" name="C:\Users\seunghyeon_seoul\Desktop\원장님노트북\57기 Nexacro\ERP57th\logi\production\logi_ProductionHandlingForm.xfdl" line="74"/>
    </location>
    <location type="output">
      <context type="file" name="C:\Users\seunghyeon_seoul\Documents\nexacro\17\projects\ERP57th_nexa\logi\production\logi_ProductionHandlingForm.xfdl" line="73"/>
    </location>
  </item>
  <item level="INFO">
    <message><![CDATA[converted from 'font:한컴산뜻돋움,11' to 'font=11pt 한컴산뜻돋움']]></message>
    <location type="input">
      <context type="file" name="C:\Users\seunghyeon_seoul\Desktop\원장님노트북\57기 Nexacro\ERP57th\logi\production\logi_ProductionHandlingForm.xfdl" line="75"/>
    </location>
    <location type="output">
      <context type="file" name="C:\Users\seunghyeon_seoul\Documents\nexacro\17\projects\ERP57th_nexa\logi\production\logi_ProductionHandlingForm.xfdl" line="74"/>
    </location>
  </item>
  <item level="INFO">
    <message><![CDATA['style' of 'Cell' is removed property]]></message>
    <location type="input">
      <context type="file" name="C:\Users\seunghyeon_seoul\Desktop\원장님노트북\57기 Nexacro\ERP57th\logi\production\logi_ProductionHandlingForm.xfdl" line="75"/>
    </location>
    <location type="output">
      <context type="file" name="C:\Users\seunghyeon_seoul\Documents\nexacro\17\projects\ERP57th_nexa\logi\production\logi_ProductionHandlingForm.xfdl" line="74"/>
    </location>
  </item>
  <item level="INFO">
    <message><![CDATA[converted from 'font:한컴산뜻돋움,11' to 'font=11pt 한컴산뜻돋움']]></message>
    <location type="input">
      <context type="file" name="C:\Users\seunghyeon_seoul\Desktop\원장님노트북\57기 Nexacro\ERP57th\logi\production\logi_ProductionHandlingForm.xfdl" line="76"/>
    </location>
    <location type="output">
      <context type="file" name="C:\Users\seunghyeon_seoul\Documents\nexacro\17\projects\ERP57th_nexa\logi\production\logi_ProductionHandlingForm.xfdl" line="75"/>
    </location>
  </item>
  <item level="INFO">
    <message><![CDATA['style' of 'Cell' is removed property]]></message>
    <location type="input">
      <context type="file" name="C:\Users\seunghyeon_seoul\Desktop\원장님노트북\57기 Nexacro\ERP57th\logi\production\logi_ProductionHandlingForm.xfdl" line="76"/>
    </location>
    <location type="output">
      <context type="file" name="C:\Users\seunghyeon_seoul\Documents\nexacro\17\projects\ERP57th_nexa\logi\production\logi_ProductionHandlingForm.xfdl" line="75"/>
    </location>
  </item>
  <item level="INFO">
    <message><![CDATA[converted from 'font:한컴산뜻돋움,11' to 'font=11pt 한컴산뜻돋움']]></message>
    <location type="input">
      <context type="file" name="C:\Users\seunghyeon_seoul\Desktop\원장님노트북\57기 Nexacro\ERP57th\logi\production\logi_ProductionHandlingForm.xfdl" line="77"/>
    </location>
    <location type="output">
      <context type="file" name="C:\Users\seunghyeon_seoul\Documents\nexacro\17\projects\ERP57th_nexa\logi\production\logi_ProductionHandlingForm.xfdl" line="76"/>
    </location>
  </item>
  <item level="INFO">
    <message><![CDATA['style' of 'Cell' is removed property]]></message>
    <location type="input">
      <context type="file" name="C:\Users\seunghyeon_seoul\Desktop\원장님노트북\57기 Nexacro\ERP57th\logi\production\logi_ProductionHandlingForm.xfdl" line="77"/>
    </location>
    <location type="output">
      <context type="file" name="C:\Users\seunghyeon_seoul\Documents\nexacro\17\projects\ERP57th_nexa\logi\production\logi_ProductionHandlingForm.xfdl" line="76"/>
    </location>
  </item>
  <item level="INFO">
    <message><![CDATA[converted from 'font:한컴산뜻돋움,11' to 'font=11pt 한컴산뜻돋움']]></message>
    <location type="input">
      <context type="file" name="C:\Users\seunghyeon_seoul\Desktop\원장님노트북\57기 Nexacro\ERP57th\logi\production\logi_ProductionHandlingForm.xfdl" line="78"/>
    </location>
    <location type="output">
      <context type="file" name="C:\Users\seunghyeon_seoul\Documents\nexacro\17\projects\ERP57th_nexa\logi\production\logi_ProductionHandlingForm.xfdl" line="77"/>
    </location>
  </item>
  <item level="INFO">
    <message><![CDATA['style' of 'Cell' is removed property]]></message>
    <location type="input">
      <context type="file" name="C:\Users\seunghyeon_seoul\Desktop\원장님노트북\57기 Nexacro\ERP57th\logi\production\logi_ProductionHandlingForm.xfdl" line="78"/>
    </location>
    <location type="output">
      <context type="file" name="C:\Users\seunghyeon_seoul\Documents\nexacro\17\projects\ERP57th_nexa\logi\production\logi_ProductionHandlingForm.xfdl" line="77"/>
    </location>
  </item>
  <item level="INFO">
    <message><![CDATA[converted from 'font:한컴산뜻돋움,11' to 'font=11pt 한컴산뜻돋움']]></message>
    <location type="input">
      <context type="file" name="C:\Users\seunghyeon_seoul\Desktop\원장님노트북\57기 Nexacro\ERP57th\logi\production\logi_ProductionHandlingForm.xfdl" line="79"/>
    </location>
    <location type="output">
      <context type="file" name="C:\Users\seunghyeon_seoul\Documents\nexacro\17\projects\ERP57th_nexa\logi\production\logi_ProductionHandlingForm.xfdl" line="78"/>
    </location>
  </item>
  <item level="INFO">
    <message><![CDATA['style' of 'Cell' is removed property]]></message>
    <location type="input">
      <context type="file" name="C:\Users\seunghyeon_seoul\Desktop\원장님노트북\57기 Nexacro\ERP57th\logi\production\logi_ProductionHandlingForm.xfdl" line="79"/>
    </location>
    <location type="output">
      <context type="file" name="C:\Users\seunghyeon_seoul\Documents\nexacro\17\projects\ERP57th_nexa\logi\production\logi_ProductionHandlingForm.xfdl" line="78"/>
    </location>
  </item>
  <item level="INFO">
    <message><![CDATA[converted from 'font:한컴산뜻돋움,11,bold' to 'font=bold 11pt 한컴산뜻돋움']]></message>
    <location type="input">
      <context type="file" name="C:\Users\seunghyeon_seoul\Desktop\원장님노트북\57기 Nexacro\ERP57th\logi\production\logi_ProductionHandlingForm.xfdl" line="84"/>
    </location>
    <location type="output">
      <context type="file" name="C:\Users\seunghyeon_seoul\Documents\nexacro\17\projects\ERP57th_nexa\logi\production\logi_ProductionHandlingForm.xfdl" line="83"/>
    </location>
  </item>
  <item level="INFO">
    <message><![CDATA['style' of 'Button' is removed property]]></message>
    <location type="input">
      <context type="file" name="C:\Users\seunghyeon_seoul\Desktop\원장님노트북\57기 Nexacro\ERP57th\logi\production\logi_ProductionHandlingForm.xfdl" line="84"/>
    </location>
    <location type="output">
      <context type="file" name="C:\Users\seunghyeon_seoul\Documents\nexacro\17\projects\ERP57th_nexa\logi\production\logi_ProductionHandlingForm.xfdl" line="83"/>
    </location>
  </item>
  <item level="INFO">
    <message><![CDATA[converted from 'border:3 solid darkgray' to 'border=3px solid darkgray']]></message>
    <location type="input">
      <context type="file" name="C:\Users\seunghyeon_seoul\Desktop\원장님노트북\57기 Nexacro\ERP57th\logi\production\logi_ProductionHandlingForm.xfdl" line="85"/>
    </location>
    <location type="output">
      <context type="file" name="C:\Users\seunghyeon_seoul\Documents\nexacro\17\projects\ERP57th_nexa\logi\production\logi_ProductionHandlingForm.xfdl" line="84"/>
    </location>
  </item>
  <item level="INFO">
    <message><![CDATA[converted from 'font:bold 16 함초롬돋움,돋움' to 'font=bold 16pt 함초롬돋움,돋움']]></message>
    <location type="input">
      <context type="file" name="C:\Users\seunghyeon_seoul\Desktop\원장님노트북\57기 Nexacro\ERP57th\logi\production\logi_ProductionHandlingForm.xfdl" line="85"/>
    </location>
    <location type="output">
      <context type="file" name="C:\Users\seunghyeon_seoul\Documents\nexacro\17\projects\ERP57th_nexa\logi\production\logi_ProductionHandlingForm.xfdl" line="84"/>
    </location>
  </item>
  <item level="INFO">
    <message><![CDATA['style' of 'Static' is removed property]]></message>
    <location type="input">
      <context type="file" name="C:\Users\seunghyeon_seoul\Desktop\원장님노트북\57기 Nexacro\ERP57th\logi\production\logi_ProductionHandlingForm.xfdl" line="85"/>
    </location>
    <location type="output">
      <context type="file" name="C:\Users\seunghyeon_seoul\Documents\nexacro\17\projects\ERP57th_nexa\logi\production\logi_ProductionHandlingForm.xfdl" line="84"/>
    </location>
  </item>
  <item level="INFO">
    <message><![CDATA[converted from 'application' to 'nexacro.getApplication()']]></message>
    <location type="input">
      <context type="file" name="C:\Users\seunghyeon_seoul\Desktop\원장님노트북\57기 Nexacro\ERP57th\logi\production\logi_ProductionHandlingForm.xfdl" line="143">
        <context type="script" name="" line="59"/>
      </context>
    </location>
    <location type="output">
      <context type="file" name="C:\Users\seunghyeon_seoul\Documents\nexacro\17\projects\ERP57th_nexa\logi\production\logi_ProductionHandlingForm.xfdl" line="142">
        <context type="script" name="" line="58"/>
      </context>
    </location>
  </item>
  <item level="INFO">
    <message><![CDATA[converted from 'application' to 'nexacro.getApplication()']]></message>
    <location type="input">
      <context type="file" name="C:\Users\seunghyeon_seoul\Desktop\원장님노트북\57기 Nexacro\ERP57th\logi\production\logi_ProductionHandlingForm.xfdl" line="143">
        <context type="script" name="" line="153"/>
      </context>
    </location>
    <location type="output">
      <context type="file" name="C:\Users\seunghyeon_seoul\Documents\nexacro\17\projects\ERP57th_nexa\logi\production\logi_ProductionHandlingForm.xfdl" line="142">
        <context type="script" name="" line="146"/>
      </context>
    </location>
  </item>
  <item level="INFO">
    <message><![CDATA[converted from 'application' to 'nexacro.getApplication()']]></message>
    <location type="input">
      <context type="file" name="C:\Users\seunghyeon_seoul\Desktop\원장님노트북\57기 Nexacro\ERP57th\logi\production\logi_ProductionHandlingForm.xfdl" line="143">
        <context type="script" name="" line="154"/>
      </context>
    </location>
    <location type="output">
      <context type="file" name="C:\Users\seunghyeon_seoul\Documents\nexacro\17\projects\ERP57th_nexa\logi\production\logi_ProductionHandlingForm.xfdl" line="142">
        <context type="script" name="" line="147"/>
      </context>
    </location>
  </item>
  <item level="INFO">
    <message><![CDATA[converted from 'application' to 'nexacro.getApplication()']]></message>
    <location type="input">
      <context type="file" name="C:\Users\seunghyeon_seoul\Desktop\원장님노트북\57기 Nexacro\ERP57th\logi\production\logi_ProductionHandlingForm.xfdl" line="143">
        <context type="script" name="" line="155"/>
      </context>
    </location>
    <location type="output">
      <context type="file" name="C:\Users\seunghyeon_seoul\Documents\nexacro\17\projects\ERP57th_nexa\logi\production\logi_ProductionHandlingForm.xfdl" line="142">
        <context type="script" name="" line="148"/>
      </context>
    </location>
  </item>
  <item level="INFO">
    <message><![CDATA[converted from 'application' to 'nexacro.getApplication()']]></message>
    <location type="input">
      <context type="file" name="C:\Users\seunghyeon_seoul\Desktop\원장님노트북\57기 Nexacro\ERP57th\logi\production\logi_ProductionHandlingForm.xfdl" line="143">
        <context type="script" name="" line="156"/>
      </context>
    </location>
    <location type="output">
      <context type="file" name="C:\Users\seunghyeon_seoul\Documents\nexacro\17\projects\ERP57th_nexa\logi\production\logi_ProductionHandlingForm.xfdl" line="142">
        <context type="script" name="" line="149"/>
      </context>
    </location>
  </item>
</migration>
