<?xml version="1.0" encoding="utf-8"?>
<migration version="1.0" category="C:\Users\seunghyeon_seoul\Desktop\원장님노트북\57기 Nexacro\ERP57th\hr\attendance\hr_attdApprovalManagementForm.xfdl">
  <item level="INFO">
    <message><![CDATA['<TypeDefinition>' tag is removed]]></message>
    <location type="input">
      <context type="file" name="C:\Users\seunghyeon_seoul\Desktop\원장님노트북\57기 Nexacro\ERP57th\hr\attendance\hr_attdApprovalManagementForm.xfdl" line="3"/>
    </location>
    <location type="output">
      <context type="file" name="C:\Users\seunghyeon_seoul\Documents\nexacro\17\projects\ERP57th_nexa\hr\attendance\hr_attdApprovalManagementForm.xfdl" line="3"/>
    </location>
  </item>
  <item level="INFO">
    <message><![CDATA['left' of 'Form' is removed property]]></message>
    <location type="input">
      <context type="file" name="C:\Users\seunghyeon_seoul\Desktop\원장님노트북\57기 Nexacro\ERP57th\hr\attendance\hr_attdApprovalManagementForm.xfdl" line="4"/>
    </location>
    <location type="output">
      <context type="file" name="C:\Users\seunghyeon_seoul\Documents\nexacro\17\projects\ERP57th_nexa\hr\attendance\hr_attdApprovalManagementForm.xfdl" line="3"/>
    </location>
  </item>
  <item level="INFO">
    <message><![CDATA['top' of 'Form' is removed property]]></message>
    <location type="input">
      <context type="file" name="C:\Users\seunghyeon_seoul\Desktop\원장님노트북\57기 Nexacro\ERP57th\hr\attendance\hr_attdApprovalManagementForm.xfdl" line="4"/>
    </location>
    <location type="output">
      <context type="file" name="C:\Users\seunghyeon_seoul\Documents\nexacro\17\projects\ERP57th_nexa\hr\attendance\hr_attdApprovalManagementForm.xfdl" line="3"/>
    </location>
  </item>
  <item level="INFO">
    <message><![CDATA[converted from 'font:11 함초롬돋움,돋움' to 'font=11pt 함초롬돋움,돋움']]></message>
    <location type="input">
      <context type="file" name="C:\Users\seunghyeon_seoul\Desktop\원장님노트북\57기 Nexacro\ERP57th\hr\attendance\hr_attdApprovalManagementForm.xfdl" line="8"/>
    </location>
    <location type="output">
      <context type="file" name="C:\Users\seunghyeon_seoul\Documents\nexacro\17\projects\ERP57th_nexa\hr\attendance\hr_attdApprovalManagementForm.xfdl" line="7"/>
    </location>
  </item>
  <item level="INFO">
    <message><![CDATA['style' of 'Tab' is removed property]]></message>
    <location type="input">
      <context type="file" name="C:\Users\seunghyeon_seoul\Desktop\원장님노트북\57기 Nexacro\ERP57th\hr\attendance\hr_attdApprovalManagementForm.xfdl" line="8"/>
    </location>
    <location type="output">
      <context type="file" name="C:\Users\seunghyeon_seoul\Documents\nexacro\17\projects\ERP57th_nexa\hr\attendance\hr_attdApprovalManagementForm.xfdl" line="7"/>
    </location>
  </item>
  <item level="WARN">
    <message><![CDATA['dayfont' of 'Calendar' is removed property]]></message>
    <location type="input">
      <context type="file" name="C:\Users\seunghyeon_seoul\Desktop\원장님노트북\57기 Nexacro\ERP57th\hr\attendance\hr_attdApprovalManagementForm.xfdl" line="15"/>
    </location>
    <location type="output">
      <context type="file" name="C:\Users\seunghyeon_seoul\Documents\nexacro\17\projects\ERP57th_nexa\hr\attendance\hr_attdApprovalManagementForm.xfdl" line="14"/>
    </location>
  </item>
  <item level="INFO">
    <message><![CDATA[converted from 'font:11 함초롬돋움,돋움' to 'font=11pt 함초롬돋움,돋움']]></message>
    <location type="input">
      <context type="file" name="C:\Users\seunghyeon_seoul\Desktop\원장님노트북\57기 Nexacro\ERP57th\hr\attendance\hr_attdApprovalManagementForm.xfdl" line="15"/>
    </location>
    <location type="output">
      <context type="file" name="C:\Users\seunghyeon_seoul\Documents\nexacro\17\projects\ERP57th_nexa\hr\attendance\hr_attdApprovalManagementForm.xfdl" line="14"/>
    </location>
  </item>
  <item level="INFO">
    <message><![CDATA['style' of 'Calendar' is removed property]]></message>
    <location type="input">
      <context type="file" name="C:\Users\seunghyeon_seoul\Desktop\원장님노트북\57기 Nexacro\ERP57th\hr\attendance\hr_attdApprovalManagementForm.xfdl" line="15"/>
    </location>
    <location type="output">
      <context type="file" name="C:\Users\seunghyeon_seoul\Documents\nexacro\17\projects\ERP57th_nexa\hr\attendance\hr_attdApprovalManagementForm.xfdl" line="14"/>
    </location>
  </item>
  <item level="WARN">
    <message><![CDATA['useinputpanel' of 'Grid' is unknown property]]></message>
    <location type="input">
      <context type="file" name="C:\Users\seunghyeon_seoul\Desktop\원장님노트북\57기 Nexacro\ERP57th\hr\attendance\hr_attdApprovalManagementForm.xfdl" line="25"/>
    </location>
    <location type="output">
      <context type="file" name="C:\Users\seunghyeon_seoul\Documents\nexacro\17\projects\ERP57th_nexa\hr\attendance\hr_attdApprovalManagementForm.xfdl" line="24"/>
    </location>
  </item>
  <item level="WARN">
    <message><![CDATA['useinputpanel' of 'Grid' is unknown property]]></message>
    <location type="input">
      <context type="file" name="C:\Users\seunghyeon_seoul\Desktop\원장님노트북\57기 Nexacro\ERP57th\hr\attendance\hr_attdApprovalManagementForm.xfdl" line="87"/>
    </location>
    <location type="output">
      <context type="file" name="C:\Users\seunghyeon_seoul\Documents\nexacro\17\projects\ERP57th_nexa\hr\attendance\hr_attdApprovalManagementForm.xfdl" line="86"/>
    </location>
  </item>
  <item level="WARN">
    <message><![CDATA['useinputpanel' of 'Grid' is unknown property]]></message>
    <location type="input">
      <context type="file" name="C:\Users\seunghyeon_seoul\Desktop\원장님노트북\57기 Nexacro\ERP57th\hr\attendance\hr_attdApprovalManagementForm.xfdl" line="152"/>
    </location>
    <location type="output">
      <context type="file" name="C:\Users\seunghyeon_seoul\Documents\nexacro\17\projects\ERP57th_nexa\hr\attendance\hr_attdApprovalManagementForm.xfdl" line="151"/>
    </location>
  </item>
  <item level="WARN">
    <message><![CDATA['useinputpanel' of 'Grid' is unknown property]]></message>
    <location type="input">
      <context type="file" name="C:\Users\seunghyeon_seoul\Desktop\원장님노트북\57기 Nexacro\ERP57th\hr\attendance\hr_attdApprovalManagementForm.xfdl" line="206"/>
    </location>
    <location type="output">
      <context type="file" name="C:\Users\seunghyeon_seoul\Documents\nexacro\17\projects\ERP57th_nexa\hr\attendance\hr_attdApprovalManagementForm.xfdl" line="205"/>
    </location>
  </item>
  <item level="WARN">
    <message><![CDATA['dayfont' of 'Calendar' is removed property]]></message>
    <location type="input">
      <context type="file" name="C:\Users\seunghyeon_seoul\Desktop\원장님노트북\57기 Nexacro\ERP57th\hr\attendance\hr_attdApprovalManagementForm.xfdl" line="249"/>
    </location>
    <location type="output">
      <context type="file" name="C:\Users\seunghyeon_seoul\Documents\nexacro\17\projects\ERP57th_nexa\hr\attendance\hr_attdApprovalManagementForm.xfdl" line="248"/>
    </location>
  </item>
  <item level="INFO">
    <message><![CDATA[converted from 'font:11 함초롬돋움,돋움' to 'font=11pt 함초롬돋움,돋움']]></message>
    <location type="input">
      <context type="file" name="C:\Users\seunghyeon_seoul\Desktop\원장님노트북\57기 Nexacro\ERP57th\hr\attendance\hr_attdApprovalManagementForm.xfdl" line="249"/>
    </location>
    <location type="output">
      <context type="file" name="C:\Users\seunghyeon_seoul\Documents\nexacro\17\projects\ERP57th_nexa\hr\attendance\hr_attdApprovalManagementForm.xfdl" line="248"/>
    </location>
  </item>
  <item level="INFO">
    <message><![CDATA['style' of 'Calendar' is removed property]]></message>
    <location type="input">
      <context type="file" name="C:\Users\seunghyeon_seoul\Desktop\원장님노트북\57기 Nexacro\ERP57th\hr\attendance\hr_attdApprovalManagementForm.xfdl" line="249"/>
    </location>
    <location type="output">
      <context type="file" name="C:\Users\seunghyeon_seoul\Documents\nexacro\17\projects\ERP57th_nexa\hr\attendance\hr_attdApprovalManagementForm.xfdl" line="248"/>
    </location>
  </item>
  <item level="WARN">
    <message><![CDATA['dayfont' of 'Calendar' is removed property]]></message>
    <location type="input">
      <context type="file" name="C:\Users\seunghyeon_seoul\Desktop\원장님노트북\57기 Nexacro\ERP57th\hr\attendance\hr_attdApprovalManagementForm.xfdl" line="251"/>
    </location>
    <location type="output">
      <context type="file" name="C:\Users\seunghyeon_seoul\Documents\nexacro\17\projects\ERP57th_nexa\hr\attendance\hr_attdApprovalManagementForm.xfdl" line="250"/>
    </location>
  </item>
  <item level="INFO">
    <message><![CDATA[converted from 'font:11 함초롬돋움,돋움' to 'font=11pt 함초롬돋움,돋움']]></message>
    <location type="input">
      <context type="file" name="C:\Users\seunghyeon_seoul\Desktop\원장님노트북\57기 Nexacro\ERP57th\hr\attendance\hr_attdApprovalManagementForm.xfdl" line="251"/>
    </location>
    <location type="output">
      <context type="file" name="C:\Users\seunghyeon_seoul\Documents\nexacro\17\projects\ERP57th_nexa\hr\attendance\hr_attdApprovalManagementForm.xfdl" line="250"/>
    </location>
  </item>
  <item level="INFO">
    <message><![CDATA['style' of 'Calendar' is removed property]]></message>
    <location type="input">
      <context type="file" name="C:\Users\seunghyeon_seoul\Desktop\원장님노트북\57기 Nexacro\ERP57th\hr\attendance\hr_attdApprovalManagementForm.xfdl" line="251"/>
    </location>
    <location type="output">
      <context type="file" name="C:\Users\seunghyeon_seoul\Documents\nexacro\17\projects\ERP57th_nexa\hr\attendance\hr_attdApprovalManagementForm.xfdl" line="250"/>
    </location>
  </item>
  <item level="INFO">
    <message><![CDATA[converted from 'application' to 'nexacro.getApplication()']]></message>
    <location type="input">
      <context type="file" name="C:\Users\seunghyeon_seoul\Desktop\원장님노트북\57기 Nexacro\ERP57th\hr\attendance\hr_attdApprovalManagementForm.xfdl" line="355">
        <context type="script" name="" line="12"/>
      </context>
    </location>
    <location type="output">
      <context type="file" name="C:\Users\seunghyeon_seoul\Documents\nexacro\17\projects\ERP57th_nexa\hr\attendance\hr_attdApprovalManagementForm.xfdl" line="354">
        <context type="script" name="" line="12"/>
      </context>
    </location>
  </item>
  <item level="INFO">
    <message><![CDATA[converted from 'basicDate_cal' of Tabpage to '.form.basicDate_cal']]></message>
    <location type="input">
      <context type="file" name="C:\Users\seunghyeon_seoul\Desktop\원장님노트북\57기 Nexacro\ERP57th\hr\attendance\hr_attdApprovalManagementForm.xfdl" line="355">
        <context type="script" name="" line="14"/>
      </context>
    </location>
    <location type="output">
      <context type="file" name="C:\Users\seunghyeon_seoul\Documents\nexacro\17\projects\ERP57th_nexa\hr\attendance\hr_attdApprovalManagementForm.xfdl" line="354">
        <context type="script" name="" line="14"/>
      </context>
    </location>
  </item>
  <item level="INFO">
    <message><![CDATA[converted from 'empName_edt' of Tabpage to '.form.empName_edt']]></message>
    <location type="input">
      <context type="file" name="C:\Users\seunghyeon_seoul\Desktop\원장님노트북\57기 Nexacro\ERP57th\hr\attendance\hr_attdApprovalManagementForm.xfdl" line="355">
        <context type="script" name="" line="15"/>
      </context>
    </location>
    <location type="output">
      <context type="file" name="C:\Users\seunghyeon_seoul\Documents\nexacro\17\projects\ERP57th_nexa\hr\attendance\hr_attdApprovalManagementForm.xfdl" line="354">
        <context type="script" name="" line="15"/>
      </context>
    </location>
  </item>
  <item level="INFO">
    <message><![CDATA[converted from 'application' to 'nexacro.getApplication()']]></message>
    <location type="input">
      <context type="file" name="C:\Users\seunghyeon_seoul\Desktop\원장님노트북\57기 Nexacro\ERP57th\hr\attendance\hr_attdApprovalManagementForm.xfdl" line="355">
        <context type="script" name="" line="15"/>
      </context>
    </location>
    <location type="output">
      <context type="file" name="C:\Users\seunghyeon_seoul\Documents\nexacro\17\projects\ERP57th_nexa\hr\attendance\hr_attdApprovalManagementForm.xfdl" line="354">
        <context type="script" name="" line="15"/>
      </context>
    </location>
  </item>
  <item level="INFO">
    <message><![CDATA[converted from 'basicDate_cal' of Tabpage to '.form.basicDate_cal']]></message>
    <location type="input">
      <context type="file" name="C:\Users\seunghyeon_seoul\Desktop\원장님노트북\57기 Nexacro\ERP57th\hr\attendance\hr_attdApprovalManagementForm.xfdl" line="355">
        <context type="script" name="" line="17"/>
      </context>
    </location>
    <location type="output">
      <context type="file" name="C:\Users\seunghyeon_seoul\Documents\nexacro\17\projects\ERP57th_nexa\hr\attendance\hr_attdApprovalManagementForm.xfdl" line="354">
        <context type="script" name="" line="17"/>
      </context>
    </location>
  </item>
  <item level="INFO">
    <message><![CDATA[converted from 'empName_edt' of Tabpage to '.form.empName_edt']]></message>
    <location type="input">
      <context type="file" name="C:\Users\seunghyeon_seoul\Desktop\원장님노트북\57기 Nexacro\ERP57th\hr\attendance\hr_attdApprovalManagementForm.xfdl" line="355">
        <context type="script" name="" line="18"/>
      </context>
    </location>
    <location type="output">
      <context type="file" name="C:\Users\seunghyeon_seoul\Documents\nexacro\17\projects\ERP57th_nexa\hr\attendance\hr_attdApprovalManagementForm.xfdl" line="354">
        <context type="script" name="" line="18"/>
      </context>
    </location>
  </item>
  <item level="INFO">
    <message><![CDATA[converted from 'application' to 'nexacro.getApplication()']]></message>
    <location type="input">
      <context type="file" name="C:\Users\seunghyeon_seoul\Desktop\원장님노트북\57기 Nexacro\ERP57th\hr\attendance\hr_attdApprovalManagementForm.xfdl" line="355">
        <context type="script" name="" line="18"/>
      </context>
    </location>
    <location type="output">
      <context type="file" name="C:\Users\seunghyeon_seoul\Documents\nexacro\17\projects\ERP57th_nexa\hr\attendance\hr_attdApprovalManagementForm.xfdl" line="354">
        <context type="script" name="" line="18"/>
      </context>
    </location>
  </item>
  <item level="INFO">
    <message><![CDATA[converted from 'basicDate_cal' of Tabpage to '.form.basicDate_cal']]></message>
    <location type="input">
      <context type="file" name="C:\Users\seunghyeon_seoul\Desktop\원장님노트북\57기 Nexacro\ERP57th\hr\attendance\hr_attdApprovalManagementForm.xfdl" line="355">
        <context type="script" name="" line="20"/>
      </context>
    </location>
    <location type="output">
      <context type="file" name="C:\Users\seunghyeon_seoul\Documents\nexacro\17\projects\ERP57th_nexa\hr\attendance\hr_attdApprovalManagementForm.xfdl" line="354">
        <context type="script" name="" line="20"/>
      </context>
    </location>
  </item>
  <item level="INFO">
    <message><![CDATA[converted from 'empName_edt' of Tabpage to '.form.empName_edt']]></message>
    <location type="input">
      <context type="file" name="C:\Users\seunghyeon_seoul\Desktop\원장님노트북\57기 Nexacro\ERP57th\hr\attendance\hr_attdApprovalManagementForm.xfdl" line="355">
        <context type="script" name="" line="21"/>
      </context>
    </location>
    <location type="output">
      <context type="file" name="C:\Users\seunghyeon_seoul\Documents\nexacro\17\projects\ERP57th_nexa\hr\attendance\hr_attdApprovalManagementForm.xfdl" line="354">
        <context type="script" name="" line="21"/>
      </context>
    </location>
  </item>
  <item level="INFO">
    <message><![CDATA[converted from 'application' to 'nexacro.getApplication()']]></message>
    <location type="input">
      <context type="file" name="C:\Users\seunghyeon_seoul\Desktop\원장님노트북\57기 Nexacro\ERP57th\hr\attendance\hr_attdApprovalManagementForm.xfdl" line="355">
        <context type="script" name="" line="21"/>
      </context>
    </location>
    <location type="output">
      <context type="file" name="C:\Users\seunghyeon_seoul\Documents\nexacro\17\projects\ERP57th_nexa\hr\attendance\hr_attdApprovalManagementForm.xfdl" line="354">
        <context type="script" name="" line="21"/>
      </context>
    </location>
  </item>
  <item level="INFO">
    <message><![CDATA[converted from 'fromDate_cal' of Tabpage to '.form.fromDate_cal']]></message>
    <location type="input">
      <context type="file" name="C:\Users\seunghyeon_seoul\Desktop\원장님노트북\57기 Nexacro\ERP57th\hr\attendance\hr_attdApprovalManagementForm.xfdl" line="355">
        <context type="script" name="" line="23"/>
      </context>
    </location>
    <location type="output">
      <context type="file" name="C:\Users\seunghyeon_seoul\Documents\nexacro\17\projects\ERP57th_nexa\hr\attendance\hr_attdApprovalManagementForm.xfdl" line="354">
        <context type="script" name="" line="23"/>
      </context>
    </location>
  </item>
  <item level="INFO">
    <message><![CDATA[converted from 'toDate_cal' of Tabpage to '.form.toDate_cal']]></message>
    <location type="input">
      <context type="file" name="C:\Users\seunghyeon_seoul\Desktop\원장님노트북\57기 Nexacro\ERP57th\hr\attendance\hr_attdApprovalManagementForm.xfdl" line="355">
        <context type="script" name="" line="24"/>
      </context>
    </location>
    <location type="output">
      <context type="file" name="C:\Users\seunghyeon_seoul\Documents\nexacro\17\projects\ERP57th_nexa\hr\attendance\hr_attdApprovalManagementForm.xfdl" line="354">
        <context type="script" name="" line="24"/>
      </context>
    </location>
  </item>
  <item level="INFO">
    <message><![CDATA[converted from 'empName_edt' of Tabpage to '.form.empName_edt']]></message>
    <location type="input">
      <context type="file" name="C:\Users\seunghyeon_seoul\Desktop\원장님노트북\57기 Nexacro\ERP57th\hr\attendance\hr_attdApprovalManagementForm.xfdl" line="355">
        <context type="script" name="" line="25"/>
      </context>
    </location>
    <location type="output">
      <context type="file" name="C:\Users\seunghyeon_seoul\Documents\nexacro\17\projects\ERP57th_nexa\hr\attendance\hr_attdApprovalManagementForm.xfdl" line="354">
        <context type="script" name="" line="25"/>
      </context>
    </location>
  </item>
  <item level="INFO">
    <message><![CDATA[converted from 'application' to 'nexacro.getApplication()']]></message>
    <location type="input">
      <context type="file" name="C:\Users\seunghyeon_seoul\Desktop\원장님노트북\57기 Nexacro\ERP57th\hr\attendance\hr_attdApprovalManagementForm.xfdl" line="355">
        <context type="script" name="" line="25"/>
      </context>
    </location>
    <location type="output">
      <context type="file" name="C:\Users\seunghyeon_seoul\Documents\nexacro\17\projects\ERP57th_nexa\hr\attendance\hr_attdApprovalManagementForm.xfdl" line="354">
        <context type="script" name="" line="25"/>
      </context>
    </location>
  </item>
  <item level="INFO">
    <message><![CDATA[converted from 'basicDate_cal' of Tabpage to '.form.basicDate_cal']]></message>
    <location type="input">
      <context type="file" name="C:\Users\seunghyeon_seoul\Desktop\원장님노트북\57기 Nexacro\ERP57th\hr\attendance\hr_attdApprovalManagementForm.xfdl" line="355">
        <context type="script" name="" line="43"/>
      </context>
    </location>
    <location type="output">
      <context type="file" name="C:\Users\seunghyeon_seoul\Documents\nexacro\17\projects\ERP57th_nexa\hr\attendance\hr_attdApprovalManagementForm.xfdl" line="354">
        <context type="script" name="" line="43"/>
      </context>
    </location>
  </item>
  <item level="INFO">
    <message><![CDATA[converted from 'deptCode_combo' of Tabpage to '.form.deptCode_combo']]></message>
    <location type="input">
      <context type="file" name="C:\Users\seunghyeon_seoul\Desktop\원장님노트북\57기 Nexacro\ERP57th\hr\attendance\hr_attdApprovalManagementForm.xfdl" line="355">
        <context type="script" name="" line="44"/>
      </context>
    </location>
    <location type="output">
      <context type="file" name="C:\Users\seunghyeon_seoul\Documents\nexacro\17\projects\ERP57th_nexa\hr\attendance\hr_attdApprovalManagementForm.xfdl" line="354">
        <context type="script" name="" line="44"/>
      </context>
    </location>
  </item>
  <item level="INFO">
    <message><![CDATA[converted from 'appStatus_combo' of Tabpage to '.form.appStatus_combo']]></message>
    <location type="input">
      <context type="file" name="C:\Users\seunghyeon_seoul\Desktop\원장님노트북\57기 Nexacro\ERP57th\hr\attendance\hr_attdApprovalManagementForm.xfdl" line="355">
        <context type="script" name="" line="45"/>
      </context>
    </location>
    <location type="output">
      <context type="file" name="C:\Users\seunghyeon_seoul\Documents\nexacro\17\projects\ERP57th_nexa\hr\attendance\hr_attdApprovalManagementForm.xfdl" line="354">
        <context type="script" name="" line="45"/>
      </context>
    </location>
  </item>
  <item level="INFO">
    <message><![CDATA[converted from 'basicDate_cal' of Tabpage to '.form.basicDate_cal']]></message>
    <location type="input">
      <context type="file" name="C:\Users\seunghyeon_seoul\Desktop\원장님노트북\57기 Nexacro\ERP57th\hr\attendance\hr_attdApprovalManagementForm.xfdl" line="355">
        <context type="script" name="" line="118"/>
      </context>
    </location>
    <location type="output">
      <context type="file" name="C:\Users\seunghyeon_seoul\Documents\nexacro\17\projects\ERP57th_nexa\hr\attendance\hr_attdApprovalManagementForm.xfdl" line="354">
        <context type="script" name="" line="127"/>
      </context>
    </location>
  </item>
  <item level="INFO">
    <message><![CDATA[converted from 'deptCode_combo' of Tabpage to '.form.deptCode_combo']]></message>
    <location type="input">
      <context type="file" name="C:\Users\seunghyeon_seoul\Desktop\원장님노트북\57기 Nexacro\ERP57th\hr\attendance\hr_attdApprovalManagementForm.xfdl" line="355">
        <context type="script" name="" line="119"/>
      </context>
    </location>
    <location type="output">
      <context type="file" name="C:\Users\seunghyeon_seoul\Documents\nexacro\17\projects\ERP57th_nexa\hr\attendance\hr_attdApprovalManagementForm.xfdl" line="354">
        <context type="script" name="" line="128"/>
      </context>
    </location>
  </item>
  <item level="INFO">
    <message><![CDATA[converted from 'appStatus_combo' of Tabpage to '.form.appStatus_combo']]></message>
    <location type="input">
      <context type="file" name="C:\Users\seunghyeon_seoul\Desktop\원장님노트북\57기 Nexacro\ERP57th\hr\attendance\hr_attdApprovalManagementForm.xfdl" line="355">
        <context type="script" name="" line="120"/>
      </context>
    </location>
    <location type="output">
      <context type="file" name="C:\Users\seunghyeon_seoul\Documents\nexacro\17\projects\ERP57th_nexa\hr\attendance\hr_attdApprovalManagementForm.xfdl" line="354">
        <context type="script" name="" line="129"/>
      </context>
    </location>
  </item>
  <item level="INFO">
    <message><![CDATA[converted from 'basicDate_cal' of Tabpage to '.form.basicDate_cal']]></message>
    <location type="input">
      <context type="file" name="C:\Users\seunghyeon_seoul\Desktop\원장님노트북\57기 Nexacro\ERP57th\hr\attendance\hr_attdApprovalManagementForm.xfdl" line="355">
        <context type="script" name="" line="192"/>
      </context>
    </location>
    <location type="output">
      <context type="file" name="C:\Users\seunghyeon_seoul\Documents\nexacro\17\projects\ERP57th_nexa\hr\attendance\hr_attdApprovalManagementForm.xfdl" line="354">
        <context type="script" name="" line="212"/>
      </context>
    </location>
  </item>
  <item level="INFO">
    <message><![CDATA[converted from 'deptCode_combo' of Tabpage to '.form.deptCode_combo']]></message>
    <location type="input">
      <context type="file" name="C:\Users\seunghyeon_seoul\Desktop\원장님노트북\57기 Nexacro\ERP57th\hr\attendance\hr_attdApprovalManagementForm.xfdl" line="355">
        <context type="script" name="" line="193"/>
      </context>
    </location>
    <location type="output">
      <context type="file" name="C:\Users\seunghyeon_seoul\Documents\nexacro\17\projects\ERP57th_nexa\hr\attendance\hr_attdApprovalManagementForm.xfdl" line="354">
        <context type="script" name="" line="213"/>
      </context>
    </location>
  </item>
  <item level="INFO">
    <message><![CDATA[converted from 'appStatus_combo' of Tabpage to '.form.appStatus_combo']]></message>
    <location type="input">
      <context type="file" name="C:\Users\seunghyeon_seoul\Desktop\원장님노트북\57기 Nexacro\ERP57th\hr\attendance\hr_attdApprovalManagementForm.xfdl" line="355">
        <context type="script" name="" line="194"/>
      </context>
    </location>
    <location type="output">
      <context type="file" name="C:\Users\seunghyeon_seoul\Documents\nexacro\17\projects\ERP57th_nexa\hr\attendance\hr_attdApprovalManagementForm.xfdl" line="354">
        <context type="script" name="" line="214"/>
      </context>
    </location>
  </item>
  <item level="INFO">
    <message><![CDATA[converted from 'fromDate_cal' of Tabpage to '.form.fromDate_cal']]></message>
    <location type="input">
      <context type="file" name="C:\Users\seunghyeon_seoul\Desktop\원장님노트북\57기 Nexacro\ERP57th\hr\attendance\hr_attdApprovalManagementForm.xfdl" line="355">
        <context type="script" name="" line="275"/>
      </context>
    </location>
    <location type="output">
      <context type="file" name="C:\Users\seunghyeon_seoul\Documents\nexacro\17\projects\ERP57th_nexa\hr\attendance\hr_attdApprovalManagementForm.xfdl" line="354">
        <context type="script" name="" line="310"/>
      </context>
    </location>
  </item>
  <item level="INFO">
    <message><![CDATA[converted from 'toDate_cal' of Tabpage to '.form.toDate_cal']]></message>
    <location type="input">
      <context type="file" name="C:\Users\seunghyeon_seoul\Desktop\원장님노트북\57기 Nexacro\ERP57th\hr\attendance\hr_attdApprovalManagementForm.xfdl" line="355">
        <context type="script" name="" line="276"/>
      </context>
    </location>
    <location type="output">
      <context type="file" name="C:\Users\seunghyeon_seoul\Documents\nexacro\17\projects\ERP57th_nexa\hr\attendance\hr_attdApprovalManagementForm.xfdl" line="354">
        <context type="script" name="" line="311"/>
      </context>
    </location>
  </item>
  <item level="INFO">
    <message><![CDATA[converted from 'deptCode_combo' of Tabpage to '.form.deptCode_combo']]></message>
    <location type="input">
      <context type="file" name="C:\Users\seunghyeon_seoul\Desktop\원장님노트북\57기 Nexacro\ERP57th\hr\attendance\hr_attdApprovalManagementForm.xfdl" line="355">
        <context type="script" name="" line="277"/>
      </context>
    </location>
    <location type="output">
      <context type="file" name="C:\Users\seunghyeon_seoul\Documents\nexacro\17\projects\ERP57th_nexa\hr\attendance\hr_attdApprovalManagementForm.xfdl" line="354">
        <context type="script" name="" line="312"/>
      </context>
    </location>
  </item>
  <item level="INFO">
    <message><![CDATA[converted from 'appStatus_combo' of Tabpage to '.form.appStatus_combo']]></message>
    <location type="input">
      <context type="file" name="C:\Users\seunghyeon_seoul\Desktop\원장님노트북\57기 Nexacro\ERP57th\hr\attendance\hr_attdApprovalManagementForm.xfdl" line="355">
        <context type="script" name="" line="278"/>
      </context>
    </location>
    <location type="output">
      <context type="file" name="C:\Users\seunghyeon_seoul\Documents\nexacro\17\projects\ERP57th_nexa\hr\attendance\hr_attdApprovalManagementForm.xfdl" line="354">
        <context type="script" name="" line="313"/>
      </context>
    </location>
  </item>
</migration>
