<?xml version="1.0" encoding="utf-8"?>
<migration version="1.0" category="C:\Users\seunghyeon_seoul\Desktop\원장님노트북\57기 Nexacro\ERP57th\hr\attendance\hr_MonthlyAttdanceManagementForm.xfdl">
  <item level="INFO">
    <message><![CDATA['<TypeDefinition>' tag is removed]]></message>
    <location type="input">
      <context type="file" name="C:\Users\seunghyeon_seoul\Desktop\원장님노트북\57기 Nexacro\ERP57th\hr\attendance\hr_MonthlyAttdanceManagementForm.xfdl" line="3"/>
    </location>
    <location type="output">
      <context type="file" name="C:\Users\seunghyeon_seoul\Documents\nexacro\17\projects\ERP57th_nexa\hr\attendance\hr_MonthlyAttdanceManagementForm.xfdl" line="3"/>
    </location>
  </item>
  <item level="INFO">
    <message><![CDATA['left' of 'Form' is removed property]]></message>
    <location type="input">
      <context type="file" name="C:\Users\seunghyeon_seoul\Desktop\원장님노트북\57기 Nexacro\ERP57th\hr\attendance\hr_MonthlyAttdanceManagementForm.xfdl" line="4"/>
    </location>
    <location type="output">
      <context type="file" name="C:\Users\seunghyeon_seoul\Documents\nexacro\17\projects\ERP57th_nexa\hr\attendance\hr_MonthlyAttdanceManagementForm.xfdl" line="3"/>
    </location>
  </item>
  <item level="INFO">
    <message><![CDATA['top' of 'Form' is removed property]]></message>
    <location type="input">
      <context type="file" name="C:\Users\seunghyeon_seoul\Desktop\원장님노트북\57기 Nexacro\ERP57th\hr\attendance\hr_MonthlyAttdanceManagementForm.xfdl" line="4"/>
    </location>
    <location type="output">
      <context type="file" name="C:\Users\seunghyeon_seoul\Documents\nexacro\17\projects\ERP57th_nexa\hr\attendance\hr_MonthlyAttdanceManagementForm.xfdl" line="3"/>
    </location>
  </item>
  <item level="INFO">
    <message><![CDATA[converted from 'font:11 함초롬돋움,돋움' to 'font=11pt 함초롬돋움,돋움']]></message>
    <location type="input">
      <context type="file" name="C:\Users\seunghyeon_seoul\Desktop\원장님노트북\57기 Nexacro\ERP57th\hr\attendance\hr_MonthlyAttdanceManagementForm.xfdl" line="12"/>
    </location>
    <location type="output">
      <context type="file" name="C:\Users\seunghyeon_seoul\Documents\nexacro\17\projects\ERP57th_nexa\hr\attendance\hr_MonthlyAttdanceManagementForm.xfdl" line="11"/>
    </location>
  </item>
  <item level="INFO">
    <message><![CDATA['style' of 'Tab' is removed property]]></message>
    <location type="input">
      <context type="file" name="C:\Users\seunghyeon_seoul\Desktop\원장님노트북\57기 Nexacro\ERP57th\hr\attendance\hr_MonthlyAttdanceManagementForm.xfdl" line="12"/>
    </location>
    <location type="output">
      <context type="file" name="C:\Users\seunghyeon_seoul\Documents\nexacro\17\projects\ERP57th_nexa\hr\attendance\hr_MonthlyAttdanceManagementForm.xfdl" line="11"/>
    </location>
  </item>
  <item level="WARN">
    <message><![CDATA['useinputpanel' of 'Grid' is unknown property]]></message>
    <location type="input">
      <context type="file" name="C:\Users\seunghyeon_seoul\Desktop\원장님노트북\57기 Nexacro\ERP57th\hr\attendance\hr_MonthlyAttdanceManagementForm.xfdl" line="19"/>
    </location>
    <location type="output">
      <context type="file" name="C:\Users\seunghyeon_seoul\Documents\nexacro\17\projects\ERP57th_nexa\hr\attendance\hr_MonthlyAttdanceManagementForm.xfdl" line="18"/>
    </location>
  </item>
  <item level="WARN">
    <message><![CDATA['useinputpanel' of 'Grid' is unknown property]]></message>
    <location type="input">
      <context type="file" name="C:\Users\seunghyeon_seoul\Desktop\원장님노트북\57기 Nexacro\ERP57th\hr\attendance\hr_MonthlyAttdanceManagementForm.xfdl" line="104"/>
    </location>
    <location type="output">
      <context type="file" name="C:\Users\seunghyeon_seoul\Documents\nexacro\17\projects\ERP57th_nexa\hr\attendance\hr_MonthlyAttdanceManagementForm.xfdl" line="103"/>
    </location>
  </item>
  <item level="INFO">
    <message><![CDATA[converted from 'open' of application to 'nexacro.open']]></message>
    <location type="input">
      <context type="file" name="C:\Users\seunghyeon_seoul\Desktop\원장님노트북\57기 Nexacro\ERP57th\hr\attendance\hr_MonthlyAttdanceManagementForm.xfdl" line="319">
        <context type="script" name="" line="59"/>
      </context>
    </location>
    <location type="output">
      <context type="file" name="C:\Users\seunghyeon_seoul\Documents\nexacro\17\projects\ERP57th_nexa\hr\attendance\hr_MonthlyAttdanceManagementForm.xfdl" line="318">
        <context type="script" name="" line="62"/>
      </context>
    </location>
  </item>
  <item level="INFO">
    <message><![CDATA[converted from 'unclose_btn' of Tabpage to '.form.unclose_btn']]></message>
    <location type="input">
      <context type="file" name="C:\Users\seunghyeon_seoul\Desktop\원장님노트북\57기 Nexacro\ERP57th\hr\attendance\hr_MonthlyAttdanceManagementForm.xfdl" line="319">
        <context type="script" name="" line="131"/>
      </context>
    </location>
    <location type="output">
      <context type="file" name="C:\Users\seunghyeon_seoul\Documents\nexacro\17\projects\ERP57th_nexa\hr\attendance\hr_MonthlyAttdanceManagementForm.xfdl" line="318">
        <context type="script" name="" line="148"/>
      </context>
    </location>
  </item>
  <item level="INFO">
    <message><![CDATA[converted from 'unclose_btn' of Tabpage to '.form.unclose_btn']]></message>
    <location type="input">
      <context type="file" name="C:\Users\seunghyeon_seoul\Desktop\원장님노트북\57기 Nexacro\ERP57th\hr\attendance\hr_MonthlyAttdanceManagementForm.xfdl" line="319">
        <context type="script" name="" line="143"/>
      </context>
    </location>
    <location type="output">
      <context type="file" name="C:\Users\seunghyeon_seoul\Documents\nexacro\17\projects\ERP57th_nexa\hr\attendance\hr_MonthlyAttdanceManagementForm.xfdl" line="318">
        <context type="script" name="" line="165"/>
      </context>
    </location>
  </item>
</migration>
