<?xml version="1.0" encoding="utf-8"?>
<migration version="1.0" category="C:\Users\seunghyeon_seoul\Desktop\원장님노트북\57기 Nexacro\ERP57th\hr\circumstance\hr_HolidayManagementForm.xfdl">
  <item level="INFO">
    <message><![CDATA['<TypeDefinition>' tag is removed]]></message>
    <location type="input">
      <context type="file" name="C:\Users\seunghyeon_seoul\Desktop\원장님노트북\57기 Nexacro\ERP57th\hr\circumstance\hr_HolidayManagementForm.xfdl" line="3"/>
    </location>
    <location type="output">
      <context type="file" name="C:\Users\seunghyeon_seoul\Documents\nexacro\17\projects\ERP57th_nexa\hr\circumstance\hr_HolidayManagementForm.xfdl" line="3"/>
    </location>
  </item>
  <item level="INFO">
    <message><![CDATA['left' of 'Form' is removed property]]></message>
    <location type="input">
      <context type="file" name="C:\Users\seunghyeon_seoul\Desktop\원장님노트북\57기 Nexacro\ERP57th\hr\circumstance\hr_HolidayManagementForm.xfdl" line="4"/>
    </location>
    <location type="output">
      <context type="file" name="C:\Users\seunghyeon_seoul\Documents\nexacro\17\projects\ERP57th_nexa\hr\circumstance\hr_HolidayManagementForm.xfdl" line="3"/>
    </location>
  </item>
  <item level="INFO">
    <message><![CDATA['top' of 'Form' is removed property]]></message>
    <location type="input">
      <context type="file" name="C:\Users\seunghyeon_seoul\Desktop\원장님노트북\57기 Nexacro\ERP57th\hr\circumstance\hr_HolidayManagementForm.xfdl" line="4"/>
    </location>
    <location type="output">
      <context type="file" name="C:\Users\seunghyeon_seoul\Documents\nexacro\17\projects\ERP57th_nexa\hr\circumstance\hr_HolidayManagementForm.xfdl" line="3"/>
    </location>
  </item>
  <item level="WARN">
    <message><![CDATA['align' of 'Calendar' is removed property]]></message>
    <location type="input">
      <context type="file" name="C:\Users\seunghyeon_seoul\Desktop\원장님노트북\57기 Nexacro\ERP57th\hr\circumstance\hr_HolidayManagementForm.xfdl" line="7"/>
    </location>
    <location type="output">
      <context type="file" name="C:\Users\seunghyeon_seoul\Documents\nexacro\17\projects\ERP57th_nexa\hr\circumstance\hr_HolidayManagementForm.xfdl" line="6"/>
    </location>
  </item>
  <item level="INFO">
    <message><![CDATA['style' of 'Calendar' is removed property]]></message>
    <location type="input">
      <context type="file" name="C:\Users\seunghyeon_seoul\Desktop\원장님노트북\57기 Nexacro\ERP57th\hr\circumstance\hr_HolidayManagementForm.xfdl" line="7"/>
    </location>
    <location type="output">
      <context type="file" name="C:\Users\seunghyeon_seoul\Documents\nexacro\17\projects\ERP57th_nexa\hr\circumstance\hr_HolidayManagementForm.xfdl" line="6"/>
    </location>
  </item>
  <item level="WARN">
    <message><![CDATA['align' of 'Calendar' is removed property]]></message>
    <location type="input">
      <context type="file" name="C:\Users\seunghyeon_seoul\Desktop\원장님노트북\57기 Nexacro\ERP57th\hr\circumstance\hr_HolidayManagementForm.xfdl" line="9"/>
    </location>
    <location type="output">
      <context type="file" name="C:\Users\seunghyeon_seoul\Documents\nexacro\17\projects\ERP57th_nexa\hr\circumstance\hr_HolidayManagementForm.xfdl" line="8"/>
    </location>
  </item>
  <item level="INFO">
    <message><![CDATA['style' of 'Calendar' is removed property]]></message>
    <location type="input">
      <context type="file" name="C:\Users\seunghyeon_seoul\Desktop\원장님노트북\57기 Nexacro\ERP57th\hr\circumstance\hr_HolidayManagementForm.xfdl" line="9"/>
    </location>
    <location type="output">
      <context type="file" name="C:\Users\seunghyeon_seoul\Documents\nexacro\17\projects\ERP57th_nexa\hr\circumstance\hr_HolidayManagementForm.xfdl" line="8"/>
    </location>
  </item>
  <item level="WARN">
    <message><![CDATA['useinputpanel' of 'Grid' is unknown property]]></message>
    <location type="input">
      <context type="file" name="C:\Users\seunghyeon_seoul\Desktop\원장님노트북\57기 Nexacro\ERP57th\hr\circumstance\hr_HolidayManagementForm.xfdl" line="11"/>
    </location>
    <location type="output">
      <context type="file" name="C:\Users\seunghyeon_seoul\Documents\nexacro\17\projects\ERP57th_nexa\hr\circumstance\hr_HolidayManagementForm.xfdl" line="10"/>
    </location>
  </item>
  <item level="INFO">
    <message><![CDATA[converted from 'align:center middle' to 'textAlign=center']]></message>
    <location type="input">
      <context type="file" name="C:\Users\seunghyeon_seoul\Desktop\원장님노트북\57기 Nexacro\ERP57th\hr\circumstance\hr_HolidayManagementForm.xfdl" line="50"/>
    </location>
    <location type="output">
      <context type="file" name="C:\Users\seunghyeon_seoul\Documents\nexacro\17\projects\ERP57th_nexa\hr\circumstance\hr_HolidayManagementForm.xfdl" line="49"/>
    </location>
  </item>
  <item level="INFO">
    <message><![CDATA['style' of 'Edit' is removed property]]></message>
    <location type="input">
      <context type="file" name="C:\Users\seunghyeon_seoul\Desktop\원장님노트북\57기 Nexacro\ERP57th\hr\circumstance\hr_HolidayManagementForm.xfdl" line="50"/>
    </location>
    <location type="output">
      <context type="file" name="C:\Users\seunghyeon_seoul\Documents\nexacro\17\projects\ERP57th_nexa\hr\circumstance\hr_HolidayManagementForm.xfdl" line="49"/>
    </location>
  </item>
  <item level="INFO">
    <message><![CDATA[converted from 'align:center middle' to 'textAlign=center']]></message>
    <location type="input">
      <context type="file" name="C:\Users\seunghyeon_seoul\Desktop\원장님노트북\57기 Nexacro\ERP57th\hr\circumstance\hr_HolidayManagementForm.xfdl" line="69"/>
    </location>
    <location type="output">
      <context type="file" name="C:\Users\seunghyeon_seoul\Documents\nexacro\17\projects\ERP57th_nexa\hr\circumstance\hr_HolidayManagementForm.xfdl" line="68"/>
    </location>
  </item>
  <item level="INFO">
    <message><![CDATA['style' of 'Edit' is removed property]]></message>
    <location type="input">
      <context type="file" name="C:\Users\seunghyeon_seoul\Desktop\원장님노트북\57기 Nexacro\ERP57th\hr\circumstance\hr_HolidayManagementForm.xfdl" line="69"/>
    </location>
    <location type="output">
      <context type="file" name="C:\Users\seunghyeon_seoul\Documents\nexacro\17\projects\ERP57th_nexa\hr\circumstance\hr_HolidayManagementForm.xfdl" line="68"/>
    </location>
  </item>
  <item level="WARN">
    <message><![CDATA['useinputpanel' of 'Grid' is unknown property]]></message>
    <location type="input">
      <context type="file" name="C:\Users\seunghyeon_seoul\Desktop\원장님노트북\57기 Nexacro\ERP57th\hr\circumstance\hr_HolidayManagementForm.xfdl" line="70"/>
    </location>
    <location type="output">
      <context type="file" name="C:\Users\seunghyeon_seoul\Documents\nexacro\17\projects\ERP57th_nexa\hr\circumstance\hr_HolidayManagementForm.xfdl" line="69"/>
    </location>
  </item>
  <item level="WARN">
    <message><![CDATA['align' of 'Spin' is removed property]]></message>
    <location type="input">
      <context type="file" name="C:\Users\seunghyeon_seoul\Desktop\원장님노트북\57기 Nexacro\ERP57th\hr\circumstance\hr_HolidayManagementForm.xfdl" line="158"/>
    </location>
    <location type="output">
      <context type="file" name="C:\Users\seunghyeon_seoul\Documents\nexacro\17\projects\ERP57th_nexa\hr\circumstance\hr_HolidayManagementForm.xfdl" line="157"/>
    </location>
  </item>
  <item level="INFO">
    <message><![CDATA[converted from 'font:11 함초롬돋움,돋움' to 'font=11pt 함초롬돋움,돋움']]></message>
    <location type="input">
      <context type="file" name="C:\Users\seunghyeon_seoul\Desktop\원장님노트북\57기 Nexacro\ERP57th\hr\circumstance\hr_HolidayManagementForm.xfdl" line="158"/>
    </location>
    <location type="output">
      <context type="file" name="C:\Users\seunghyeon_seoul\Documents\nexacro\17\projects\ERP57th_nexa\hr\circumstance\hr_HolidayManagementForm.xfdl" line="157"/>
    </location>
  </item>
  <item level="INFO">
    <message><![CDATA['style' of 'Spin' is removed property]]></message>
    <location type="input">
      <context type="file" name="C:\Users\seunghyeon_seoul\Desktop\원장님노트북\57기 Nexacro\ERP57th\hr\circumstance\hr_HolidayManagementForm.xfdl" line="158"/>
    </location>
    <location type="output">
      <context type="file" name="C:\Users\seunghyeon_seoul\Documents\nexacro\17\projects\ERP57th_nexa\hr\circumstance\hr_HolidayManagementForm.xfdl" line="157"/>
    </location>
  </item>
  <item level="WARN">
    <message><![CDATA['align' of 'Calendar' is removed property]]></message>
    <location type="input">
      <context type="file" name="C:\Users\seunghyeon_seoul\Desktop\원장님노트북\57기 Nexacro\ERP57th\hr\circumstance\hr_HolidayManagementForm.xfdl" line="161"/>
    </location>
    <location type="output">
      <context type="file" name="C:\Users\seunghyeon_seoul\Documents\nexacro\17\projects\ERP57th_nexa\hr\circumstance\hr_HolidayManagementForm.xfdl" line="160"/>
    </location>
  </item>
  <item level="INFO">
    <message><![CDATA['style' of 'Calendar' is removed property]]></message>
    <location type="input">
      <context type="file" name="C:\Users\seunghyeon_seoul\Desktop\원장님노트북\57기 Nexacro\ERP57th\hr\circumstance\hr_HolidayManagementForm.xfdl" line="161"/>
    </location>
    <location type="output">
      <context type="file" name="C:\Users\seunghyeon_seoul\Documents\nexacro\17\projects\ERP57th_nexa\hr\circumstance\hr_HolidayManagementForm.xfdl" line="160"/>
    </location>
  </item>
  <item level="INFO">
    <message><![CDATA['position' of 'Calendar' is removed property]]></message>
    <location type="input">
      <context type="file" name="C:\Users\seunghyeon_seoul\Desktop\원장님노트북\57기 Nexacro\ERP57th\hr\circumstance\hr_HolidayManagementForm.xfdl" line="161"/>
    </location>
    <location type="output">
      <context type="file" name="C:\Users\seunghyeon_seoul\Documents\nexacro\17\projects\ERP57th_nexa\hr\circumstance\hr_HolidayManagementForm.xfdl" line="160"/>
    </location>
  </item>
  <item level="INFO">
    <message><![CDATA[converted from 'border:3 solid darkgray' to 'border=3px solid darkgray']]></message>
    <location type="input">
      <context type="file" name="C:\Users\seunghyeon_seoul\Desktop\원장님노트북\57기 Nexacro\ERP57th\hr\circumstance\hr_HolidayManagementForm.xfdl" line="162"/>
    </location>
    <location type="output">
      <context type="file" name="C:\Users\seunghyeon_seoul\Documents\nexacro\17\projects\ERP57th_nexa\hr\circumstance\hr_HolidayManagementForm.xfdl" line="161"/>
    </location>
  </item>
  <item level="INFO">
    <message><![CDATA[converted from 'font:bold 16 함초롬돋움,돋움' to 'font=bold 16pt 함초롬돋움,돋움']]></message>
    <location type="input">
      <context type="file" name="C:\Users\seunghyeon_seoul\Desktop\원장님노트북\57기 Nexacro\ERP57th\hr\circumstance\hr_HolidayManagementForm.xfdl" line="162"/>
    </location>
    <location type="output">
      <context type="file" name="C:\Users\seunghyeon_seoul\Documents\nexacro\17\projects\ERP57th_nexa\hr\circumstance\hr_HolidayManagementForm.xfdl" line="161"/>
    </location>
  </item>
  <item level="INFO">
    <message><![CDATA['style' of 'Static' is removed property]]></message>
    <location type="input">
      <context type="file" name="C:\Users\seunghyeon_seoul\Desktop\원장님노트북\57기 Nexacro\ERP57th\hr\circumstance\hr_HolidayManagementForm.xfdl" line="162"/>
    </location>
    <location type="output">
      <context type="file" name="C:\Users\seunghyeon_seoul\Documents\nexacro\17\projects\ERP57th_nexa\hr\circumstance\hr_HolidayManagementForm.xfdl" line="161"/>
    </location>
  </item>
  <item level="INFO">
    <message><![CDATA[converted from 'background:cornsilk' to 'background=cornsilk']]></message>
    <location type="input">
      <context type="file" name="C:\Users\seunghyeon_seoul\Desktop\원장님노트북\57기 Nexacro\ERP57th\hr\circumstance\hr_HolidayManagementForm.xfdl" line="163"/>
    </location>
    <location type="output">
      <context type="file" name="C:\Users\seunghyeon_seoul\Documents\nexacro\17\projects\ERP57th_nexa\hr\circumstance\hr_HolidayManagementForm.xfdl" line="162"/>
    </location>
  </item>
  <item level="INFO">
    <message><![CDATA[converted from 'color:#ff0000ff' to 'color=rgba(255,0,0,1)']]></message>
    <location type="input">
      <context type="file" name="C:\Users\seunghyeon_seoul\Desktop\원장님노트북\57기 Nexacro\ERP57th\hr\circumstance\hr_HolidayManagementForm.xfdl" line="163"/>
    </location>
    <location type="output">
      <context type="file" name="C:\Users\seunghyeon_seoul\Documents\nexacro\17\projects\ERP57th_nexa\hr\circumstance\hr_HolidayManagementForm.xfdl" line="162"/>
    </location>
  </item>
  <item level="INFO">
    <message><![CDATA['style' of 'Static' is removed property]]></message>
    <location type="input">
      <context type="file" name="C:\Users\seunghyeon_seoul\Desktop\원장님노트북\57기 Nexacro\ERP57th\hr\circumstance\hr_HolidayManagementForm.xfdl" line="163"/>
    </location>
    <location type="output">
      <context type="file" name="C:\Users\seunghyeon_seoul\Documents\nexacro\17\projects\ERP57th_nexa\hr\circumstance\hr_HolidayManagementForm.xfdl" line="162"/>
    </location>
  </item>
  <item level="INFO">
    <message><![CDATA[converted from 'application' to 'nexacro.getApplication()']]></message>
    <location type="input">
      <context type="file" name="C:\Users\seunghyeon_seoul\Desktop\원장님노트북\57기 Nexacro\ERP57th\hr\circumstance\hr_HolidayManagementForm.xfdl" line="187">
        <context type="script" name="" line="10"/>
      </context>
    </location>
    <location type="output">
      <context type="file" name="C:\Users\seunghyeon_seoul\Documents\nexacro\17\projects\ERP57th_nexa\hr\circumstance\hr_HolidayManagementForm.xfdl" line="186">
        <context type="script" name="" line="10"/>
      </context>
    </location>
  </item>
  <item level="INFO">
    <message><![CDATA[converted from 'application' to 'nexacro.getApplication()']]></message>
    <location type="input">
      <context type="file" name="C:\Users\seunghyeon_seoul\Desktop\원장님노트북\57기 Nexacro\ERP57th\hr\circumstance\hr_HolidayManagementForm.xfdl" line="187">
        <context type="script" name="" line="11"/>
      </context>
    </location>
    <location type="output">
      <context type="file" name="C:\Users\seunghyeon_seoul\Documents\nexacro\17\projects\ERP57th_nexa\hr\circumstance\hr_HolidayManagementForm.xfdl" line="186">
        <context type="script" name="" line="11"/>
      </context>
    </location>
  </item>
  <item level="INFO">
    <message><![CDATA[converted from 'application' to 'nexacro.getApplication()']]></message>
    <location type="input">
      <context type="file" name="C:\Users\seunghyeon_seoul\Desktop\원장님노트북\57기 Nexacro\ERP57th\hr\circumstance\hr_HolidayManagementForm.xfdl" line="187">
        <context type="script" name="" line="12"/>
      </context>
    </location>
    <location type="output">
      <context type="file" name="C:\Users\seunghyeon_seoul\Documents\nexacro\17\projects\ERP57th_nexa\hr\circumstance\hr_HolidayManagementForm.xfdl" line="186">
        <context type="script" name="" line="12"/>
      </context>
    </location>
  </item>
</migration>
