<?xml version="1.0" encoding="utf-8"?>
<migration version="1.0" category="C:\Users\seunghyeon_seoul\Desktop\원장님노트북\57기 Nexacro\ERP57th\hr\circumstance\hr_SalPaymentDateForm.xfdl">
  <item level="INFO">
    <message><![CDATA['<TypeDefinition>' tag is removed]]></message>
    <location type="input">
      <context type="file" name="C:\Users\seunghyeon_seoul\Desktop\원장님노트북\57기 Nexacro\ERP57th\hr\circumstance\hr_SalPaymentDateForm.xfdl" line="3"/>
    </location>
    <location type="output">
      <context type="file" name="C:\Users\seunghyeon_seoul\Documents\nexacro\17\projects\ERP57th_nexa\hr\circumstance\hr_SalPaymentDateForm.xfdl" line="3"/>
    </location>
  </item>
  <item level="INFO">
    <message><![CDATA['left' of 'Form' is removed property]]></message>
    <location type="input">
      <context type="file" name="C:\Users\seunghyeon_seoul\Desktop\원장님노트북\57기 Nexacro\ERP57th\hr\circumstance\hr_SalPaymentDateForm.xfdl" line="4"/>
    </location>
    <location type="output">
      <context type="file" name="C:\Users\seunghyeon_seoul\Documents\nexacro\17\projects\ERP57th_nexa\hr\circumstance\hr_SalPaymentDateForm.xfdl" line="3"/>
    </location>
  </item>
  <item level="INFO">
    <message><![CDATA['top' of 'Form' is removed property]]></message>
    <location type="input">
      <context type="file" name="C:\Users\seunghyeon_seoul\Desktop\원장님노트북\57기 Nexacro\ERP57th\hr\circumstance\hr_SalPaymentDateForm.xfdl" line="4"/>
    </location>
    <location type="output">
      <context type="file" name="C:\Users\seunghyeon_seoul\Documents\nexacro\17\projects\ERP57th_nexa\hr\circumstance\hr_SalPaymentDateForm.xfdl" line="3"/>
    </location>
  </item>
  <item level="INFO">
    <message><![CDATA[converted from 'border:3 solid darkgray' to 'border=3px solid darkgray']]></message>
    <location type="input">
      <context type="file" name="C:\Users\seunghyeon_seoul\Desktop\원장님노트북\57기 Nexacro\ERP57th\hr\circumstance\hr_SalPaymentDateForm.xfdl" line="7"/>
    </location>
    <location type="output">
      <context type="file" name="C:\Users\seunghyeon_seoul\Documents\nexacro\17\projects\ERP57th_nexa\hr\circumstance\hr_SalPaymentDateForm.xfdl" line="6"/>
    </location>
  </item>
  <item level="INFO">
    <message><![CDATA[converted from 'font:bold 16 함초롬돋움,돋움' to 'font=bold 16pt 함초롬돋움,돋움']]></message>
    <location type="input">
      <context type="file" name="C:\Users\seunghyeon_seoul\Desktop\원장님노트북\57기 Nexacro\ERP57th\hr\circumstance\hr_SalPaymentDateForm.xfdl" line="7"/>
    </location>
    <location type="output">
      <context type="file" name="C:\Users\seunghyeon_seoul\Documents\nexacro\17\projects\ERP57th_nexa\hr\circumstance\hr_SalPaymentDateForm.xfdl" line="6"/>
    </location>
  </item>
  <item level="INFO">
    <message><![CDATA['style' of 'Static' is removed property]]></message>
    <location type="input">
      <context type="file" name="C:\Users\seunghyeon_seoul\Desktop\원장님노트북\57기 Nexacro\ERP57th\hr\circumstance\hr_SalPaymentDateForm.xfdl" line="7"/>
    </location>
    <location type="output">
      <context type="file" name="C:\Users\seunghyeon_seoul\Documents\nexacro\17\projects\ERP57th_nexa\hr\circumstance\hr_SalPaymentDateForm.xfdl" line="6"/>
    </location>
  </item>
  <item level="INFO">
    <message><![CDATA[converted from 'color:white' to 'color=white']]></message>
    <location type="input">
      <context type="file" name="C:\Users\seunghyeon_seoul\Desktop\원장님노트북\57기 Nexacro\ERP57th\hr\circumstance\hr_SalPaymentDateForm.xfdl" line="8"/>
    </location>
    <location type="output">
      <context type="file" name="C:\Users\seunghyeon_seoul\Documents\nexacro\17\projects\ERP57th_nexa\hr\circumstance\hr_SalPaymentDateForm.xfdl" line="7"/>
    </location>
  </item>
  <item level="INFO">
    <message><![CDATA[converted from 'font:bold 11 함초롬돋움' to 'font=bold 11pt 함초롬돋움']]></message>
    <location type="input">
      <context type="file" name="C:\Users\seunghyeon_seoul\Desktop\원장님노트북\57기 Nexacro\ERP57th\hr\circumstance\hr_SalPaymentDateForm.xfdl" line="8"/>
    </location>
    <location type="output">
      <context type="file" name="C:\Users\seunghyeon_seoul\Documents\nexacro\17\projects\ERP57th_nexa\hr\circumstance\hr_SalPaymentDateForm.xfdl" line="7"/>
    </location>
  </item>
  <item level="INFO">
    <message><![CDATA['style' of 'Button' is removed property]]></message>
    <location type="input">
      <context type="file" name="C:\Users\seunghyeon_seoul\Desktop\원장님노트북\57기 Nexacro\ERP57th\hr\circumstance\hr_SalPaymentDateForm.xfdl" line="8"/>
    </location>
    <location type="output">
      <context type="file" name="C:\Users\seunghyeon_seoul\Documents\nexacro\17\projects\ERP57th_nexa\hr\circumstance\hr_SalPaymentDateForm.xfdl" line="7"/>
    </location>
  </item>
  <item level="WARN">
    <message><![CDATA['useinputpanel' of 'Grid' is unknown property]]></message>
    <location type="input">
      <context type="file" name="C:\Users\seunghyeon_seoul\Desktop\원장님노트북\57기 Nexacro\ERP57th\hr\circumstance\hr_SalPaymentDateForm.xfdl" line="9"/>
    </location>
    <location type="output">
      <context type="file" name="C:\Users\seunghyeon_seoul\Documents\nexacro\17\projects\ERP57th_nexa\hr\circumstance\hr_SalPaymentDateForm.xfdl" line="8"/>
    </location>
  </item>
  <item level="INFO">
    <message><![CDATA[converted from 'color:white' to 'color=white']]></message>
    <location type="input">
      <context type="file" name="C:\Users\seunghyeon_seoul\Desktop\원장님노트북\57기 Nexacro\ERP57th\hr\circumstance\hr_SalPaymentDateForm.xfdl" line="46"/>
    </location>
    <location type="output">
      <context type="file" name="C:\Users\seunghyeon_seoul\Documents\nexacro\17\projects\ERP57th_nexa\hr\circumstance\hr_SalPaymentDateForm.xfdl" line="45"/>
    </location>
  </item>
  <item level="INFO">
    <message><![CDATA[converted from 'font:bold 11 함초롬돋움' to 'font=bold 11pt 함초롬돋움']]></message>
    <location type="input">
      <context type="file" name="C:\Users\seunghyeon_seoul\Desktop\원장님노트북\57기 Nexacro\ERP57th\hr\circumstance\hr_SalPaymentDateForm.xfdl" line="46"/>
    </location>
    <location type="output">
      <context type="file" name="C:\Users\seunghyeon_seoul\Documents\nexacro\17\projects\ERP57th_nexa\hr\circumstance\hr_SalPaymentDateForm.xfdl" line="45"/>
    </location>
  </item>
  <item level="INFO">
    <message><![CDATA['style' of 'Button' is removed property]]></message>
    <location type="input">
      <context type="file" name="C:\Users\seunghyeon_seoul\Desktop\원장님노트북\57기 Nexacro\ERP57th\hr\circumstance\hr_SalPaymentDateForm.xfdl" line="46"/>
    </location>
    <location type="output">
      <context type="file" name="C:\Users\seunghyeon_seoul\Documents\nexacro\17\projects\ERP57th_nexa\hr\circumstance\hr_SalPaymentDateForm.xfdl" line="45"/>
    </location>
  </item>
  <item level="INFO">
    <message><![CDATA[converted from 'color:white' to 'color=white']]></message>
    <location type="input">
      <context type="file" name="C:\Users\seunghyeon_seoul\Desktop\원장님노트북\57기 Nexacro\ERP57th\hr\circumstance\hr_SalPaymentDateForm.xfdl" line="47"/>
    </location>
    <location type="output">
      <context type="file" name="C:\Users\seunghyeon_seoul\Documents\nexacro\17\projects\ERP57th_nexa\hr\circumstance\hr_SalPaymentDateForm.xfdl" line="46"/>
    </location>
  </item>
  <item level="INFO">
    <message><![CDATA[converted from 'font:bold 11 함초롬돋움' to 'font=bold 11pt 함초롬돋움']]></message>
    <location type="input">
      <context type="file" name="C:\Users\seunghyeon_seoul\Desktop\원장님노트북\57기 Nexacro\ERP57th\hr\circumstance\hr_SalPaymentDateForm.xfdl" line="47"/>
    </location>
    <location type="output">
      <context type="file" name="C:\Users\seunghyeon_seoul\Documents\nexacro\17\projects\ERP57th_nexa\hr\circumstance\hr_SalPaymentDateForm.xfdl" line="46"/>
    </location>
  </item>
  <item level="INFO">
    <message><![CDATA['style' of 'Button' is removed property]]></message>
    <location type="input">
      <context type="file" name="C:\Users\seunghyeon_seoul\Desktop\원장님노트북\57기 Nexacro\ERP57th\hr\circumstance\hr_SalPaymentDateForm.xfdl" line="47"/>
    </location>
    <location type="output">
      <context type="file" name="C:\Users\seunghyeon_seoul\Documents\nexacro\17\projects\ERP57th_nexa\hr\circumstance\hr_SalPaymentDateForm.xfdl" line="46"/>
    </location>
  </item>
  <item level="INFO">
    <message><![CDATA[converted from 'color:white' to 'color=white']]></message>
    <location type="input">
      <context type="file" name="C:\Users\seunghyeon_seoul\Desktop\원장님노트북\57기 Nexacro\ERP57th\hr\circumstance\hr_SalPaymentDateForm.xfdl" line="48"/>
    </location>
    <location type="output">
      <context type="file" name="C:\Users\seunghyeon_seoul\Documents\nexacro\17\projects\ERP57th_nexa\hr\circumstance\hr_SalPaymentDateForm.xfdl" line="47"/>
    </location>
  </item>
  <item level="INFO">
    <message><![CDATA[converted from 'font:bold 11 함초롬돋움' to 'font=bold 11pt 함초롬돋움']]></message>
    <location type="input">
      <context type="file" name="C:\Users\seunghyeon_seoul\Desktop\원장님노트북\57기 Nexacro\ERP57th\hr\circumstance\hr_SalPaymentDateForm.xfdl" line="48"/>
    </location>
    <location type="output">
      <context type="file" name="C:\Users\seunghyeon_seoul\Documents\nexacro\17\projects\ERP57th_nexa\hr\circumstance\hr_SalPaymentDateForm.xfdl" line="47"/>
    </location>
  </item>
  <item level="INFO">
    <message><![CDATA['style' of 'Button' is removed property]]></message>
    <location type="input">
      <context type="file" name="C:\Users\seunghyeon_seoul\Desktop\원장님노트북\57기 Nexacro\ERP57th\hr\circumstance\hr_SalPaymentDateForm.xfdl" line="48"/>
    </location>
    <location type="output">
      <context type="file" name="C:\Users\seunghyeon_seoul\Documents\nexacro\17\projects\ERP57th_nexa\hr\circumstance\hr_SalPaymentDateForm.xfdl" line="47"/>
    </location>
  </item>
  <item level="WARN">
    <message><![CDATA['firenextcount' of 'Dataset' is unknown property]]></message>
    <location type="input">
      <context type="file" name="C:\Users\seunghyeon_seoul\Desktop\원장님노트북\57기 Nexacro\ERP57th\hr\circumstance\hr_SalPaymentDateForm.xfdl" line="161"/>
    </location>
    <location type="output">
      <context type="file" name="C:\Users\seunghyeon_seoul\Documents\nexacro\17\projects\ERP57th_nexa\hr\circumstance\hr_SalPaymentDateForm.xfdl" line="160"/>
    </location>
  </item>
  <item level="WARN">
    <message><![CDATA['firenextcount' of 'Dataset' is unknown property]]></message>
    <location type="input">
      <context type="file" name="C:\Users\seunghyeon_seoul\Desktop\원장님노트북\57기 Nexacro\ERP57th\hr\circumstance\hr_SalPaymentDateForm.xfdl" line="167"/>
    </location>
    <location type="output">
      <context type="file" name="C:\Users\seunghyeon_seoul\Documents\nexacro\17\projects\ERP57th_nexa\hr\circumstance\hr_SalPaymentDateForm.xfdl" line="166"/>
    </location>
  </item>
  <item level="WARN">
    <message><![CDATA['firenextcount' of 'Dataset' is unknown property]]></message>
    <location type="input">
      <context type="file" name="C:\Users\seunghyeon_seoul\Desktop\원장님노트북\57기 Nexacro\ERP57th\hr\circumstance\hr_SalPaymentDateForm.xfdl" line="173"/>
    </location>
    <location type="output">
      <context type="file" name="C:\Users\seunghyeon_seoul\Documents\nexacro\17\projects\ERP57th_nexa\hr\circumstance\hr_SalPaymentDateForm.xfdl" line="172"/>
    </location>
  </item>
  <item level="WARN">
    <message><![CDATA['firenextcount' of 'Dataset' is unknown property]]></message>
    <location type="input">
      <context type="file" name="C:\Users\seunghyeon_seoul\Desktop\원장님노트북\57기 Nexacro\ERP57th\hr\circumstance\hr_SalPaymentDateForm.xfdl" line="179"/>
    </location>
    <location type="output">
      <context type="file" name="C:\Users\seunghyeon_seoul\Documents\nexacro\17\projects\ERP57th_nexa\hr\circumstance\hr_SalPaymentDateForm.xfdl" line="178"/>
    </location>
  </item>
  <item level="INFO">
    <message><![CDATA[converted from 'application' to 'nexacro.getApplication()']]></message>
    <location type="input">
      <context type="file" name="C:\Users\seunghyeon_seoul\Desktop\원장님노트북\57기 Nexacro\ERP57th\hr\circumstance\hr_SalPaymentDateForm.xfdl" line="186">
        <context type="script" name="" line="33"/>
      </context>
    </location>
    <location type="output">
      <context type="file" name="C:\Users\seunghyeon_seoul\Documents\nexacro\17\projects\ERP57th_nexa\hr\circumstance\hr_SalPaymentDateForm.xfdl" line="185">
        <context type="script" name="" line="33"/>
      </context>
    </location>
  </item>
  <item level="INFO">
    <message><![CDATA[converted from 'application' to 'nexacro.getApplication()']]></message>
    <location type="input">
      <context type="file" name="C:\Users\seunghyeon_seoul\Desktop\원장님노트북\57기 Nexacro\ERP57th\hr\circumstance\hr_SalPaymentDateForm.xfdl" line="186">
        <context type="script" name="" line="35"/>
      </context>
    </location>
    <location type="output">
      <context type="file" name="C:\Users\seunghyeon_seoul\Documents\nexacro\17\projects\ERP57th_nexa\hr\circumstance\hr_SalPaymentDateForm.xfdl" line="185">
        <context type="script" name="" line="35"/>
      </context>
    </location>
  </item>
  <item level="INFO">
    <message><![CDATA[converted from 'application' to 'nexacro.getApplication()']]></message>
    <location type="input">
      <context type="file" name="C:\Users\seunghyeon_seoul\Desktop\원장님노트북\57기 Nexacro\ERP57th\hr\circumstance\hr_SalPaymentDateForm.xfdl" line="186">
        <context type="script" name="" line="36"/>
      </context>
    </location>
    <location type="output">
      <context type="file" name="C:\Users\seunghyeon_seoul\Documents\nexacro\17\projects\ERP57th_nexa\hr\circumstance\hr_SalPaymentDateForm.xfdl" line="185">
        <context type="script" name="" line="36"/>
      </context>
    </location>
  </item>
  <item level="INFO">
    <message><![CDATA[converted from 'application' to 'nexacro.getApplication()']]></message>
    <location type="input">
      <context type="file" name="C:\Users\seunghyeon_seoul\Desktop\원장님노트북\57기 Nexacro\ERP57th\hr\circumstance\hr_SalPaymentDateForm.xfdl" line="186">
        <context type="script" name="" line="38"/>
      </context>
    </location>
    <location type="output">
      <context type="file" name="C:\Users\seunghyeon_seoul\Documents\nexacro\17\projects\ERP57th_nexa\hr\circumstance\hr_SalPaymentDateForm.xfdl" line="185">
        <context type="script" name="" line="38"/>
      </context>
    </location>
  </item>
  <item level="INFO">
    <message><![CDATA[converted from 'application' to 'nexacro.getApplication()']]></message>
    <location type="input">
      <context type="file" name="C:\Users\seunghyeon_seoul\Desktop\원장님노트북\57기 Nexacro\ERP57th\hr\circumstance\hr_SalPaymentDateForm.xfdl" line="186">
        <context type="script" name="" line="39"/>
      </context>
    </location>
    <location type="output">
      <context type="file" name="C:\Users\seunghyeon_seoul\Documents\nexacro\17\projects\ERP57th_nexa\hr\circumstance\hr_SalPaymentDateForm.xfdl" line="185">
        <context type="script" name="" line="39"/>
      </context>
    </location>
  </item>
  <item level="INFO">
    <message><![CDATA[converted from 'application' to 'nexacro.getApplication()']]></message>
    <location type="input">
      <context type="file" name="C:\Users\seunghyeon_seoul\Desktop\원장님노트북\57기 Nexacro\ERP57th\hr\circumstance\hr_SalPaymentDateForm.xfdl" line="186">
        <context type="script" name="" line="40"/>
      </context>
    </location>
    <location type="output">
      <context type="file" name="C:\Users\seunghyeon_seoul\Documents\nexacro\17\projects\ERP57th_nexa\hr\circumstance\hr_SalPaymentDateForm.xfdl" line="185">
        <context type="script" name="" line="40"/>
      </context>
    </location>
  </item>
  <item level="INFO">
    <message><![CDATA[converted from 'application' to 'nexacro.getApplication()']]></message>
    <location type="input">
      <context type="file" name="C:\Users\seunghyeon_seoul\Desktop\원장님노트북\57기 Nexacro\ERP57th\hr\circumstance\hr_SalPaymentDateForm.xfdl" line="186">
        <context type="script" name="" line="42"/>
      </context>
    </location>
    <location type="output">
      <context type="file" name="C:\Users\seunghyeon_seoul\Documents\nexacro\17\projects\ERP57th_nexa\hr\circumstance\hr_SalPaymentDateForm.xfdl" line="185">
        <context type="script" name="" line="42"/>
      </context>
    </location>
  </item>
  <item level="INFO">
    <message><![CDATA[converted from 'application' to 'nexacro.getApplication()']]></message>
    <location type="input">
      <context type="file" name="C:\Users\seunghyeon_seoul\Desktop\원장님노트북\57기 Nexacro\ERP57th\hr\circumstance\hr_SalPaymentDateForm.xfdl" line="186">
        <context type="script" name="" line="43"/>
      </context>
    </location>
    <location type="output">
      <context type="file" name="C:\Users\seunghyeon_seoul\Documents\nexacro\17\projects\ERP57th_nexa\hr\circumstance\hr_SalPaymentDateForm.xfdl" line="185">
        <context type="script" name="" line="43"/>
      </context>
    </location>
  </item>
  <item level="INFO">
    <message><![CDATA[converted from 'application' to 'nexacro.getApplication()']]></message>
    <location type="input">
      <context type="file" name="C:\Users\seunghyeon_seoul\Desktop\원장님노트북\57기 Nexacro\ERP57th\hr\circumstance\hr_SalPaymentDateForm.xfdl" line="186">
        <context type="script" name="" line="44"/>
      </context>
    </location>
    <location type="output">
      <context type="file" name="C:\Users\seunghyeon_seoul\Documents\nexacro\17\projects\ERP57th_nexa\hr\circumstance\hr_SalPaymentDateForm.xfdl" line="185">
        <context type="script" name="" line="44"/>
      </context>
    </location>
  </item>
  <item level="INFO">
    <message><![CDATA[converted from 'application' to 'nexacro.getApplication()']]></message>
    <location type="input">
      <context type="file" name="C:\Users\seunghyeon_seoul\Desktop\원장님노트북\57기 Nexacro\ERP57th\hr\circumstance\hr_SalPaymentDateForm.xfdl" line="186">
        <context type="script" name="" line="48"/>
      </context>
    </location>
    <location type="output">
      <context type="file" name="C:\Users\seunghyeon_seoul\Documents\nexacro\17\projects\ERP57th_nexa\hr\circumstance\hr_SalPaymentDateForm.xfdl" line="185">
        <context type="script" name="" line="48"/>
      </context>
    </location>
  </item>
  <item level="INFO">
    <message><![CDATA[converted from 'application' to 'nexacro.getApplication()']]></message>
    <location type="input">
      <context type="file" name="C:\Users\seunghyeon_seoul\Desktop\원장님노트북\57기 Nexacro\ERP57th\hr\circumstance\hr_SalPaymentDateForm.xfdl" line="186">
        <context type="script" name="" line="49"/>
      </context>
    </location>
    <location type="output">
      <context type="file" name="C:\Users\seunghyeon_seoul\Documents\nexacro\17\projects\ERP57th_nexa\hr\circumstance\hr_SalPaymentDateForm.xfdl" line="185">
        <context type="script" name="" line="49"/>
      </context>
    </location>
  </item>
  <item level="INFO">
    <message><![CDATA[converted from 'application' to 'nexacro.getApplication()']]></message>
    <location type="input">
      <context type="file" name="C:\Users\seunghyeon_seoul\Desktop\원장님노트북\57기 Nexacro\ERP57th\hr\circumstance\hr_SalPaymentDateForm.xfdl" line="186">
        <context type="script" name="" line="50"/>
      </context>
    </location>
    <location type="output">
      <context type="file" name="C:\Users\seunghyeon_seoul\Documents\nexacro\17\projects\ERP57th_nexa\hr\circumstance\hr_SalPaymentDateForm.xfdl" line="185">
        <context type="script" name="" line="50"/>
      </context>
    </location>
  </item>
</migration>
