<?xml version="1.0" encoding="utf-8"?>
<migration version="1.0" category="C:\Users\seunghyeon_seoul\Desktop\원장님노트북\57기 Nexacro\ERP57th\hr\appointment\hr_AppointmentForm.xfdl">
  <item level="INFO">
    <message><![CDATA['<TypeDefinition>' tag is removed]]></message>
    <location type="input">
      <context type="file" name="C:\Users\seunghyeon_seoul\Desktop\원장님노트북\57기 Nexacro\ERP57th\hr\appointment\hr_AppointmentForm.xfdl" line="3"/>
    </location>
    <location type="output">
      <context type="file" name="C:\Users\seunghyeon_seoul\Documents\nexacro\17\projects\ERP57th_nexa\hr\appointment\hr_AppointmentForm.xfdl" line="3"/>
    </location>
  </item>
  <item level="INFO">
    <message><![CDATA['left' of 'Form' is removed property]]></message>
    <location type="input">
      <context type="file" name="C:\Users\seunghyeon_seoul\Desktop\원장님노트북\57기 Nexacro\ERP57th\hr\appointment\hr_AppointmentForm.xfdl" line="4"/>
    </location>
    <location type="output">
      <context type="file" name="C:\Users\seunghyeon_seoul\Documents\nexacro\17\projects\ERP57th_nexa\hr\appointment\hr_AppointmentForm.xfdl" line="3"/>
    </location>
  </item>
  <item level="INFO">
    <message><![CDATA['top' of 'Form' is removed property]]></message>
    <location type="input">
      <context type="file" name="C:\Users\seunghyeon_seoul\Desktop\원장님노트북\57기 Nexacro\ERP57th\hr\appointment\hr_AppointmentForm.xfdl" line="4"/>
    </location>
    <location type="output">
      <context type="file" name="C:\Users\seunghyeon_seoul\Documents\nexacro\17\projects\ERP57th_nexa\hr\appointment\hr_AppointmentForm.xfdl" line="3"/>
    </location>
  </item>
  <item level="INFO">
    <message><![CDATA[converted from 'border:3 solid darkgray' to 'border=3px solid darkgray']]></message>
    <location type="input">
      <context type="file" name="C:\Users\seunghyeon_seoul\Desktop\원장님노트북\57기 Nexacro\ERP57th\hr\appointment\hr_AppointmentForm.xfdl" line="7"/>
    </location>
    <location type="output">
      <context type="file" name="C:\Users\seunghyeon_seoul\Documents\nexacro\17\projects\ERP57th_nexa\hr\appointment\hr_AppointmentForm.xfdl" line="6"/>
    </location>
  </item>
  <item level="INFO">
    <message><![CDATA[converted from 'font:bold 16 함초롬돋움,돋움' to 'font=bold 16pt 함초롬돋움,돋움']]></message>
    <location type="input">
      <context type="file" name="C:\Users\seunghyeon_seoul\Desktop\원장님노트북\57기 Nexacro\ERP57th\hr\appointment\hr_AppointmentForm.xfdl" line="7"/>
    </location>
    <location type="output">
      <context type="file" name="C:\Users\seunghyeon_seoul\Documents\nexacro\17\projects\ERP57th_nexa\hr\appointment\hr_AppointmentForm.xfdl" line="6"/>
    </location>
  </item>
  <item level="INFO">
    <message><![CDATA['style' of 'Static' is removed property]]></message>
    <location type="input">
      <context type="file" name="C:\Users\seunghyeon_seoul\Desktop\원장님노트북\57기 Nexacro\ERP57th\hr\appointment\hr_AppointmentForm.xfdl" line="7"/>
    </location>
    <location type="output">
      <context type="file" name="C:\Users\seunghyeon_seoul\Documents\nexacro\17\projects\ERP57th_nexa\hr\appointment\hr_AppointmentForm.xfdl" line="6"/>
    </location>
  </item>
  <item level="WARN">
    <message><![CDATA['useinputpanel' of 'Grid' is unknown property]]></message>
    <location type="input">
      <context type="file" name="C:\Users\seunghyeon_seoul\Desktop\원장님노트북\57기 Nexacro\ERP57th\hr\appointment\hr_AppointmentForm.xfdl" line="8"/>
    </location>
    <location type="output">
      <context type="file" name="C:\Users\seunghyeon_seoul\Documents\nexacro\17\projects\ERP57th_nexa\hr\appointment\hr_AppointmentForm.xfdl" line="7"/>
    </location>
  </item>
  <item level="INFO">
    <message><![CDATA[converted from 'font:11 함초롬돋움,돋움' to 'font=11pt 함초롬돋움,돋움']]></message>
    <location type="input">
      <context type="file" name="C:\Users\seunghyeon_seoul\Desktop\원장님노트북\57기 Nexacro\ERP57th\hr\appointment\hr_AppointmentForm.xfdl" line="8"/>
    </location>
    <location type="output">
      <context type="file" name="C:\Users\seunghyeon_seoul\Documents\nexacro\17\projects\ERP57th_nexa\hr\appointment\hr_AppointmentForm.xfdl" line="7"/>
    </location>
  </item>
  <item level="INFO">
    <message><![CDATA['style' of 'Grid' is removed property]]></message>
    <location type="input">
      <context type="file" name="C:\Users\seunghyeon_seoul\Desktop\원장님노트북\57기 Nexacro\ERP57th\hr\appointment\hr_AppointmentForm.xfdl" line="8"/>
    </location>
    <location type="output">
      <context type="file" name="C:\Users\seunghyeon_seoul\Documents\nexacro\17\projects\ERP57th_nexa\hr\appointment\hr_AppointmentForm.xfdl" line="7"/>
    </location>
  </item>
  <item level="WARN">
    <message><![CDATA['expr' of 'Cell' is unknown property]]></message>
    <location type="input">
      <context type="file" name="C:\Users\seunghyeon_seoul\Desktop\원장님노트북\57기 Nexacro\ERP57th\hr\appointment\hr_AppointmentForm.xfdl" line="41"/>
    </location>
    <location type="output">
      <context type="file" name="C:\Users\seunghyeon_seoul\Documents\nexacro\17\projects\ERP57th_nexa\hr\appointment\hr_AppointmentForm.xfdl" line="40"/>
    </location>
  </item>
  <item level="WARN">
    <message><![CDATA['expr' of 'Cell' is unknown property]]></message>
    <location type="input">
      <context type="file" name="C:\Users\seunghyeon_seoul\Desktop\원장님노트북\57기 Nexacro\ERP57th\hr\appointment\hr_AppointmentForm.xfdl" line="48"/>
    </location>
    <location type="output">
      <context type="file" name="C:\Users\seunghyeon_seoul\Documents\nexacro\17\projects\ERP57th_nexa\hr\appointment\hr_AppointmentForm.xfdl" line="47"/>
    </location>
  </item>
  <item level="WARN">
    <message><![CDATA['expr' of 'Cell' is unknown property]]></message>
    <location type="input">
      <context type="file" name="C:\Users\seunghyeon_seoul\Desktop\원장님노트북\57기 Nexacro\ERP57th\hr\appointment\hr_AppointmentForm.xfdl" line="49"/>
    </location>
    <location type="output">
      <context type="file" name="C:\Users\seunghyeon_seoul\Documents\nexacro\17\projects\ERP57th_nexa\hr\appointment\hr_AppointmentForm.xfdl" line="48"/>
    </location>
  </item>
  <item level="WARN">
    <message><![CDATA['useinputpanel' of 'Grid' is unknown property]]></message>
    <location type="input">
      <context type="file" name="C:\Users\seunghyeon_seoul\Desktop\원장님노트북\57기 Nexacro\ERP57th\hr\appointment\hr_AppointmentForm.xfdl" line="54"/>
    </location>
    <location type="output">
      <context type="file" name="C:\Users\seunghyeon_seoul\Documents\nexacro\17\projects\ERP57th_nexa\hr\appointment\hr_AppointmentForm.xfdl" line="53"/>
    </location>
  </item>
  <item level="INFO">
    <message><![CDATA[converted from 'font:11 함초롬돋움,돋움' to 'font=11pt 함초롬돋움,돋움']]></message>
    <location type="input">
      <context type="file" name="C:\Users\seunghyeon_seoul\Desktop\원장님노트북\57기 Nexacro\ERP57th\hr\appointment\hr_AppointmentForm.xfdl" line="54"/>
    </location>
    <location type="output">
      <context type="file" name="C:\Users\seunghyeon_seoul\Documents\nexacro\17\projects\ERP57th_nexa\hr\appointment\hr_AppointmentForm.xfdl" line="53"/>
    </location>
  </item>
  <item level="INFO">
    <message><![CDATA['style' of 'Grid' is removed property]]></message>
    <location type="input">
      <context type="file" name="C:\Users\seunghyeon_seoul\Desktop\원장님노트북\57기 Nexacro\ERP57th\hr\appointment\hr_AppointmentForm.xfdl" line="54"/>
    </location>
    <location type="output">
      <context type="file" name="C:\Users\seunghyeon_seoul\Documents\nexacro\17\projects\ERP57th_nexa\hr\appointment\hr_AppointmentForm.xfdl" line="53"/>
    </location>
  </item>
  <item level="WARN">
    <message><![CDATA['expr' of 'Cell' is unknown property]]></message>
    <location type="input">
      <context type="file" name="C:\Users\seunghyeon_seoul\Desktop\원장님노트북\57기 Nexacro\ERP57th\hr\appointment\hr_AppointmentForm.xfdl" line="86"/>
    </location>
    <location type="output">
      <context type="file" name="C:\Users\seunghyeon_seoul\Documents\nexacro\17\projects\ERP57th_nexa\hr\appointment\hr_AppointmentForm.xfdl" line="85"/>
    </location>
  </item>
  <item level="INFO">
    <message><![CDATA[converted from 'font:11 함초롬돋움,돋움' to 'font=11pt 함초롬돋움,돋움']]></message>
    <location type="input">
      <context type="file" name="C:\Users\seunghyeon_seoul\Desktop\원장님노트북\57기 Nexacro\ERP57th\hr\appointment\hr_AppointmentForm.xfdl" line="99"/>
    </location>
    <location type="output">
      <context type="file" name="C:\Users\seunghyeon_seoul\Documents\nexacro\17\projects\ERP57th_nexa\hr\appointment\hr_AppointmentForm.xfdl" line="98"/>
    </location>
  </item>
  <item level="INFO">
    <message><![CDATA['style' of 'GroupBox' is removed property]]></message>
    <location type="input">
      <context type="file" name="C:\Users\seunghyeon_seoul\Desktop\원장님노트북\57기 Nexacro\ERP57th\hr\appointment\hr_AppointmentForm.xfdl" line="99"/>
    </location>
    <location type="output">
      <context type="file" name="C:\Users\seunghyeon_seoul\Documents\nexacro\17\projects\ERP57th_nexa\hr\appointment\hr_AppointmentForm.xfdl" line="98"/>
    </location>
  </item>
  <item level="INFO">
    <message><![CDATA[converted from 'border:0 solid darkgray' to 'border=0px solid darkgray']]></message>
    <location type="input">
      <context type="file" name="C:\Users\seunghyeon_seoul\Desktop\원장님노트북\57기 Nexacro\ERP57th\hr\appointment\hr_AppointmentForm.xfdl" line="117"/>
    </location>
    <location type="output">
      <context type="file" name="C:\Users\seunghyeon_seoul\Documents\nexacro\17\projects\ERP57th_nexa\hr\appointment\hr_AppointmentForm.xfdl" line="116"/>
    </location>
  </item>
  <item level="INFO">
    <message><![CDATA[converted from 'font:bold 24 함초롬돋움,돋움' to 'font=bold 24pt 함초롬돋움,돋움']]></message>
    <location type="input">
      <context type="file" name="C:\Users\seunghyeon_seoul\Desktop\원장님노트북\57기 Nexacro\ERP57th\hr\appointment\hr_AppointmentForm.xfdl" line="117"/>
    </location>
    <location type="output">
      <context type="file" name="C:\Users\seunghyeon_seoul\Documents\nexacro\17\projects\ERP57th_nexa\hr\appointment\hr_AppointmentForm.xfdl" line="116"/>
    </location>
  </item>
  <item level="INFO">
    <message><![CDATA['style' of 'Static' is removed property]]></message>
    <location type="input">
      <context type="file" name="C:\Users\seunghyeon_seoul\Desktop\원장님노트북\57기 Nexacro\ERP57th\hr\appointment\hr_AppointmentForm.xfdl" line="117"/>
    </location>
    <location type="output">
      <context type="file" name="C:\Users\seunghyeon_seoul\Documents\nexacro\17\projects\ERP57th_nexa\hr\appointment\hr_AppointmentForm.xfdl" line="116"/>
    </location>
  </item>
  <item level="INFO">
    <message><![CDATA[converted from 'application' to 'nexacro.getApplication()']]></message>
    <location type="input">
      <context type="file" name="C:\Users\seunghyeon_seoul\Desktop\원장님노트북\57기 Nexacro\ERP57th\hr\appointment\hr_AppointmentForm.xfdl" line="429">
        <context type="script" name="" line="30"/>
      </context>
    </location>
    <location type="output">
      <context type="file" name="C:\Users\seunghyeon_seoul\Documents\nexacro\17\projects\ERP57th_nexa\hr\appointment\hr_AppointmentForm.xfdl" line="428">
        <context type="script" name="" line="30"/>
      </context>
    </location>
  </item>
  <item level="INFO">
    <message><![CDATA[converted from 'application' to 'nexacro.getApplication()']]></message>
    <location type="input">
      <context type="file" name="C:\Users\seunghyeon_seoul\Desktop\원장님노트북\57기 Nexacro\ERP57th\hr\appointment\hr_AppointmentForm.xfdl" line="429">
        <context type="script" name="" line="54"/>
      </context>
    </location>
    <location type="output">
      <context type="file" name="C:\Users\seunghyeon_seoul\Documents\nexacro\17\projects\ERP57th_nexa\hr\appointment\hr_AppointmentForm.xfdl" line="428">
        <context type="script" name="" line="53"/>
      </context>
    </location>
  </item>
  <item level="INFO">
    <message><![CDATA[converted from 'application' to 'nexacro.getApplication()']]></message>
    <location type="input">
      <context type="file" name="C:\Users\seunghyeon_seoul\Desktop\원장님노트북\57기 Nexacro\ERP57th\hr\appointment\hr_AppointmentForm.xfdl" line="429">
        <context type="script" name="" line="55"/>
      </context>
    </location>
    <location type="output">
      <context type="file" name="C:\Users\seunghyeon_seoul\Documents\nexacro\17\projects\ERP57th_nexa\hr\appointment\hr_AppointmentForm.xfdl" line="428">
        <context type="script" name="" line="54"/>
      </context>
    </location>
  </item>
  <item level="INFO">
    <message><![CDATA[converted from 'open' of application to 'nexacro.open']]></message>
    <location type="input">
      <context type="file" name="C:\Users\seunghyeon_seoul\Desktop\원장님노트북\57기 Nexacro\ERP57th\hr\appointment\hr_AppointmentForm.xfdl" line="429">
        <context type="script" name="" line="70"/>
      </context>
    </location>
    <location type="output">
      <context type="file" name="C:\Users\seunghyeon_seoul\Documents\nexacro\17\projects\ERP57th_nexa\hr\appointment\hr_AppointmentForm.xfdl" line="428">
        <context type="script" name="" line="71"/>
      </context>
    </location>
  </item>
  <item level="INFO">
    <message><![CDATA[converted from 'application' to 'nexacro.getApplication()']]></message>
    <location type="input">
      <context type="file" name="C:\Users\seunghyeon_seoul\Desktop\원장님노트북\57기 Nexacro\ERP57th\hr\appointment\hr_AppointmentForm.xfdl" line="429">
        <context type="script" name="" line="73"/>
      </context>
    </location>
    <location type="output">
      <context type="file" name="C:\Users\seunghyeon_seoul\Documents\nexacro\17\projects\ERP57th_nexa\hr\appointment\hr_AppointmentForm.xfdl" line="428">
        <context type="script" name="" line="76"/>
      </context>
    </location>
  </item>
</migration>
