<?xml version="1.0" encoding="utf-8"?>
<migration version="1.0" category="C:\Users\seunghyeon_seoul\Desktop\원장님노트북\57기 Nexacro\ERP57th\logi\business\logi_slipForm.xfdl">
  <item level="INFO">
    <message><![CDATA['<TypeDefinition>' tag is removed]]></message>
    <location type="input">
      <context type="file" name="C:\Users\seunghyeon_seoul\Desktop\원장님노트북\57기 Nexacro\ERP57th\logi\business\logi_slipForm.xfdl" line="3"/>
    </location>
    <location type="output">
      <context type="file" name="C:\Users\seunghyeon_seoul\Documents\nexacro\17\projects\ERP57th_nexa\logi\business\logi_slipForm.xfdl" line="3"/>
    </location>
  </item>
  <item level="INFO">
    <message><![CDATA['left' of 'Form' is removed property]]></message>
    <location type="input">
      <context type="file" name="C:\Users\seunghyeon_seoul\Desktop\원장님노트북\57기 Nexacro\ERP57th\logi\business\logi_slipForm.xfdl" line="4"/>
    </location>
    <location type="output">
      <context type="file" name="C:\Users\seunghyeon_seoul\Documents\nexacro\17\projects\ERP57th_nexa\logi\business\logi_slipForm.xfdl" line="3"/>
    </location>
  </item>
  <item level="INFO">
    <message><![CDATA['top' of 'Form' is removed property]]></message>
    <location type="input">
      <context type="file" name="C:\Users\seunghyeon_seoul\Desktop\원장님노트북\57기 Nexacro\ERP57th\logi\business\logi_slipForm.xfdl" line="4"/>
    </location>
    <location type="output">
      <context type="file" name="C:\Users\seunghyeon_seoul\Documents\nexacro\17\projects\ERP57th_nexa\logi\business\logi_slipForm.xfdl" line="3"/>
    </location>
  </item>
  <item level="INFO">
    <message><![CDATA[converted from 'border:3 solid darkgray' to 'border=3px solid darkgray']]></message>
    <location type="input">
      <context type="file" name="C:\Users\seunghyeon_seoul\Desktop\원장님노트북\57기 Nexacro\ERP57th\logi\business\logi_slipForm.xfdl" line="8"/>
    </location>
    <location type="output">
      <context type="file" name="C:\Users\seunghyeon_seoul\Documents\nexacro\17\projects\ERP57th_nexa\logi\business\logi_slipForm.xfdl" line="7"/>
    </location>
  </item>
  <item level="INFO">
    <message><![CDATA[converted from 'font:bold 16 함초롬돋움,돋움' to 'font=bold 16pt 함초롬돋움,돋움']]></message>
    <location type="input">
      <context type="file" name="C:\Users\seunghyeon_seoul\Desktop\원장님노트북\57기 Nexacro\ERP57th\logi\business\logi_slipForm.xfdl" line="8"/>
    </location>
    <location type="output">
      <context type="file" name="C:\Users\seunghyeon_seoul\Documents\nexacro\17\projects\ERP57th_nexa\logi\business\logi_slipForm.xfdl" line="7"/>
    </location>
  </item>
  <item level="INFO">
    <message><![CDATA['style' of 'Static' is removed property]]></message>
    <location type="input">
      <context type="file" name="C:\Users\seunghyeon_seoul\Desktop\원장님노트북\57기 Nexacro\ERP57th\logi\business\logi_slipForm.xfdl" line="8"/>
    </location>
    <location type="output">
      <context type="file" name="C:\Users\seunghyeon_seoul\Documents\nexacro\17\projects\ERP57th_nexa\logi\business\logi_slipForm.xfdl" line="7"/>
    </location>
  </item>
  <item level="WARN">
    <message><![CDATA['useinputpanel' of 'Grid' is unknown property]]></message>
    <location type="input">
      <context type="file" name="C:\Users\seunghyeon_seoul\Desktop\원장님노트북\57기 Nexacro\ERP57th\logi\business\logi_slipForm.xfdl" line="9"/>
    </location>
    <location type="output">
      <context type="file" name="C:\Users\seunghyeon_seoul\Documents\nexacro\17\projects\ERP57th_nexa\logi\business\logi_slipForm.xfdl" line="8"/>
    </location>
  </item>
  <item level="WARN">
    <message><![CDATA['useinputpanel' of 'Grid' is unknown property]]></message>
    <location type="input">
      <context type="file" name="C:\Users\seunghyeon_seoul\Desktop\원장님노트북\57기 Nexacro\ERP57th\logi\business\logi_slipForm.xfdl" line="56"/>
    </location>
    <location type="output">
      <context type="file" name="C:\Users\seunghyeon_seoul\Documents\nexacro\17\projects\ERP57th_nexa\logi\business\logi_slipForm.xfdl" line="55"/>
    </location>
  </item>
  <item level="INFO">
    <message><![CDATA['scrollbars' of 'Grid' is removed property]]></message>
    <location type="input">
      <context type="file" name="C:\Users\seunghyeon_seoul\Desktop\원장님노트북\57기 Nexacro\ERP57th\logi\business\logi_slipForm.xfdl" line="56"/>
    </location>
    <location type="output">
      <context type="file" name="C:\Users\seunghyeon_seoul\Documents\nexacro\17\projects\ERP57th_nexa\logi\business\logi_slipForm.xfdl" line="55"/>
    </location>
  </item>
  <item level="INFO">
    <message><![CDATA[converted from 'border:3 solid darkgray' to 'border=3px solid darkgray']]></message>
    <location type="input">
      <context type="file" name="C:\Users\seunghyeon_seoul\Desktop\원장님노트북\57기 Nexacro\ERP57th\logi\business\logi_slipForm.xfdl" line="96"/>
    </location>
    <location type="output">
      <context type="file" name="C:\Users\seunghyeon_seoul\Documents\nexacro\17\projects\ERP57th_nexa\logi\business\logi_slipForm.xfdl" line="95"/>
    </location>
  </item>
  <item level="INFO">
    <message><![CDATA[converted from 'font:bold 16 함초롬돋움,돋움' to 'font=bold 16pt 함초롬돋움,돋움']]></message>
    <location type="input">
      <context type="file" name="C:\Users\seunghyeon_seoul\Desktop\원장님노트북\57기 Nexacro\ERP57th\logi\business\logi_slipForm.xfdl" line="96"/>
    </location>
    <location type="output">
      <context type="file" name="C:\Users\seunghyeon_seoul\Documents\nexacro\17\projects\ERP57th_nexa\logi\business\logi_slipForm.xfdl" line="95"/>
    </location>
  </item>
  <item level="INFO">
    <message><![CDATA['style' of 'Static' is removed property]]></message>
    <location type="input">
      <context type="file" name="C:\Users\seunghyeon_seoul\Desktop\원장님노트북\57기 Nexacro\ERP57th\logi\business\logi_slipForm.xfdl" line="96"/>
    </location>
    <location type="output">
      <context type="file" name="C:\Users\seunghyeon_seoul\Documents\nexacro\17\projects\ERP57th_nexa\logi\business\logi_slipForm.xfdl" line="95"/>
    </location>
  </item>
  <item level="WARN">
    <message><![CDATA['useinputpanel' of 'Grid' is unknown property]]></message>
    <location type="input">
      <context type="file" name="C:\Users\seunghyeon_seoul\Desktop\원장님노트북\57기 Nexacro\ERP57th\logi\business\logi_slipForm.xfdl" line="102"/>
    </location>
    <location type="output">
      <context type="file" name="C:\Users\seunghyeon_seoul\Documents\nexacro\17\projects\ERP57th_nexa\logi\business\logi_slipForm.xfdl" line="101"/>
    </location>
  </item>
  <item level="WARN">
    <message><![CDATA['useinputpanel' of 'Grid' is unknown property]]></message>
    <location type="input">
      <context type="file" name="C:\Users\seunghyeon_seoul\Desktop\원장님노트북\57기 Nexacro\ERP57th\logi\business\logi_slipForm.xfdl" line="136"/>
    </location>
    <location type="output">
      <context type="file" name="C:\Users\seunghyeon_seoul\Documents\nexacro\17\projects\ERP57th_nexa\logi\business\logi_slipForm.xfdl" line="135"/>
    </location>
  </item>
  <item level="WARN">
    <message><![CDATA['useinputpanel' of 'Grid' is unknown property]]></message>
    <location type="input">
      <context type="file" name="C:\Users\seunghyeon_seoul\Desktop\원장님노트북\57기 Nexacro\ERP57th\logi\business\logi_slipForm.xfdl" line="170"/>
    </location>
    <location type="output">
      <context type="file" name="C:\Users\seunghyeon_seoul\Documents\nexacro\17\projects\ERP57th_nexa\logi\business\logi_slipForm.xfdl" line="169"/>
    </location>
  </item>
  <item level="INFO">
    <message><![CDATA[converted from 'application' to 'nexacro.getApplication()']]></message>
    <location type="input">
      <context type="file" name="C:\Users\seunghyeon_seoul\Desktop\원장님노트북\57기 Nexacro\ERP57th\logi\business\logi_slipForm.xfdl" line="318">
        <context type="script" name="" line="18"/>
      </context>
    </location>
    <location type="output">
      <context type="file" name="C:\Users\seunghyeon_seoul\Documents\nexacro\17\projects\ERP57th_nexa\logi\business\logi_slipForm.xfdl" line="317">
        <context type="script" name="" line="14"/>
      </context>
    </location>
  </item>
  <item level="INFO">
    <message><![CDATA[converted from 'application' to 'nexacro.getApplication()']]></message>
    <location type="input">
      <context type="file" name="C:\Users\seunghyeon_seoul\Desktop\원장님노트북\57기 Nexacro\ERP57th\logi\business\logi_slipForm.xfdl" line="318">
        <context type="script" name="" line="18"/>
      </context>
    </location>
    <location type="output">
      <context type="file" name="C:\Users\seunghyeon_seoul\Documents\nexacro\17\projects\ERP57th_nexa\logi\business\logi_slipForm.xfdl" line="317">
        <context type="script" name="" line="14"/>
      </context>
    </location>
  </item>
  <item level="INFO">
    <message><![CDATA[converted from 'open' of application to 'nexacro.open']]></message>
    <location type="input">
      <context type="file" name="C:\Users\seunghyeon_seoul\Desktop\원장님노트북\57기 Nexacro\ERP57th\logi\business\logi_slipForm.xfdl" line="318">
        <context type="script" name="" line="59"/>
      </context>
    </location>
    <location type="output">
      <context type="file" name="C:\Users\seunghyeon_seoul\Documents\nexacro\17\projects\ERP57th_nexa\logi\business\logi_slipForm.xfdl" line="317">
        <context type="script" name="" line="52"/>
      </context>
    </location>
  </item>
  <item level="INFO">
    <message><![CDATA[converted from 'open' of application to 'nexacro.open']]></message>
    <location type="input">
      <context type="file" name="C:\Users\seunghyeon_seoul\Desktop\원장님노트북\57기 Nexacro\ERP57th\logi\business\logi_slipForm.xfdl" line="318">
        <context type="script" name="" line="79"/>
      </context>
    </location>
    <location type="output">
      <context type="file" name="C:\Users\seunghyeon_seoul\Documents\nexacro\17\projects\ERP57th_nexa\logi\business\logi_slipForm.xfdl" line="317">
        <context type="script" name="" line="78"/>
      </context>
    </location>
  </item>
  <item level="WARN">
    <message><![CDATA['init' of ChildFrame is changed argument (position)]]></message>
    <location type="input">
      <context type="file" name="C:\Users\seunghyeon_seoul\Desktop\원장님노트북\57기 Nexacro\ERP57th\logi\business\logi_slipForm.xfdl" line="318">
        <context type="script" name="" line="117"/>
      </context>
    </location>
    <location type="output">
      <context type="file" name="C:\Users\seunghyeon_seoul\Documents\nexacro\17\projects\ERP57th_nexa\logi\business\logi_slipForm.xfdl" line="317">
        <context type="script" name="" line="114"/>
      </context>
    </location>
  </item>
</migration>
