<?xml version="1.0" encoding="utf-8"?>
<migration version="1.0" category="C:\Users\seunghyeon_seoul\Desktop\원장님노트북\57기 Nexacro\ERP57th\logi\business\logi_EstimateForm.xfdl">
  <item level="INFO">
    <message><![CDATA['<TypeDefinition>' tag is removed]]></message>
    <location type="input">
      <context type="file" name="C:\Users\seunghyeon_seoul\Desktop\원장님노트북\57기 Nexacro\ERP57th\logi\business\logi_EstimateForm.xfdl" line="3"/>
    </location>
    <location type="output">
      <context type="file" name="C:\Users\seunghyeon_seoul\Documents\nexacro\17\projects\ERP57th_nexa\logi\business\logi_EstimateForm.xfdl" line="3"/>
    </location>
  </item>
  <item level="INFO">
    <message><![CDATA['left' of 'Form' is removed property]]></message>
    <location type="input">
      <context type="file" name="C:\Users\seunghyeon_seoul\Desktop\원장님노트북\57기 Nexacro\ERP57th\logi\business\logi_EstimateForm.xfdl" line="4"/>
    </location>
    <location type="output">
      <context type="file" name="C:\Users\seunghyeon_seoul\Documents\nexacro\17\projects\ERP57th_nexa\logi\business\logi_EstimateForm.xfdl" line="3"/>
    </location>
  </item>
  <item level="INFO">
    <message><![CDATA['top' of 'Form' is removed property]]></message>
    <location type="input">
      <context type="file" name="C:\Users\seunghyeon_seoul\Desktop\원장님노트북\57기 Nexacro\ERP57th\logi\business\logi_EstimateForm.xfdl" line="4"/>
    </location>
    <location type="output">
      <context type="file" name="C:\Users\seunghyeon_seoul\Documents\nexacro\17\projects\ERP57th_nexa\logi\business\logi_EstimateForm.xfdl" line="3"/>
    </location>
  </item>
  <item level="INFO">
    <message><![CDATA[converted from 'background:transparent' to 'background=transparent']]></message>
    <location type="input">
      <context type="file" name="C:\Users\seunghyeon_seoul\Desktop\원장님노트북\57기 Nexacro\ERP57th\logi\business\logi_EstimateForm.xfdl" line="7"/>
    </location>
    <location type="output">
      <context type="file" name="C:\Users\seunghyeon_seoul\Documents\nexacro\17\projects\ERP57th_nexa\logi\business\logi_EstimateForm.xfdl" line="6"/>
    </location>
  </item>
  <item level="INFO">
    <message><![CDATA[converted from 'border:2 solid #333333ff' to 'border=2px solid rgba(51,51,51,1)']]></message>
    <location type="input">
      <context type="file" name="C:\Users\seunghyeon_seoul\Desktop\원장님노트북\57기 Nexacro\ERP57th\logi\business\logi_EstimateForm.xfdl" line="7"/>
    </location>
    <location type="output">
      <context type="file" name="C:\Users\seunghyeon_seoul\Documents\nexacro\17\projects\ERP57th_nexa\logi\business\logi_EstimateForm.xfdl" line="6"/>
    </location>
  </item>
  <item level="INFO">
    <message><![CDATA[converted from 'color:black' to 'color=black']]></message>
    <location type="input">
      <context type="file" name="C:\Users\seunghyeon_seoul\Desktop\원장님노트북\57기 Nexacro\ERP57th\logi\business\logi_EstimateForm.xfdl" line="7"/>
    </location>
    <location type="output">
      <context type="file" name="C:\Users\seunghyeon_seoul\Documents\nexacro\17\projects\ERP57th_nexa\logi\business\logi_EstimateForm.xfdl" line="6"/>
    </location>
  </item>
  <item level="INFO">
    <message><![CDATA[converted from 'font:25 Dotum,HY견고딕' to 'font=25pt Dotum,HY견고딕']]></message>
    <location type="input">
      <context type="file" name="C:\Users\seunghyeon_seoul\Desktop\원장님노트북\57기 Nexacro\ERP57th\logi\business\logi_EstimateForm.xfdl" line="7"/>
    </location>
    <location type="output">
      <context type="file" name="C:\Users\seunghyeon_seoul\Documents\nexacro\17\projects\ERP57th_nexa\logi\business\logi_EstimateForm.xfdl" line="6"/>
    </location>
  </item>
  <item level="INFO">
    <message><![CDATA['style' of 'GroupBox' is removed property]]></message>
    <location type="input">
      <context type="file" name="C:\Users\seunghyeon_seoul\Desktop\원장님노트북\57기 Nexacro\ERP57th\logi\business\logi_EstimateForm.xfdl" line="7"/>
    </location>
    <location type="output">
      <context type="file" name="C:\Users\seunghyeon_seoul\Documents\nexacro\17\projects\ERP57th_nexa\logi\business\logi_EstimateForm.xfdl" line="6"/>
    </location>
  </item>
  <item level="INFO">
    <message><![CDATA['position' of 'GroupBox' is removed property]]></message>
    <location type="input">
      <context type="file" name="C:\Users\seunghyeon_seoul\Desktop\원장님노트북\57기 Nexacro\ERP57th\logi\business\logi_EstimateForm.xfdl" line="7"/>
    </location>
    <location type="output">
      <context type="file" name="C:\Users\seunghyeon_seoul\Documents\nexacro\17\projects\ERP57th_nexa\logi\business\logi_EstimateForm.xfdl" line="6"/>
    </location>
  </item>
  <item level="WARN">
    <message><![CDATA['dayfont' of 'Calendar' is removed property]]></message>
    <location type="input">
      <context type="file" name="C:\Users\seunghyeon_seoul\Desktop\원장님노트북\57기 Nexacro\ERP57th\logi\business\logi_EstimateForm.xfdl" line="8"/>
    </location>
    <location type="output">
      <context type="file" name="C:\Users\seunghyeon_seoul\Documents\nexacro\17\projects\ERP57th_nexa\logi\business\logi_EstimateForm.xfdl" line="7"/>
    </location>
  </item>
  <item level="INFO">
    <message><![CDATA[converted from 'font:11 함초롬돋움,돋움' to 'font=11pt 함초롬돋움,돋움']]></message>
    <location type="input">
      <context type="file" name="C:\Users\seunghyeon_seoul\Desktop\원장님노트북\57기 Nexacro\ERP57th\logi\business\logi_EstimateForm.xfdl" line="8"/>
    </location>
    <location type="output">
      <context type="file" name="C:\Users\seunghyeon_seoul\Documents\nexacro\17\projects\ERP57th_nexa\logi\business\logi_EstimateForm.xfdl" line="7"/>
    </location>
  </item>
  <item level="INFO">
    <message><![CDATA['style' of 'Calendar' is removed property]]></message>
    <location type="input">
      <context type="file" name="C:\Users\seunghyeon_seoul\Desktop\원장님노트북\57기 Nexacro\ERP57th\logi\business\logi_EstimateForm.xfdl" line="8"/>
    </location>
    <location type="output">
      <context type="file" name="C:\Users\seunghyeon_seoul\Documents\nexacro\17\projects\ERP57th_nexa\logi\business\logi_EstimateForm.xfdl" line="7"/>
    </location>
  </item>
  <item level="WARN">
    <message><![CDATA['dayfont' of 'Calendar' is removed property]]></message>
    <location type="input">
      <context type="file" name="C:\Users\seunghyeon_seoul\Desktop\원장님노트북\57기 Nexacro\ERP57th\logi\business\logi_EstimateForm.xfdl" line="9"/>
    </location>
    <location type="output">
      <context type="file" name="C:\Users\seunghyeon_seoul\Documents\nexacro\17\projects\ERP57th_nexa\logi\business\logi_EstimateForm.xfdl" line="8"/>
    </location>
  </item>
  <item level="INFO">
    <message><![CDATA[converted from 'font:11 함초롬돋움,돋움' to 'font=11pt 함초롬돋움,돋움']]></message>
    <location type="input">
      <context type="file" name="C:\Users\seunghyeon_seoul\Desktop\원장님노트북\57기 Nexacro\ERP57th\logi\business\logi_EstimateForm.xfdl" line="9"/>
    </location>
    <location type="output">
      <context type="file" name="C:\Users\seunghyeon_seoul\Documents\nexacro\17\projects\ERP57th_nexa\logi\business\logi_EstimateForm.xfdl" line="8"/>
    </location>
  </item>
  <item level="INFO">
    <message><![CDATA['style' of 'Calendar' is removed property]]></message>
    <location type="input">
      <context type="file" name="C:\Users\seunghyeon_seoul\Desktop\원장님노트북\57기 Nexacro\ERP57th\logi\business\logi_EstimateForm.xfdl" line="9"/>
    </location>
    <location type="output">
      <context type="file" name="C:\Users\seunghyeon_seoul\Documents\nexacro\17\projects\ERP57th_nexa\logi\business\logi_EstimateForm.xfdl" line="8"/>
    </location>
  </item>
  <item level="INFO">
    <message><![CDATA[converted from 'border:0 solid darkgray' to 'border=0px solid darkgray']]></message>
    <location type="input">
      <context type="file" name="C:\Users\seunghyeon_seoul\Desktop\원장님노트북\57기 Nexacro\ERP57th\logi\business\logi_EstimateForm.xfdl" line="10"/>
    </location>
    <location type="output">
      <context type="file" name="C:\Users\seunghyeon_seoul\Documents\nexacro\17\projects\ERP57th_nexa\logi\business\logi_EstimateForm.xfdl" line="9"/>
    </location>
  </item>
  <item level="INFO">
    <message><![CDATA[converted from 'color:black' to 'color=black']]></message>
    <location type="input">
      <context type="file" name="C:\Users\seunghyeon_seoul\Desktop\원장님노트북\57기 Nexacro\ERP57th\logi\business\logi_EstimateForm.xfdl" line="10"/>
    </location>
    <location type="output">
      <context type="file" name="C:\Users\seunghyeon_seoul\Documents\nexacro\17\projects\ERP57th_nexa\logi\business\logi_EstimateForm.xfdl" line="9"/>
    </location>
  </item>
  <item level="INFO">
    <message><![CDATA[converted from 'font:25 함초롬돋움,돋움' to 'font=25pt 함초롬돋움,돋움']]></message>
    <location type="input">
      <context type="file" name="C:\Users\seunghyeon_seoul\Desktop\원장님노트북\57기 Nexacro\ERP57th\logi\business\logi_EstimateForm.xfdl" line="10"/>
    </location>
    <location type="output">
      <context type="file" name="C:\Users\seunghyeon_seoul\Documents\nexacro\17\projects\ERP57th_nexa\logi\business\logi_EstimateForm.xfdl" line="9"/>
    </location>
  </item>
  <item level="INFO">
    <message><![CDATA['style' of 'Static' is removed property]]></message>
    <location type="input">
      <context type="file" name="C:\Users\seunghyeon_seoul\Desktop\원장님노트북\57기 Nexacro\ERP57th\logi\business\logi_EstimateForm.xfdl" line="10"/>
    </location>
    <location type="output">
      <context type="file" name="C:\Users\seunghyeon_seoul\Documents\nexacro\17\projects\ERP57th_nexa\logi\business\logi_EstimateForm.xfdl" line="9"/>
    </location>
  </item>
  <item level="INFO">
    <message><![CDATA[converted from 'background:#ffffffff' to 'background=rgba(255,255,255,1)']]></message>
    <location type="input">
      <context type="file" name="C:\Users\seunghyeon_seoul\Desktop\원장님노트북\57기 Nexacro\ERP57th\logi\business\logi_EstimateForm.xfdl" line="11"/>
    </location>
    <location type="output">
      <context type="file" name="C:\Users\seunghyeon_seoul\Documents\nexacro\17\projects\ERP57th_nexa\logi\business\logi_EstimateForm.xfdl" line="10"/>
    </location>
  </item>
  <item level="INFO">
    <message><![CDATA[converted from 'color:black' to 'color=black']]></message>
    <location type="input">
      <context type="file" name="C:\Users\seunghyeon_seoul\Desktop\원장님노트북\57기 Nexacro\ERP57th\logi\business\logi_EstimateForm.xfdl" line="11"/>
    </location>
    <location type="output">
      <context type="file" name="C:\Users\seunghyeon_seoul\Documents\nexacro\17\projects\ERP57th_nexa\logi\business\logi_EstimateForm.xfdl" line="10"/>
    </location>
  </item>
  <item level="INFO">
    <message><![CDATA['style' of 'Button' is removed property]]></message>
    <location type="input">
      <context type="file" name="C:\Users\seunghyeon_seoul\Desktop\원장님노트북\57기 Nexacro\ERP57th\logi\business\logi_EstimateForm.xfdl" line="11"/>
    </location>
    <location type="output">
      <context type="file" name="C:\Users\seunghyeon_seoul\Documents\nexacro\17\projects\ERP57th_nexa\logi\business\logi_EstimateForm.xfdl" line="10"/>
    </location>
  </item>
  <item level="INFO">
    <message><![CDATA[converted from 'background:#ffffffff' to 'background=rgba(255,255,255,1)']]></message>
    <location type="input">
      <context type="file" name="C:\Users\seunghyeon_seoul\Desktop\원장님노트북\57기 Nexacro\ERP57th\logi\business\logi_EstimateForm.xfdl" line="12"/>
    </location>
    <location type="output">
      <context type="file" name="C:\Users\seunghyeon_seoul\Documents\nexacro\17\projects\ERP57th_nexa\logi\business\logi_EstimateForm.xfdl" line="11"/>
    </location>
  </item>
  <item level="INFO">
    <message><![CDATA[converted from 'color:black' to 'color=black']]></message>
    <location type="input">
      <context type="file" name="C:\Users\seunghyeon_seoul\Desktop\원장님노트북\57기 Nexacro\ERP57th\logi\business\logi_EstimateForm.xfdl" line="12"/>
    </location>
    <location type="output">
      <context type="file" name="C:\Users\seunghyeon_seoul\Documents\nexacro\17\projects\ERP57th_nexa\logi\business\logi_EstimateForm.xfdl" line="11"/>
    </location>
  </item>
  <item level="INFO">
    <message><![CDATA['style' of 'Button' is removed property]]></message>
    <location type="input">
      <context type="file" name="C:\Users\seunghyeon_seoul\Desktop\원장님노트북\57기 Nexacro\ERP57th\logi\business\logi_EstimateForm.xfdl" line="12"/>
    </location>
    <location type="output">
      <context type="file" name="C:\Users\seunghyeon_seoul\Documents\nexacro\17\projects\ERP57th_nexa\logi\business\logi_EstimateForm.xfdl" line="11"/>
    </location>
  </item>
  <item level="INFO">
    <message><![CDATA[converted from 'background:#ffffffff' to 'background=rgba(255,255,255,1)']]></message>
    <location type="input">
      <context type="file" name="C:\Users\seunghyeon_seoul\Desktop\원장님노트북\57기 Nexacro\ERP57th\logi\business\logi_EstimateForm.xfdl" line="13"/>
    </location>
    <location type="output">
      <context type="file" name="C:\Users\seunghyeon_seoul\Documents\nexacro\17\projects\ERP57th_nexa\logi\business\logi_EstimateForm.xfdl" line="12"/>
    </location>
  </item>
  <item level="INFO">
    <message><![CDATA[converted from 'color:black' to 'color=black']]></message>
    <location type="input">
      <context type="file" name="C:\Users\seunghyeon_seoul\Desktop\원장님노트북\57기 Nexacro\ERP57th\logi\business\logi_EstimateForm.xfdl" line="13"/>
    </location>
    <location type="output">
      <context type="file" name="C:\Users\seunghyeon_seoul\Documents\nexacro\17\projects\ERP57th_nexa\logi\business\logi_EstimateForm.xfdl" line="12"/>
    </location>
  </item>
  <item level="INFO">
    <message><![CDATA['style' of 'Button' is removed property]]></message>
    <location type="input">
      <context type="file" name="C:\Users\seunghyeon_seoul\Desktop\원장님노트북\57기 Nexacro\ERP57th\logi\business\logi_EstimateForm.xfdl" line="13"/>
    </location>
    <location type="output">
      <context type="file" name="C:\Users\seunghyeon_seoul\Documents\nexacro\17\projects\ERP57th_nexa\logi\business\logi_EstimateForm.xfdl" line="12"/>
    </location>
  </item>
  <item level="INFO">
    <message><![CDATA[converted from 'background:#ffffffff' to 'background=rgba(255,255,255,1)']]></message>
    <location type="input">
      <context type="file" name="C:\Users\seunghyeon_seoul\Desktop\원장님노트북\57기 Nexacro\ERP57th\logi\business\logi_EstimateForm.xfdl" line="14"/>
    </location>
    <location type="output">
      <context type="file" name="C:\Users\seunghyeon_seoul\Documents\nexacro\17\projects\ERP57th_nexa\logi\business\logi_EstimateForm.xfdl" line="13"/>
    </location>
  </item>
  <item level="INFO">
    <message><![CDATA[converted from 'color:black' to 'color=black']]></message>
    <location type="input">
      <context type="file" name="C:\Users\seunghyeon_seoul\Desktop\원장님노트북\57기 Nexacro\ERP57th\logi\business\logi_EstimateForm.xfdl" line="14"/>
    </location>
    <location type="output">
      <context type="file" name="C:\Users\seunghyeon_seoul\Documents\nexacro\17\projects\ERP57th_nexa\logi\business\logi_EstimateForm.xfdl" line="13"/>
    </location>
  </item>
  <item level="INFO">
    <message><![CDATA['style' of 'Button' is removed property]]></message>
    <location type="input">
      <context type="file" name="C:\Users\seunghyeon_seoul\Desktop\원장님노트북\57기 Nexacro\ERP57th\logi\business\logi_EstimateForm.xfdl" line="14"/>
    </location>
    <location type="output">
      <context type="file" name="C:\Users\seunghyeon_seoul\Documents\nexacro\17\projects\ERP57th_nexa\logi\business\logi_EstimateForm.xfdl" line="13"/>
    </location>
  </item>
  <item level="WARN">
    <message><![CDATA['useinputpanel' of 'Grid' is unknown property]]></message>
    <location type="input">
      <context type="file" name="C:\Users\seunghyeon_seoul\Desktop\원장님노트북\57기 Nexacro\ERP57th\logi\business\logi_EstimateForm.xfdl" line="15"/>
    </location>
    <location type="output">
      <context type="file" name="C:\Users\seunghyeon_seoul\Documents\nexacro\17\projects\ERP57th_nexa\logi\business\logi_EstimateForm.xfdl" line="14"/>
    </location>
  </item>
  <item level="WARN">
    <message><![CDATA['autofitbandtype' of 'Grid' is unknown property]]></message>
    <location type="input">
      <context type="file" name="C:\Users\seunghyeon_seoul\Desktop\원장님노트북\57기 Nexacro\ERP57th\logi\business\logi_EstimateForm.xfdl" line="15"/>
    </location>
    <location type="output">
      <context type="file" name="C:\Users\seunghyeon_seoul\Documents\nexacro\17\projects\ERP57th_nexa\logi\business\logi_EstimateForm.xfdl" line="14"/>
    </location>
  </item>
  <item level="INFO">
    <message><![CDATA[converted from 'font:새굴림,11' to 'font=11pt 새굴림']]></message>
    <location type="input">
      <context type="file" name="C:\Users\seunghyeon_seoul\Desktop\원장님노트북\57기 Nexacro\ERP57th\logi\business\logi_EstimateForm.xfdl" line="15"/>
    </location>
    <location type="output">
      <context type="file" name="C:\Users\seunghyeon_seoul\Documents\nexacro\17\projects\ERP57th_nexa\logi\business\logi_EstimateForm.xfdl" line="14"/>
    </location>
  </item>
  <item level="INFO">
    <message><![CDATA['style' of 'Grid' is removed property]]></message>
    <location type="input">
      <context type="file" name="C:\Users\seunghyeon_seoul\Desktop\원장님노트북\57기 Nexacro\ERP57th\logi\business\logi_EstimateForm.xfdl" line="15"/>
    </location>
    <location type="output">
      <context type="file" name="C:\Users\seunghyeon_seoul\Documents\nexacro\17\projects\ERP57th_nexa\logi\business\logi_EstimateForm.xfdl" line="14"/>
    </location>
  </item>
  <item level="INFO">
    <message><![CDATA[converted from 'font:bold 11 한컴산뜻돋움' to 'font=bold 11pt 한컴산뜻돋움']]></message>
    <location type="input">
      <context type="file" name="C:\Users\seunghyeon_seoul\Desktop\원장님노트북\57기 Nexacro\ERP57th\logi\business\logi_EstimateForm.xfdl" line="32"/>
    </location>
    <location type="output">
      <context type="file" name="C:\Users\seunghyeon_seoul\Documents\nexacro\17\projects\ERP57th_nexa\logi\business\logi_EstimateForm.xfdl" line="31"/>
    </location>
  </item>
  <item level="INFO">
    <message><![CDATA['style' of 'Cell' is removed property]]></message>
    <location type="input">
      <context type="file" name="C:\Users\seunghyeon_seoul\Desktop\원장님노트북\57기 Nexacro\ERP57th\logi\business\logi_EstimateForm.xfdl" line="32"/>
    </location>
    <location type="output">
      <context type="file" name="C:\Users\seunghyeon_seoul\Documents\nexacro\17\projects\ERP57th_nexa\logi\business\logi_EstimateForm.xfdl" line="31"/>
    </location>
  </item>
  <item level="INFO">
    <message><![CDATA[converted from 'font:bold 11 한컴산뜻돋움' to 'font=bold 11pt 한컴산뜻돋움']]></message>
    <location type="input">
      <context type="file" name="C:\Users\seunghyeon_seoul\Desktop\원장님노트북\57기 Nexacro\ERP57th\logi\business\logi_EstimateForm.xfdl" line="33"/>
    </location>
    <location type="output">
      <context type="file" name="C:\Users\seunghyeon_seoul\Documents\nexacro\17\projects\ERP57th_nexa\logi\business\logi_EstimateForm.xfdl" line="32"/>
    </location>
  </item>
  <item level="INFO">
    <message><![CDATA['style' of 'Cell' is removed property]]></message>
    <location type="input">
      <context type="file" name="C:\Users\seunghyeon_seoul\Desktop\원장님노트북\57기 Nexacro\ERP57th\logi\business\logi_EstimateForm.xfdl" line="33"/>
    </location>
    <location type="output">
      <context type="file" name="C:\Users\seunghyeon_seoul\Documents\nexacro\17\projects\ERP57th_nexa\logi\business\logi_EstimateForm.xfdl" line="32"/>
    </location>
  </item>
  <item level="INFO">
    <message><![CDATA[converted from 'font:bold 11 한컴산뜻돋움' to 'font=bold 11pt 한컴산뜻돋움']]></message>
    <location type="input">
      <context type="file" name="C:\Users\seunghyeon_seoul\Desktop\원장님노트북\57기 Nexacro\ERP57th\logi\business\logi_EstimateForm.xfdl" line="34"/>
    </location>
    <location type="output">
      <context type="file" name="C:\Users\seunghyeon_seoul\Documents\nexacro\17\projects\ERP57th_nexa\logi\business\logi_EstimateForm.xfdl" line="33"/>
    </location>
  </item>
  <item level="INFO">
    <message><![CDATA['style' of 'Cell' is removed property]]></message>
    <location type="input">
      <context type="file" name="C:\Users\seunghyeon_seoul\Desktop\원장님노트북\57기 Nexacro\ERP57th\logi\business\logi_EstimateForm.xfdl" line="34"/>
    </location>
    <location type="output">
      <context type="file" name="C:\Users\seunghyeon_seoul\Documents\nexacro\17\projects\ERP57th_nexa\logi\business\logi_EstimateForm.xfdl" line="33"/>
    </location>
  </item>
  <item level="INFO">
    <message><![CDATA[converted from 'font:bold 11 한컴산뜻돋움' to 'font=bold 11pt 한컴산뜻돋움']]></message>
    <location type="input">
      <context type="file" name="C:\Users\seunghyeon_seoul\Desktop\원장님노트북\57기 Nexacro\ERP57th\logi\business\logi_EstimateForm.xfdl" line="35"/>
    </location>
    <location type="output">
      <context type="file" name="C:\Users\seunghyeon_seoul\Documents\nexacro\17\projects\ERP57th_nexa\logi\business\logi_EstimateForm.xfdl" line="34"/>
    </location>
  </item>
  <item level="INFO">
    <message><![CDATA['style' of 'Cell' is removed property]]></message>
    <location type="input">
      <context type="file" name="C:\Users\seunghyeon_seoul\Desktop\원장님노트북\57기 Nexacro\ERP57th\logi\business\logi_EstimateForm.xfdl" line="35"/>
    </location>
    <location type="output">
      <context type="file" name="C:\Users\seunghyeon_seoul\Documents\nexacro\17\projects\ERP57th_nexa\logi\business\logi_EstimateForm.xfdl" line="34"/>
    </location>
  </item>
  <item level="INFO">
    <message><![CDATA[converted from 'font:bold 11 한컴산뜻돋움' to 'font=bold 11pt 한컴산뜻돋움']]></message>
    <location type="input">
      <context type="file" name="C:\Users\seunghyeon_seoul\Desktop\원장님노트북\57기 Nexacro\ERP57th\logi\business\logi_EstimateForm.xfdl" line="36"/>
    </location>
    <location type="output">
      <context type="file" name="C:\Users\seunghyeon_seoul\Documents\nexacro\17\projects\ERP57th_nexa\logi\business\logi_EstimateForm.xfdl" line="35"/>
    </location>
  </item>
  <item level="INFO">
    <message><![CDATA['style' of 'Cell' is removed property]]></message>
    <location type="input">
      <context type="file" name="C:\Users\seunghyeon_seoul\Desktop\원장님노트북\57기 Nexacro\ERP57th\logi\business\logi_EstimateForm.xfdl" line="36"/>
    </location>
    <location type="output">
      <context type="file" name="C:\Users\seunghyeon_seoul\Documents\nexacro\17\projects\ERP57th_nexa\logi\business\logi_EstimateForm.xfdl" line="35"/>
    </location>
  </item>
  <item level="INFO">
    <message><![CDATA[converted from 'font:bold 11 한컴산뜻돋움' to 'font=bold 11pt 한컴산뜻돋움']]></message>
    <location type="input">
      <context type="file" name="C:\Users\seunghyeon_seoul\Desktop\원장님노트북\57기 Nexacro\ERP57th\logi\business\logi_EstimateForm.xfdl" line="37"/>
    </location>
    <location type="output">
      <context type="file" name="C:\Users\seunghyeon_seoul\Documents\nexacro\17\projects\ERP57th_nexa\logi\business\logi_EstimateForm.xfdl" line="36"/>
    </location>
  </item>
  <item level="INFO">
    <message><![CDATA['style' of 'Cell' is removed property]]></message>
    <location type="input">
      <context type="file" name="C:\Users\seunghyeon_seoul\Desktop\원장님노트북\57기 Nexacro\ERP57th\logi\business\logi_EstimateForm.xfdl" line="37"/>
    </location>
    <location type="output">
      <context type="file" name="C:\Users\seunghyeon_seoul\Documents\nexacro\17\projects\ERP57th_nexa\logi\business\logi_EstimateForm.xfdl" line="36"/>
    </location>
  </item>
  <item level="INFO">
    <message><![CDATA[converted from 'font:bold 11 한컴산뜻돋움' to 'font=bold 11pt 한컴산뜻돋움']]></message>
    <location type="input">
      <context type="file" name="C:\Users\seunghyeon_seoul\Desktop\원장님노트북\57기 Nexacro\ERP57th\logi\business\logi_EstimateForm.xfdl" line="38"/>
    </location>
    <location type="output">
      <context type="file" name="C:\Users\seunghyeon_seoul\Documents\nexacro\17\projects\ERP57th_nexa\logi\business\logi_EstimateForm.xfdl" line="37"/>
    </location>
  </item>
  <item level="INFO">
    <message><![CDATA['style' of 'Cell' is removed property]]></message>
    <location type="input">
      <context type="file" name="C:\Users\seunghyeon_seoul\Desktop\원장님노트북\57기 Nexacro\ERP57th\logi\business\logi_EstimateForm.xfdl" line="38"/>
    </location>
    <location type="output">
      <context type="file" name="C:\Users\seunghyeon_seoul\Documents\nexacro\17\projects\ERP57th_nexa\logi\business\logi_EstimateForm.xfdl" line="37"/>
    </location>
  </item>
  <item level="INFO">
    <message><![CDATA[converted from 'font:11 한컴산뜻돋움' to 'font=11pt 한컴산뜻돋움']]></message>
    <location type="input">
      <context type="file" name="C:\Users\seunghyeon_seoul\Desktop\원장님노트북\57기 Nexacro\ERP57th\logi\business\logi_EstimateForm.xfdl" line="41"/>
    </location>
    <location type="output">
      <context type="file" name="C:\Users\seunghyeon_seoul\Documents\nexacro\17\projects\ERP57th_nexa\logi\business\logi_EstimateForm.xfdl" line="40"/>
    </location>
  </item>
  <item level="INFO">
    <message><![CDATA['style' of 'Cell' is removed property]]></message>
    <location type="input">
      <context type="file" name="C:\Users\seunghyeon_seoul\Desktop\원장님노트북\57기 Nexacro\ERP57th\logi\business\logi_EstimateForm.xfdl" line="41"/>
    </location>
    <location type="output">
      <context type="file" name="C:\Users\seunghyeon_seoul\Documents\nexacro\17\projects\ERP57th_nexa\logi\business\logi_EstimateForm.xfdl" line="40"/>
    </location>
  </item>
  <item level="INFO">
    <message><![CDATA[converted from 'font:11 한컴산뜻돋움' to 'font=11pt 한컴산뜻돋움']]></message>
    <location type="input">
      <context type="file" name="C:\Users\seunghyeon_seoul\Desktop\원장님노트북\57기 Nexacro\ERP57th\logi\business\logi_EstimateForm.xfdl" line="42"/>
    </location>
    <location type="output">
      <context type="file" name="C:\Users\seunghyeon_seoul\Documents\nexacro\17\projects\ERP57th_nexa\logi\business\logi_EstimateForm.xfdl" line="41"/>
    </location>
  </item>
  <item level="INFO">
    <message><![CDATA['style' of 'Cell' is removed property]]></message>
    <location type="input">
      <context type="file" name="C:\Users\seunghyeon_seoul\Desktop\원장님노트북\57기 Nexacro\ERP57th\logi\business\logi_EstimateForm.xfdl" line="42"/>
    </location>
    <location type="output">
      <context type="file" name="C:\Users\seunghyeon_seoul\Documents\nexacro\17\projects\ERP57th_nexa\logi\business\logi_EstimateForm.xfdl" line="41"/>
    </location>
  </item>
  <item level="INFO">
    <message><![CDATA[converted from 'font:11 한컴산뜻돋움' to 'font=11pt 한컴산뜻돋움']]></message>
    <location type="input">
      <context type="file" name="C:\Users\seunghyeon_seoul\Desktop\원장님노트북\57기 Nexacro\ERP57th\logi\business\logi_EstimateForm.xfdl" line="43"/>
    </location>
    <location type="output">
      <context type="file" name="C:\Users\seunghyeon_seoul\Documents\nexacro\17\projects\ERP57th_nexa\logi\business\logi_EstimateForm.xfdl" line="42"/>
    </location>
  </item>
  <item level="INFO">
    <message><![CDATA['style' of 'Cell' is removed property]]></message>
    <location type="input">
      <context type="file" name="C:\Users\seunghyeon_seoul\Desktop\원장님노트북\57기 Nexacro\ERP57th\logi\business\logi_EstimateForm.xfdl" line="43"/>
    </location>
    <location type="output">
      <context type="file" name="C:\Users\seunghyeon_seoul\Documents\nexacro\17\projects\ERP57th_nexa\logi\business\logi_EstimateForm.xfdl" line="42"/>
    </location>
  </item>
  <item level="INFO">
    <message><![CDATA['expandshow' of 'Cell' is removed property]]></message>
    <location type="input">
      <context type="file" name="C:\Users\seunghyeon_seoul\Desktop\원장님노트북\57기 Nexacro\ERP57th\logi\business\logi_EstimateForm.xfdl" line="43"/>
    </location>
    <location type="output">
      <context type="file" name="C:\Users\seunghyeon_seoul\Documents\nexacro\17\projects\ERP57th_nexa\logi\business\logi_EstimateForm.xfdl" line="42"/>
    </location>
  </item>
  <item level="INFO">
    <message><![CDATA[converted from 'font:11 한컴산뜻돋움' to 'font=11pt 한컴산뜻돋움']]></message>
    <location type="input">
      <context type="file" name="C:\Users\seunghyeon_seoul\Desktop\원장님노트북\57기 Nexacro\ERP57th\logi\business\logi_EstimateForm.xfdl" line="44"/>
    </location>
    <location type="output">
      <context type="file" name="C:\Users\seunghyeon_seoul\Documents\nexacro\17\projects\ERP57th_nexa\logi\business\logi_EstimateForm.xfdl" line="43"/>
    </location>
  </item>
  <item level="INFO">
    <message><![CDATA['style' of 'Cell' is removed property]]></message>
    <location type="input">
      <context type="file" name="C:\Users\seunghyeon_seoul\Desktop\원장님노트북\57기 Nexacro\ERP57th\logi\business\logi_EstimateForm.xfdl" line="44"/>
    </location>
    <location type="output">
      <context type="file" name="C:\Users\seunghyeon_seoul\Documents\nexacro\17\projects\ERP57th_nexa\logi\business\logi_EstimateForm.xfdl" line="43"/>
    </location>
  </item>
  <item level="INFO">
    <message><![CDATA[converted from 'font:11 한컴산뜻돋움' to 'font=11pt 한컴산뜻돋움']]></message>
    <location type="input">
      <context type="file" name="C:\Users\seunghyeon_seoul\Desktop\원장님노트북\57기 Nexacro\ERP57th\logi\business\logi_EstimateForm.xfdl" line="45"/>
    </location>
    <location type="output">
      <context type="file" name="C:\Users\seunghyeon_seoul\Documents\nexacro\17\projects\ERP57th_nexa\logi\business\logi_EstimateForm.xfdl" line="44"/>
    </location>
  </item>
  <item level="INFO">
    <message><![CDATA['style' of 'Cell' is removed property]]></message>
    <location type="input">
      <context type="file" name="C:\Users\seunghyeon_seoul\Desktop\원장님노트북\57기 Nexacro\ERP57th\logi\business\logi_EstimateForm.xfdl" line="45"/>
    </location>
    <location type="output">
      <context type="file" name="C:\Users\seunghyeon_seoul\Documents\nexacro\17\projects\ERP57th_nexa\logi\business\logi_EstimateForm.xfdl" line="44"/>
    </location>
  </item>
  <item level="INFO">
    <message><![CDATA[converted from 'font:11 한컴산뜻돋움' to 'font=11pt 한컴산뜻돋움']]></message>
    <location type="input">
      <context type="file" name="C:\Users\seunghyeon_seoul\Desktop\원장님노트북\57기 Nexacro\ERP57th\logi\business\logi_EstimateForm.xfdl" line="46"/>
    </location>
    <location type="output">
      <context type="file" name="C:\Users\seunghyeon_seoul\Documents\nexacro\17\projects\ERP57th_nexa\logi\business\logi_EstimateForm.xfdl" line="45"/>
    </location>
  </item>
  <item level="INFO">
    <message><![CDATA['style' of 'Cell' is removed property]]></message>
    <location type="input">
      <context type="file" name="C:\Users\seunghyeon_seoul\Desktop\원장님노트북\57기 Nexacro\ERP57th\logi\business\logi_EstimateForm.xfdl" line="46"/>
    </location>
    <location type="output">
      <context type="file" name="C:\Users\seunghyeon_seoul\Documents\nexacro\17\projects\ERP57th_nexa\logi\business\logi_EstimateForm.xfdl" line="45"/>
    </location>
  </item>
  <item level="INFO">
    <message><![CDATA[converted from 'font:11 한컴산뜻돋움' to 'font=11pt 한컴산뜻돋움']]></message>
    <location type="input">
      <context type="file" name="C:\Users\seunghyeon_seoul\Desktop\원장님노트북\57기 Nexacro\ERP57th\logi\business\logi_EstimateForm.xfdl" line="47"/>
    </location>
    <location type="output">
      <context type="file" name="C:\Users\seunghyeon_seoul\Documents\nexacro\17\projects\ERP57th_nexa\logi\business\logi_EstimateForm.xfdl" line="46"/>
    </location>
  </item>
  <item level="INFO">
    <message><![CDATA['style' of 'Cell' is removed property]]></message>
    <location type="input">
      <context type="file" name="C:\Users\seunghyeon_seoul\Desktop\원장님노트북\57기 Nexacro\ERP57th\logi\business\logi_EstimateForm.xfdl" line="47"/>
    </location>
    <location type="output">
      <context type="file" name="C:\Users\seunghyeon_seoul\Documents\nexacro\17\projects\ERP57th_nexa\logi\business\logi_EstimateForm.xfdl" line="46"/>
    </location>
  </item>
  <item level="WARN">
    <message><![CDATA['useinputpanel' of 'Grid' is unknown property]]></message>
    <location type="input">
      <context type="file" name="C:\Users\seunghyeon_seoul\Desktop\원장님노트북\57기 Nexacro\ERP57th\logi\business\logi_EstimateForm.xfdl" line="52"/>
    </location>
    <location type="output">
      <context type="file" name="C:\Users\seunghyeon_seoul\Documents\nexacro\17\projects\ERP57th_nexa\logi\business\logi_EstimateForm.xfdl" line="51"/>
    </location>
  </item>
  <item level="INFO">
    <message><![CDATA[converted from 'font:새굴림,11' to 'font=11pt 새굴림']]></message>
    <location type="input">
      <context type="file" name="C:\Users\seunghyeon_seoul\Desktop\원장님노트북\57기 Nexacro\ERP57th\logi\business\logi_EstimateForm.xfdl" line="52"/>
    </location>
    <location type="output">
      <context type="file" name="C:\Users\seunghyeon_seoul\Documents\nexacro\17\projects\ERP57th_nexa\logi\business\logi_EstimateForm.xfdl" line="51"/>
    </location>
  </item>
  <item level="INFO">
    <message><![CDATA['style' of 'Grid' is removed property]]></message>
    <location type="input">
      <context type="file" name="C:\Users\seunghyeon_seoul\Desktop\원장님노트북\57기 Nexacro\ERP57th\logi\business\logi_EstimateForm.xfdl" line="52"/>
    </location>
    <location type="output">
      <context type="file" name="C:\Users\seunghyeon_seoul\Documents\nexacro\17\projects\ERP57th_nexa\logi\business\logi_EstimateForm.xfdl" line="51"/>
    </location>
  </item>
  <item level="INFO">
    <message><![CDATA[converted from 'font:bold 11 한컴산뜻돋움' to 'font=bold 11pt 한컴산뜻돋움']]></message>
    <location type="input">
      <context type="file" name="C:\Users\seunghyeon_seoul\Desktop\원장님노트북\57기 Nexacro\ERP57th\logi\business\logi_EstimateForm.xfdl" line="71"/>
    </location>
    <location type="output">
      <context type="file" name="C:\Users\seunghyeon_seoul\Documents\nexacro\17\projects\ERP57th_nexa\logi\business\logi_EstimateForm.xfdl" line="70"/>
    </location>
  </item>
  <item level="INFO">
    <message><![CDATA['style' of 'Cell' is removed property]]></message>
    <location type="input">
      <context type="file" name="C:\Users\seunghyeon_seoul\Desktop\원장님노트북\57기 Nexacro\ERP57th\logi\business\logi_EstimateForm.xfdl" line="71"/>
    </location>
    <location type="output">
      <context type="file" name="C:\Users\seunghyeon_seoul\Documents\nexacro\17\projects\ERP57th_nexa\logi\business\logi_EstimateForm.xfdl" line="70"/>
    </location>
  </item>
  <item level="INFO">
    <message><![CDATA[converted from 'font:bold 11 한컴산뜻돋움' to 'font=bold 11pt 한컴산뜻돋움']]></message>
    <location type="input">
      <context type="file" name="C:\Users\seunghyeon_seoul\Desktop\원장님노트북\57기 Nexacro\ERP57th\logi\business\logi_EstimateForm.xfdl" line="72"/>
    </location>
    <location type="output">
      <context type="file" name="C:\Users\seunghyeon_seoul\Documents\nexacro\17\projects\ERP57th_nexa\logi\business\logi_EstimateForm.xfdl" line="71"/>
    </location>
  </item>
  <item level="INFO">
    <message><![CDATA['style' of 'Cell' is removed property]]></message>
    <location type="input">
      <context type="file" name="C:\Users\seunghyeon_seoul\Desktop\원장님노트북\57기 Nexacro\ERP57th\logi\business\logi_EstimateForm.xfdl" line="72"/>
    </location>
    <location type="output">
      <context type="file" name="C:\Users\seunghyeon_seoul\Documents\nexacro\17\projects\ERP57th_nexa\logi\business\logi_EstimateForm.xfdl" line="71"/>
    </location>
  </item>
  <item level="INFO">
    <message><![CDATA[converted from 'font:bold 11 한컴산뜻돋움' to 'font=bold 11pt 한컴산뜻돋움']]></message>
    <location type="input">
      <context type="file" name="C:\Users\seunghyeon_seoul\Desktop\원장님노트북\57기 Nexacro\ERP57th\logi\business\logi_EstimateForm.xfdl" line="73"/>
    </location>
    <location type="output">
      <context type="file" name="C:\Users\seunghyeon_seoul\Documents\nexacro\17\projects\ERP57th_nexa\logi\business\logi_EstimateForm.xfdl" line="72"/>
    </location>
  </item>
  <item level="INFO">
    <message><![CDATA['style' of 'Cell' is removed property]]></message>
    <location type="input">
      <context type="file" name="C:\Users\seunghyeon_seoul\Desktop\원장님노트북\57기 Nexacro\ERP57th\logi\business\logi_EstimateForm.xfdl" line="73"/>
    </location>
    <location type="output">
      <context type="file" name="C:\Users\seunghyeon_seoul\Documents\nexacro\17\projects\ERP57th_nexa\logi\business\logi_EstimateForm.xfdl" line="72"/>
    </location>
  </item>
  <item level="INFO">
    <message><![CDATA[converted from 'font:bold 11 한컴산뜻돋움' to 'font=bold 11pt 한컴산뜻돋움']]></message>
    <location type="input">
      <context type="file" name="C:\Users\seunghyeon_seoul\Desktop\원장님노트북\57기 Nexacro\ERP57th\logi\business\logi_EstimateForm.xfdl" line="74"/>
    </location>
    <location type="output">
      <context type="file" name="C:\Users\seunghyeon_seoul\Documents\nexacro\17\projects\ERP57th_nexa\logi\business\logi_EstimateForm.xfdl" line="73"/>
    </location>
  </item>
  <item level="INFO">
    <message><![CDATA['style' of 'Cell' is removed property]]></message>
    <location type="input">
      <context type="file" name="C:\Users\seunghyeon_seoul\Desktop\원장님노트북\57기 Nexacro\ERP57th\logi\business\logi_EstimateForm.xfdl" line="74"/>
    </location>
    <location type="output">
      <context type="file" name="C:\Users\seunghyeon_seoul\Documents\nexacro\17\projects\ERP57th_nexa\logi\business\logi_EstimateForm.xfdl" line="73"/>
    </location>
  </item>
  <item level="INFO">
    <message><![CDATA[converted from 'font:bold 11 한컴산뜻돋움' to 'font=bold 11pt 한컴산뜻돋움']]></message>
    <location type="input">
      <context type="file" name="C:\Users\seunghyeon_seoul\Desktop\원장님노트북\57기 Nexacro\ERP57th\logi\business\logi_EstimateForm.xfdl" line="75"/>
    </location>
    <location type="output">
      <context type="file" name="C:\Users\seunghyeon_seoul\Documents\nexacro\17\projects\ERP57th_nexa\logi\business\logi_EstimateForm.xfdl" line="74"/>
    </location>
  </item>
  <item level="INFO">
    <message><![CDATA['style' of 'Cell' is removed property]]></message>
    <location type="input">
      <context type="file" name="C:\Users\seunghyeon_seoul\Desktop\원장님노트북\57기 Nexacro\ERP57th\logi\business\logi_EstimateForm.xfdl" line="75"/>
    </location>
    <location type="output">
      <context type="file" name="C:\Users\seunghyeon_seoul\Documents\nexacro\17\projects\ERP57th_nexa\logi\business\logi_EstimateForm.xfdl" line="74"/>
    </location>
  </item>
  <item level="INFO">
    <message><![CDATA[converted from 'font:bold 11 한컴산뜻돋움' to 'font=bold 11pt 한컴산뜻돋움']]></message>
    <location type="input">
      <context type="file" name="C:\Users\seunghyeon_seoul\Desktop\원장님노트북\57기 Nexacro\ERP57th\logi\business\logi_EstimateForm.xfdl" line="76"/>
    </location>
    <location type="output">
      <context type="file" name="C:\Users\seunghyeon_seoul\Documents\nexacro\17\projects\ERP57th_nexa\logi\business\logi_EstimateForm.xfdl" line="75"/>
    </location>
  </item>
  <item level="INFO">
    <message><![CDATA['style' of 'Cell' is removed property]]></message>
    <location type="input">
      <context type="file" name="C:\Users\seunghyeon_seoul\Desktop\원장님노트북\57기 Nexacro\ERP57th\logi\business\logi_EstimateForm.xfdl" line="76"/>
    </location>
    <location type="output">
      <context type="file" name="C:\Users\seunghyeon_seoul\Documents\nexacro\17\projects\ERP57th_nexa\logi\business\logi_EstimateForm.xfdl" line="75"/>
    </location>
  </item>
  <item level="INFO">
    <message><![CDATA[converted from 'font:bold 11 한컴산뜻돋움' to 'font=bold 11pt 한컴산뜻돋움']]></message>
    <location type="input">
      <context type="file" name="C:\Users\seunghyeon_seoul\Desktop\원장님노트북\57기 Nexacro\ERP57th\logi\business\logi_EstimateForm.xfdl" line="77"/>
    </location>
    <location type="output">
      <context type="file" name="C:\Users\seunghyeon_seoul\Documents\nexacro\17\projects\ERP57th_nexa\logi\business\logi_EstimateForm.xfdl" line="76"/>
    </location>
  </item>
  <item level="INFO">
    <message><![CDATA['style' of 'Cell' is removed property]]></message>
    <location type="input">
      <context type="file" name="C:\Users\seunghyeon_seoul\Desktop\원장님노트북\57기 Nexacro\ERP57th\logi\business\logi_EstimateForm.xfdl" line="77"/>
    </location>
    <location type="output">
      <context type="file" name="C:\Users\seunghyeon_seoul\Documents\nexacro\17\projects\ERP57th_nexa\logi\business\logi_EstimateForm.xfdl" line="76"/>
    </location>
  </item>
  <item level="INFO">
    <message><![CDATA[converted from 'font:bold 11 한컴산뜻돋움' to 'font=bold 11pt 한컴산뜻돋움']]></message>
    <location type="input">
      <context type="file" name="C:\Users\seunghyeon_seoul\Desktop\원장님노트북\57기 Nexacro\ERP57th\logi\business\logi_EstimateForm.xfdl" line="78"/>
    </location>
    <location type="output">
      <context type="file" name="C:\Users\seunghyeon_seoul\Documents\nexacro\17\projects\ERP57th_nexa\logi\business\logi_EstimateForm.xfdl" line="77"/>
    </location>
  </item>
  <item level="INFO">
    <message><![CDATA['style' of 'Cell' is removed property]]></message>
    <location type="input">
      <context type="file" name="C:\Users\seunghyeon_seoul\Desktop\원장님노트북\57기 Nexacro\ERP57th\logi\business\logi_EstimateForm.xfdl" line="78"/>
    </location>
    <location type="output">
      <context type="file" name="C:\Users\seunghyeon_seoul\Documents\nexacro\17\projects\ERP57th_nexa\logi\business\logi_EstimateForm.xfdl" line="77"/>
    </location>
  </item>
  <item level="INFO">
    <message><![CDATA[converted from 'font:bold 11 한컴산뜻돋움' to 'font=bold 11pt 한컴산뜻돋움']]></message>
    <location type="input">
      <context type="file" name="C:\Users\seunghyeon_seoul\Desktop\원장님노트북\57기 Nexacro\ERP57th\logi\business\logi_EstimateForm.xfdl" line="79"/>
    </location>
    <location type="output">
      <context type="file" name="C:\Users\seunghyeon_seoul\Documents\nexacro\17\projects\ERP57th_nexa\logi\business\logi_EstimateForm.xfdl" line="78"/>
    </location>
  </item>
  <item level="INFO">
    <message><![CDATA['style' of 'Cell' is removed property]]></message>
    <location type="input">
      <context type="file" name="C:\Users\seunghyeon_seoul\Desktop\원장님노트북\57기 Nexacro\ERP57th\logi\business\logi_EstimateForm.xfdl" line="79"/>
    </location>
    <location type="output">
      <context type="file" name="C:\Users\seunghyeon_seoul\Documents\nexacro\17\projects\ERP57th_nexa\logi\business\logi_EstimateForm.xfdl" line="78"/>
    </location>
  </item>
  <item level="INFO">
    <message><![CDATA[converted from 'font:11 한컴산뜻돋움' to 'font=11pt 한컴산뜻돋움']]></message>
    <location type="input">
      <context type="file" name="C:\Users\seunghyeon_seoul\Desktop\원장님노트북\57기 Nexacro\ERP57th\logi\business\logi_EstimateForm.xfdl" line="82"/>
    </location>
    <location type="output">
      <context type="file" name="C:\Users\seunghyeon_seoul\Documents\nexacro\17\projects\ERP57th_nexa\logi\business\logi_EstimateForm.xfdl" line="81"/>
    </location>
  </item>
  <item level="INFO">
    <message><![CDATA['style' of 'Cell' is removed property]]></message>
    <location type="input">
      <context type="file" name="C:\Users\seunghyeon_seoul\Desktop\원장님노트북\57기 Nexacro\ERP57th\logi\business\logi_EstimateForm.xfdl" line="82"/>
    </location>
    <location type="output">
      <context type="file" name="C:\Users\seunghyeon_seoul\Documents\nexacro\17\projects\ERP57th_nexa\logi\business\logi_EstimateForm.xfdl" line="81"/>
    </location>
  </item>
  <item level="INFO">
    <message><![CDATA[converted from 'font:11 한컴산뜻돋움' to 'font=11pt 한컴산뜻돋움']]></message>
    <location type="input">
      <context type="file" name="C:\Users\seunghyeon_seoul\Desktop\원장님노트북\57기 Nexacro\ERP57th\logi\business\logi_EstimateForm.xfdl" line="83"/>
    </location>
    <location type="output">
      <context type="file" name="C:\Users\seunghyeon_seoul\Documents\nexacro\17\projects\ERP57th_nexa\logi\business\logi_EstimateForm.xfdl" line="82"/>
    </location>
  </item>
  <item level="INFO">
    <message><![CDATA['style' of 'Cell' is removed property]]></message>
    <location type="input">
      <context type="file" name="C:\Users\seunghyeon_seoul\Desktop\원장님노트북\57기 Nexacro\ERP57th\logi\business\logi_EstimateForm.xfdl" line="83"/>
    </location>
    <location type="output">
      <context type="file" name="C:\Users\seunghyeon_seoul\Documents\nexacro\17\projects\ERP57th_nexa\logi\business\logi_EstimateForm.xfdl" line="82"/>
    </location>
  </item>
  <item level="INFO">
    <message><![CDATA[converted from 'font:11 한컴산뜻돋움' to 'font=11pt 한컴산뜻돋움']]></message>
    <location type="input">
      <context type="file" name="C:\Users\seunghyeon_seoul\Desktop\원장님노트북\57기 Nexacro\ERP57th\logi\business\logi_EstimateForm.xfdl" line="84"/>
    </location>
    <location type="output">
      <context type="file" name="C:\Users\seunghyeon_seoul\Documents\nexacro\17\projects\ERP57th_nexa\logi\business\logi_EstimateForm.xfdl" line="83"/>
    </location>
  </item>
  <item level="INFO">
    <message><![CDATA['style' of 'Cell' is removed property]]></message>
    <location type="input">
      <context type="file" name="C:\Users\seunghyeon_seoul\Desktop\원장님노트북\57기 Nexacro\ERP57th\logi\business\logi_EstimateForm.xfdl" line="84"/>
    </location>
    <location type="output">
      <context type="file" name="C:\Users\seunghyeon_seoul\Documents\nexacro\17\projects\ERP57th_nexa\logi\business\logi_EstimateForm.xfdl" line="83"/>
    </location>
  </item>
  <item level="INFO">
    <message><![CDATA[converted from 'font:11 한컴산뜻돋움' to 'font=11pt 한컴산뜻돋움']]></message>
    <location type="input">
      <context type="file" name="C:\Users\seunghyeon_seoul\Desktop\원장님노트북\57기 Nexacro\ERP57th\logi\business\logi_EstimateForm.xfdl" line="85"/>
    </location>
    <location type="output">
      <context type="file" name="C:\Users\seunghyeon_seoul\Documents\nexacro\17\projects\ERP57th_nexa\logi\business\logi_EstimateForm.xfdl" line="84"/>
    </location>
  </item>
  <item level="INFO">
    <message><![CDATA['style' of 'Cell' is removed property]]></message>
    <location type="input">
      <context type="file" name="C:\Users\seunghyeon_seoul\Desktop\원장님노트북\57기 Nexacro\ERP57th\logi\business\logi_EstimateForm.xfdl" line="85"/>
    </location>
    <location type="output">
      <context type="file" name="C:\Users\seunghyeon_seoul\Documents\nexacro\17\projects\ERP57th_nexa\logi\business\logi_EstimateForm.xfdl" line="84"/>
    </location>
  </item>
  <item level="INFO">
    <message><![CDATA[converted from 'font:11 한컴산뜻돋움' to 'font=11pt 한컴산뜻돋움']]></message>
    <location type="input">
      <context type="file" name="C:\Users\seunghyeon_seoul\Desktop\원장님노트북\57기 Nexacro\ERP57th\logi\business\logi_EstimateForm.xfdl" line="86"/>
    </location>
    <location type="output">
      <context type="file" name="C:\Users\seunghyeon_seoul\Documents\nexacro\17\projects\ERP57th_nexa\logi\business\logi_EstimateForm.xfdl" line="85"/>
    </location>
  </item>
  <item level="INFO">
    <message><![CDATA['style' of 'Cell' is removed property]]></message>
    <location type="input">
      <context type="file" name="C:\Users\seunghyeon_seoul\Desktop\원장님노트북\57기 Nexacro\ERP57th\logi\business\logi_EstimateForm.xfdl" line="86"/>
    </location>
    <location type="output">
      <context type="file" name="C:\Users\seunghyeon_seoul\Documents\nexacro\17\projects\ERP57th_nexa\logi\business\logi_EstimateForm.xfdl" line="85"/>
    </location>
  </item>
  <item level="INFO">
    <message><![CDATA[converted from 'font:11 한컴산뜻돋움' to 'font=11pt 한컴산뜻돋움']]></message>
    <location type="input">
      <context type="file" name="C:\Users\seunghyeon_seoul\Desktop\원장님노트북\57기 Nexacro\ERP57th\logi\business\logi_EstimateForm.xfdl" line="87"/>
    </location>
    <location type="output">
      <context type="file" name="C:\Users\seunghyeon_seoul\Documents\nexacro\17\projects\ERP57th_nexa\logi\business\logi_EstimateForm.xfdl" line="86"/>
    </location>
  </item>
  <item level="INFO">
    <message><![CDATA['style' of 'Cell' is removed property]]></message>
    <location type="input">
      <context type="file" name="C:\Users\seunghyeon_seoul\Desktop\원장님노트북\57기 Nexacro\ERP57th\logi\business\logi_EstimateForm.xfdl" line="87"/>
    </location>
    <location type="output">
      <context type="file" name="C:\Users\seunghyeon_seoul\Documents\nexacro\17\projects\ERP57th_nexa\logi\business\logi_EstimateForm.xfdl" line="86"/>
    </location>
  </item>
  <item level="INFO">
    <message><![CDATA[converted from 'font:11 한컴산뜻돋움' to 'font=11pt 한컴산뜻돋움']]></message>
    <location type="input">
      <context type="file" name="C:\Users\seunghyeon_seoul\Desktop\원장님노트북\57기 Nexacro\ERP57th\logi\business\logi_EstimateForm.xfdl" line="88"/>
    </location>
    <location type="output">
      <context type="file" name="C:\Users\seunghyeon_seoul\Documents\nexacro\17\projects\ERP57th_nexa\logi\business\logi_EstimateForm.xfdl" line="87"/>
    </location>
  </item>
  <item level="INFO">
    <message><![CDATA['style' of 'Cell' is removed property]]></message>
    <location type="input">
      <context type="file" name="C:\Users\seunghyeon_seoul\Desktop\원장님노트북\57기 Nexacro\ERP57th\logi\business\logi_EstimateForm.xfdl" line="88"/>
    </location>
    <location type="output">
      <context type="file" name="C:\Users\seunghyeon_seoul\Documents\nexacro\17\projects\ERP57th_nexa\logi\business\logi_EstimateForm.xfdl" line="87"/>
    </location>
  </item>
  <item level="INFO">
    <message><![CDATA[converted from 'font:11 한컴산뜻돋움' to 'font=11pt 한컴산뜻돋움']]></message>
    <location type="input">
      <context type="file" name="C:\Users\seunghyeon_seoul\Desktop\원장님노트북\57기 Nexacro\ERP57th\logi\business\logi_EstimateForm.xfdl" line="89"/>
    </location>
    <location type="output">
      <context type="file" name="C:\Users\seunghyeon_seoul\Documents\nexacro\17\projects\ERP57th_nexa\logi\business\logi_EstimateForm.xfdl" line="88"/>
    </location>
  </item>
  <item level="INFO">
    <message><![CDATA['style' of 'Cell' is removed property]]></message>
    <location type="input">
      <context type="file" name="C:\Users\seunghyeon_seoul\Desktop\원장님노트북\57기 Nexacro\ERP57th\logi\business\logi_EstimateForm.xfdl" line="89"/>
    </location>
    <location type="output">
      <context type="file" name="C:\Users\seunghyeon_seoul\Documents\nexacro\17\projects\ERP57th_nexa\logi\business\logi_EstimateForm.xfdl" line="88"/>
    </location>
  </item>
  <item level="INFO">
    <message><![CDATA[converted from 'font:11 한컴산뜻돋움' to 'font=11pt 한컴산뜻돋움']]></message>
    <location type="input">
      <context type="file" name="C:\Users\seunghyeon_seoul\Desktop\원장님노트북\57기 Nexacro\ERP57th\logi\business\logi_EstimateForm.xfdl" line="90"/>
    </location>
    <location type="output">
      <context type="file" name="C:\Users\seunghyeon_seoul\Documents\nexacro\17\projects\ERP57th_nexa\logi\business\logi_EstimateForm.xfdl" line="89"/>
    </location>
  </item>
  <item level="INFO">
    <message><![CDATA['style' of 'Cell' is removed property]]></message>
    <location type="input">
      <context type="file" name="C:\Users\seunghyeon_seoul\Desktop\원장님노트북\57기 Nexacro\ERP57th\logi\business\logi_EstimateForm.xfdl" line="90"/>
    </location>
    <location type="output">
      <context type="file" name="C:\Users\seunghyeon_seoul\Documents\nexacro\17\projects\ERP57th_nexa\logi\business\logi_EstimateForm.xfdl" line="89"/>
    </location>
  </item>
  <item level="WARN">
    <message><![CDATA['expr' of 'Cell' is unknown property]]></message>
    <location type="input">
      <context type="file" name="C:\Users\seunghyeon_seoul\Desktop\원장님노트북\57기 Nexacro\ERP57th\logi\business\logi_EstimateForm.xfdl" line="90"/>
    </location>
    <location type="output">
      <context type="file" name="C:\Users\seunghyeon_seoul\Documents\nexacro\17\projects\ERP57th_nexa\logi\business\logi_EstimateForm.xfdl" line="89"/>
    </location>
  </item>
  <item level="INFO">
    <message><![CDATA[converted from 'background:#ffffffff' to 'background=rgba(255,255,255,1)']]></message>
    <location type="input">
      <context type="file" name="C:\Users\seunghyeon_seoul\Desktop\원장님노트북\57기 Nexacro\ERP57th\logi\business\logi_EstimateForm.xfdl" line="95"/>
    </location>
    <location type="output">
      <context type="file" name="C:\Users\seunghyeon_seoul\Documents\nexacro\17\projects\ERP57th_nexa\logi\business\logi_EstimateForm.xfdl" line="94"/>
    </location>
  </item>
  <item level="INFO">
    <message><![CDATA[converted from 'font:bold 11 한컴산뜻돋움' to 'font=bold 11pt 한컴산뜻돋움']]></message>
    <location type="input">
      <context type="file" name="C:\Users\seunghyeon_seoul\Desktop\원장님노트북\57기 Nexacro\ERP57th\logi\business\logi_EstimateForm.xfdl" line="95"/>
    </location>
    <location type="output">
      <context type="file" name="C:\Users\seunghyeon_seoul\Documents\nexacro\17\projects\ERP57th_nexa\logi\business\logi_EstimateForm.xfdl" line="94"/>
    </location>
  </item>
  <item level="INFO">
    <message><![CDATA['style' of 'Button' is removed property]]></message>
    <location type="input">
      <context type="file" name="C:\Users\seunghyeon_seoul\Desktop\원장님노트북\57기 Nexacro\ERP57th\logi\business\logi_EstimateForm.xfdl" line="95"/>
    </location>
    <location type="output">
      <context type="file" name="C:\Users\seunghyeon_seoul\Documents\nexacro\17\projects\ERP57th_nexa\logi\business\logi_EstimateForm.xfdl" line="94"/>
    </location>
  </item>
  <item level="INFO">
    <message><![CDATA[converted from 'application' to 'nexacro.getApplication()']]></message>
    <location type="input">
      <context type="file" name="C:\Users\seunghyeon_seoul\Desktop\원장님노트북\57기 Nexacro\ERP57th\logi\business\logi_EstimateForm.xfdl" line="126">
        <context type="script" name="" line="11"/>
      </context>
    </location>
    <location type="output">
      <context type="file" name="C:\Users\seunghyeon_seoul\Documents\nexacro\17\projects\ERP57th_nexa\logi\business\logi_EstimateForm.xfdl" line="125">
        <context type="script" name="" line="11"/>
      </context>
    </location>
  </item>
  <item level="INFO">
    <message><![CDATA[converted from 'application' to 'nexacro.getApplication()']]></message>
    <location type="input">
      <context type="file" name="C:\Users\seunghyeon_seoul\Desktop\원장님노트북\57기 Nexacro\ERP57th\logi\business\logi_EstimateForm.xfdl" line="126">
        <context type="script" name="" line="11"/>
      </context>
    </location>
    <location type="output">
      <context type="file" name="C:\Users\seunghyeon_seoul\Documents\nexacro\17\projects\ERP57th_nexa\logi\business\logi_EstimateForm.xfdl" line="125">
        <context type="script" name="" line="11"/>
      </context>
    </location>
  </item>
  <item level="INFO">
    <message><![CDATA[converted from 'application' to 'nexacro.getApplication()']]></message>
    <location type="input">
      <context type="file" name="C:\Users\seunghyeon_seoul\Desktop\원장님노트북\57기 Nexacro\ERP57th\logi\business\logi_EstimateForm.xfdl" line="126">
        <context type="script" name="" line="58"/>
      </context>
    </location>
    <location type="output">
      <context type="file" name="C:\Users\seunghyeon_seoul\Documents\nexacro\17\projects\ERP57th_nexa\logi\business\logi_EstimateForm.xfdl" line="125">
        <context type="script" name="" line="58"/>
      </context>
    </location>
  </item>
  <item level="INFO">
    <message><![CDATA[converted from 'application' to 'nexacro.getApplication()']]></message>
    <location type="input">
      <context type="file" name="C:\Users\seunghyeon_seoul\Desktop\원장님노트북\57기 Nexacro\ERP57th\logi\business\logi_EstimateForm.xfdl" line="126">
        <context type="script" name="" line="59"/>
      </context>
    </location>
    <location type="output">
      <context type="file" name="C:\Users\seunghyeon_seoul\Documents\nexacro\17\projects\ERP57th_nexa\logi\business\logi_EstimateForm.xfdl" line="125">
        <context type="script" name="" line="59"/>
      </context>
    </location>
  </item>
  <item level="INFO">
    <message><![CDATA[converted from 'application' to 'nexacro.getApplication()']]></message>
    <location type="input">
      <context type="file" name="C:\Users\seunghyeon_seoul\Desktop\원장님노트북\57기 Nexacro\ERP57th\logi\business\logi_EstimateForm.xfdl" line="126">
        <context type="script" name="" line="61"/>
      </context>
    </location>
    <location type="output">
      <context type="file" name="C:\Users\seunghyeon_seoul\Documents\nexacro\17\projects\ERP57th_nexa\logi\business\logi_EstimateForm.xfdl" line="125">
        <context type="script" name="" line="61"/>
      </context>
    </location>
  </item>
  <item level="WARN">
    <message><![CDATA['init' of ChildFrame is changed argument (position)]]></message>
    <location type="input">
      <context type="file" name="C:\Users\seunghyeon_seoul\Desktop\원장님노트북\57기 Nexacro\ERP57th\logi\business\logi_EstimateForm.xfdl" line="126">
        <context type="script" name="" line="152"/>
      </context>
    </location>
    <location type="output">
      <context type="file" name="C:\Users\seunghyeon_seoul\Documents\nexacro\17\projects\ERP57th_nexa\logi\business\logi_EstimateForm.xfdl" line="125">
        <context type="script" name="" line="167"/>
      </context>
    </location>
  </item>
  <item level="INFO">
    <message><![CDATA[converted from 'application' to 'nexacro.getApplication()']]></message>
    <location type="input">
      <context type="file" name="C:\Users\seunghyeon_seoul\Desktop\원장님노트북\57기 Nexacro\ERP57th\logi\business\logi_EstimateForm.xfdl" line="126">
        <context type="script" name="" line="252"/>
      </context>
    </location>
    <location type="output">
      <context type="file" name="C:\Users\seunghyeon_seoul\Documents\nexacro\17\projects\ERP57th_nexa\logi\business\logi_EstimateForm.xfdl" line="125">
        <context type="script" name="" line="258"/>
      </context>
    </location>
  </item>
  <item level="INFO">
    <message><![CDATA[converted from 'application' to 'nexacro.getApplication()']]></message>
    <location type="input">
      <context type="file" name="C:\Users\seunghyeon_seoul\Desktop\원장님노트북\57기 Nexacro\ERP57th\logi\business\logi_EstimateForm.xfdl" line="126">
        <context type="script" name="" line="255"/>
      </context>
    </location>
    <location type="output">
      <context type="file" name="C:\Users\seunghyeon_seoul\Documents\nexacro\17\projects\ERP57th_nexa\logi\business\logi_EstimateForm.xfdl" line="125">
        <context type="script" name="" line="261"/>
      </context>
    </location>
  </item>
</migration>
