<?xml version="1.0" encoding="utf-8"?>
<migration version="1.0" category="C:\Users\seunghyeon_seoul\Desktop\원장님노트북\57기 Nexacro\ERP57th\acc\accBookMgt\acc_customersLedgerForm.xfdl">
  <item level="INFO">
    <message><![CDATA['<TypeDefinition>' tag is removed]]></message>
    <location type="input">
      <context type="file" name="C:\Users\seunghyeon_seoul\Desktop\원장님노트북\57기 Nexacro\ERP57th\acc\accBookMgt\acc_customersLedgerForm.xfdl" line="3"/>
    </location>
    <location type="output">
      <context type="file" name="C:\Users\seunghyeon_seoul\Documents\nexacro\17\projects\ERP57th_nexa\acc\accBookMgt\acc_customersLedgerForm.xfdl" line="3"/>
    </location>
  </item>
  <item level="INFO">
    <message><![CDATA['left' of 'Form' is removed property]]></message>
    <location type="input">
      <context type="file" name="C:\Users\seunghyeon_seoul\Desktop\원장님노트북\57기 Nexacro\ERP57th\acc\accBookMgt\acc_customersLedgerForm.xfdl" line="4"/>
    </location>
    <location type="output">
      <context type="file" name="C:\Users\seunghyeon_seoul\Documents\nexacro\17\projects\ERP57th_nexa\acc\accBookMgt\acc_customersLedgerForm.xfdl" line="3"/>
    </location>
  </item>
  <item level="INFO">
    <message><![CDATA['top' of 'Form' is removed property]]></message>
    <location type="input">
      <context type="file" name="C:\Users\seunghyeon_seoul\Desktop\원장님노트북\57기 Nexacro\ERP57th\acc\accBookMgt\acc_customersLedgerForm.xfdl" line="4"/>
    </location>
    <location type="output">
      <context type="file" name="C:\Users\seunghyeon_seoul\Documents\nexacro\17\projects\ERP57th_nexa\acc\accBookMgt\acc_customersLedgerForm.xfdl" line="3"/>
    </location>
  </item>
  <item level="INFO">
    <message><![CDATA[converted from 'border:3 solid darkgray' to 'border=3px solid darkgray']]></message>
    <location type="input">
      <context type="file" name="C:\Users\seunghyeon_seoul\Desktop\원장님노트북\57기 Nexacro\ERP57th\acc\accBookMgt\acc_customersLedgerForm.xfdl" line="7"/>
    </location>
    <location type="output">
      <context type="file" name="C:\Users\seunghyeon_seoul\Documents\nexacro\17\projects\ERP57th_nexa\acc\accBookMgt\acc_customersLedgerForm.xfdl" line="6"/>
    </location>
  </item>
  <item level="INFO">
    <message><![CDATA[converted from 'font:bold 16 함초롬돋움,돋움' to 'font=bold 16pt 함초롬돋움,돋움']]></message>
    <location type="input">
      <context type="file" name="C:\Users\seunghyeon_seoul\Desktop\원장님노트북\57기 Nexacro\ERP57th\acc\accBookMgt\acc_customersLedgerForm.xfdl" line="7"/>
    </location>
    <location type="output">
      <context type="file" name="C:\Users\seunghyeon_seoul\Documents\nexacro\17\projects\ERP57th_nexa\acc\accBookMgt\acc_customersLedgerForm.xfdl" line="6"/>
    </location>
  </item>
  <item level="INFO">
    <message><![CDATA['style' of 'Static' is removed property]]></message>
    <location type="input">
      <context type="file" name="C:\Users\seunghyeon_seoul\Desktop\원장님노트북\57기 Nexacro\ERP57th\acc\accBookMgt\acc_customersLedgerForm.xfdl" line="7"/>
    </location>
    <location type="output">
      <context type="file" name="C:\Users\seunghyeon_seoul\Documents\nexacro\17\projects\ERP57th_nexa\acc\accBookMgt\acc_customersLedgerForm.xfdl" line="6"/>
    </location>
  </item>
  <item level="INFO">
    <message><![CDATA[converted from 'align:center middle' to 'textAlign=center']]></message>
    <location type="input">
      <context type="file" name="C:\Users\seunghyeon_seoul\Desktop\원장님노트북\57기 Nexacro\ERP57th\acc\accBookMgt\acc_customersLedgerForm.xfdl" line="14"/>
    </location>
    <location type="output">
      <context type="file" name="C:\Users\seunghyeon_seoul\Documents\nexacro\17\projects\ERP57th_nexa\acc\accBookMgt\acc_customersLedgerForm.xfdl" line="13"/>
    </location>
  </item>
  <item level="INFO">
    <message><![CDATA['style' of 'Edit' is removed property]]></message>
    <location type="input">
      <context type="file" name="C:\Users\seunghyeon_seoul\Desktop\원장님노트북\57기 Nexacro\ERP57th\acc\accBookMgt\acc_customersLedgerForm.xfdl" line="14"/>
    </location>
    <location type="output">
      <context type="file" name="C:\Users\seunghyeon_seoul\Documents\nexacro\17\projects\ERP57th_nexa\acc\accBookMgt\acc_customersLedgerForm.xfdl" line="13"/>
    </location>
  </item>
  <item level="INFO">
    <message><![CDATA[converted from 'align:center middle' to 'textAlign=center']]></message>
    <location type="input">
      <context type="file" name="C:\Users\seunghyeon_seoul\Desktop\원장님노트북\57기 Nexacro\ERP57th\acc\accBookMgt\acc_customersLedgerForm.xfdl" line="15"/>
    </location>
    <location type="output">
      <context type="file" name="C:\Users\seunghyeon_seoul\Documents\nexacro\17\projects\ERP57th_nexa\acc\accBookMgt\acc_customersLedgerForm.xfdl" line="14"/>
    </location>
  </item>
  <item level="INFO">
    <message><![CDATA['style' of 'Edit' is removed property]]></message>
    <location type="input">
      <context type="file" name="C:\Users\seunghyeon_seoul\Desktop\원장님노트북\57기 Nexacro\ERP57th\acc\accBookMgt\acc_customersLedgerForm.xfdl" line="15"/>
    </location>
    <location type="output">
      <context type="file" name="C:\Users\seunghyeon_seoul\Documents\nexacro\17\projects\ERP57th_nexa\acc\accBookMgt\acc_customersLedgerForm.xfdl" line="14"/>
    </location>
  </item>
  <item level="INFO">
    <message><![CDATA[converted from 'align:center middle' to 'textAlign=center']]></message>
    <location type="input">
      <context type="file" name="C:\Users\seunghyeon_seoul\Desktop\원장님노트북\57기 Nexacro\ERP57th\acc\accBookMgt\acc_customersLedgerForm.xfdl" line="17"/>
    </location>
    <location type="output">
      <context type="file" name="C:\Users\seunghyeon_seoul\Documents\nexacro\17\projects\ERP57th_nexa\acc\accBookMgt\acc_customersLedgerForm.xfdl" line="16"/>
    </location>
  </item>
  <item level="INFO">
    <message><![CDATA['style' of 'Edit' is removed property]]></message>
    <location type="input">
      <context type="file" name="C:\Users\seunghyeon_seoul\Desktop\원장님노트북\57기 Nexacro\ERP57th\acc\accBookMgt\acc_customersLedgerForm.xfdl" line="17"/>
    </location>
    <location type="output">
      <context type="file" name="C:\Users\seunghyeon_seoul\Documents\nexacro\17\projects\ERP57th_nexa\acc\accBookMgt\acc_customersLedgerForm.xfdl" line="16"/>
    </location>
  </item>
  <item level="INFO">
    <message><![CDATA[converted from 'align:center middle' to 'textAlign=center']]></message>
    <location type="input">
      <context type="file" name="C:\Users\seunghyeon_seoul\Desktop\원장님노트북\57기 Nexacro\ERP57th\acc\accBookMgt\acc_customersLedgerForm.xfdl" line="18"/>
    </location>
    <location type="output">
      <context type="file" name="C:\Users\seunghyeon_seoul\Documents\nexacro\17\projects\ERP57th_nexa\acc\accBookMgt\acc_customersLedgerForm.xfdl" line="17"/>
    </location>
  </item>
  <item level="INFO">
    <message><![CDATA['style' of 'Edit' is removed property]]></message>
    <location type="input">
      <context type="file" name="C:\Users\seunghyeon_seoul\Desktop\원장님노트북\57기 Nexacro\ERP57th\acc\accBookMgt\acc_customersLedgerForm.xfdl" line="18"/>
    </location>
    <location type="output">
      <context type="file" name="C:\Users\seunghyeon_seoul\Documents\nexacro\17\projects\ERP57th_nexa\acc\accBookMgt\acc_customersLedgerForm.xfdl" line="17"/>
    </location>
  </item>
  <item level="WARN">
    <message><![CDATA['align' of 'Calendar' is removed property]]></message>
    <location type="input">
      <context type="file" name="C:\Users\seunghyeon_seoul\Desktop\원장님노트북\57기 Nexacro\ERP57th\acc\accBookMgt\acc_customersLedgerForm.xfdl" line="20"/>
    </location>
    <location type="output">
      <context type="file" name="C:\Users\seunghyeon_seoul\Documents\nexacro\17\projects\ERP57th_nexa\acc\accBookMgt\acc_customersLedgerForm.xfdl" line="19"/>
    </location>
  </item>
  <item level="INFO">
    <message><![CDATA['style' of 'Calendar' is removed property]]></message>
    <location type="input">
      <context type="file" name="C:\Users\seunghyeon_seoul\Desktop\원장님노트북\57기 Nexacro\ERP57th\acc\accBookMgt\acc_customersLedgerForm.xfdl" line="20"/>
    </location>
    <location type="output">
      <context type="file" name="C:\Users\seunghyeon_seoul\Documents\nexacro\17\projects\ERP57th_nexa\acc\accBookMgt\acc_customersLedgerForm.xfdl" line="19"/>
    </location>
  </item>
  <item level="WARN">
    <message><![CDATA['align' of 'Calendar' is removed property]]></message>
    <location type="input">
      <context type="file" name="C:\Users\seunghyeon_seoul\Desktop\원장님노트북\57기 Nexacro\ERP57th\acc\accBookMgt\acc_customersLedgerForm.xfdl" line="21"/>
    </location>
    <location type="output">
      <context type="file" name="C:\Users\seunghyeon_seoul\Documents\nexacro\17\projects\ERP57th_nexa\acc\accBookMgt\acc_customersLedgerForm.xfdl" line="20"/>
    </location>
  </item>
  <item level="INFO">
    <message><![CDATA['style' of 'Calendar' is removed property]]></message>
    <location type="input">
      <context type="file" name="C:\Users\seunghyeon_seoul\Desktop\원장님노트북\57기 Nexacro\ERP57th\acc\accBookMgt\acc_customersLedgerForm.xfdl" line="21"/>
    </location>
    <location type="output">
      <context type="file" name="C:\Users\seunghyeon_seoul\Documents\nexacro\17\projects\ERP57th_nexa\acc\accBookMgt\acc_customersLedgerForm.xfdl" line="20"/>
    </location>
  </item>
  <item level="INFO">
    <message><![CDATA[converted from 'align:center middle' to 'textAlign=center']]></message>
    <location type="input">
      <context type="file" name="C:\Users\seunghyeon_seoul\Desktop\원장님노트북\57기 Nexacro\ERP57th\acc\accBookMgt\acc_customersLedgerForm.xfdl" line="22"/>
    </location>
    <location type="output">
      <context type="file" name="C:\Users\seunghyeon_seoul\Documents\nexacro\17\projects\ERP57th_nexa\acc\accBookMgt\acc_customersLedgerForm.xfdl" line="21"/>
    </location>
  </item>
  <item level="INFO">
    <message><![CDATA[converted from 'align:center middle' to 'verticalAlign=middle']]></message>
    <location type="input">
      <context type="file" name="C:\Users\seunghyeon_seoul\Desktop\원장님노트북\57기 Nexacro\ERP57th\acc\accBookMgt\acc_customersLedgerForm.xfdl" line="22"/>
    </location>
    <location type="output">
      <context type="file" name="C:\Users\seunghyeon_seoul\Documents\nexacro\17\projects\ERP57th_nexa\acc\accBookMgt\acc_customersLedgerForm.xfdl" line="21"/>
    </location>
  </item>
  <item level="INFO">
    <message><![CDATA['style' of 'Static' is removed property]]></message>
    <location type="input">
      <context type="file" name="C:\Users\seunghyeon_seoul\Desktop\원장님노트북\57기 Nexacro\ERP57th\acc\accBookMgt\acc_customersLedgerForm.xfdl" line="22"/>
    </location>
    <location type="output">
      <context type="file" name="C:\Users\seunghyeon_seoul\Documents\nexacro\17\projects\ERP57th_nexa\acc\accBookMgt\acc_customersLedgerForm.xfdl" line="21"/>
    </location>
  </item>
  <item level="WARN">
    <message><![CDATA['useinputpanel' of 'Grid' is unknown property]]></message>
    <location type="input">
      <context type="file" name="C:\Users\seunghyeon_seoul\Desktop\원장님노트북\57기 Nexacro\ERP57th\acc\accBookMgt\acc_customersLedgerForm.xfdl" line="23"/>
    </location>
    <location type="output">
      <context type="file" name="C:\Users\seunghyeon_seoul\Documents\nexacro\17\projects\ERP57th_nexa\acc\accBookMgt\acc_customersLedgerForm.xfdl" line="22"/>
    </location>
  </item>
  <item level="INFO">
    <message><![CDATA[converted from 'align:center middle' to 'textAlign=center']]></message>
    <location type="input">
      <context type="file" name="C:\Users\seunghyeon_seoul\Desktop\원장님노트북\57기 Nexacro\ERP57th\acc\accBookMgt\acc_customersLedgerForm.xfdl" line="64"/>
    </location>
    <location type="output">
      <context type="file" name="C:\Users\seunghyeon_seoul\Documents\nexacro\17\projects\ERP57th_nexa\acc\accBookMgt\acc_customersLedgerForm.xfdl" line="63"/>
    </location>
  </item>
  <item level="INFO">
    <message><![CDATA['style' of 'Edit' is removed property]]></message>
    <location type="input">
      <context type="file" name="C:\Users\seunghyeon_seoul\Desktop\원장님노트북\57기 Nexacro\ERP57th\acc\accBookMgt\acc_customersLedgerForm.xfdl" line="64"/>
    </location>
    <location type="output">
      <context type="file" name="C:\Users\seunghyeon_seoul\Documents\nexacro\17\projects\ERP57th_nexa\acc\accBookMgt\acc_customersLedgerForm.xfdl" line="63"/>
    </location>
  </item>
  <item level="INFO">
    <message><![CDATA[converted from 'align:center middle' to 'textAlign=center']]></message>
    <location type="input">
      <context type="file" name="C:\Users\seunghyeon_seoul\Desktop\원장님노트북\57기 Nexacro\ERP57th\acc\accBookMgt\acc_customersLedgerForm.xfdl" line="65"/>
    </location>
    <location type="output">
      <context type="file" name="C:\Users\seunghyeon_seoul\Documents\nexacro\17\projects\ERP57th_nexa\acc\accBookMgt\acc_customersLedgerForm.xfdl" line="64"/>
    </location>
  </item>
  <item level="INFO">
    <message><![CDATA['style' of 'Edit' is removed property]]></message>
    <location type="input">
      <context type="file" name="C:\Users\seunghyeon_seoul\Desktop\원장님노트북\57기 Nexacro\ERP57th\acc\accBookMgt\acc_customersLedgerForm.xfdl" line="65"/>
    </location>
    <location type="output">
      <context type="file" name="C:\Users\seunghyeon_seoul\Documents\nexacro\17\projects\ERP57th_nexa\acc\accBookMgt\acc_customersLedgerForm.xfdl" line="64"/>
    </location>
  </item>
  <item level="INFO">
    <message><![CDATA[converted from 'align:center middle' to 'textAlign=center']]></message>
    <location type="input">
      <context type="file" name="C:\Users\seunghyeon_seoul\Desktop\원장님노트북\57기 Nexacro\ERP57th\acc\accBookMgt\acc_customersLedgerForm.xfdl" line="67"/>
    </location>
    <location type="output">
      <context type="file" name="C:\Users\seunghyeon_seoul\Documents\nexacro\17\projects\ERP57th_nexa\acc\accBookMgt\acc_customersLedgerForm.xfdl" line="66"/>
    </location>
  </item>
  <item level="INFO">
    <message><![CDATA['style' of 'Edit' is removed property]]></message>
    <location type="input">
      <context type="file" name="C:\Users\seunghyeon_seoul\Desktop\원장님노트북\57기 Nexacro\ERP57th\acc\accBookMgt\acc_customersLedgerForm.xfdl" line="67"/>
    </location>
    <location type="output">
      <context type="file" name="C:\Users\seunghyeon_seoul\Documents\nexacro\17\projects\ERP57th_nexa\acc\accBookMgt\acc_customersLedgerForm.xfdl" line="66"/>
    </location>
  </item>
  <item level="INFO">
    <message><![CDATA[converted from 'align:center middle' to 'textAlign=center']]></message>
    <location type="input">
      <context type="file" name="C:\Users\seunghyeon_seoul\Desktop\원장님노트북\57기 Nexacro\ERP57th\acc\accBookMgt\acc_customersLedgerForm.xfdl" line="68"/>
    </location>
    <location type="output">
      <context type="file" name="C:\Users\seunghyeon_seoul\Documents\nexacro\17\projects\ERP57th_nexa\acc\accBookMgt\acc_customersLedgerForm.xfdl" line="67"/>
    </location>
  </item>
  <item level="INFO">
    <message><![CDATA['style' of 'Edit' is removed property]]></message>
    <location type="input">
      <context type="file" name="C:\Users\seunghyeon_seoul\Desktop\원장님노트북\57기 Nexacro\ERP57th\acc\accBookMgt\acc_customersLedgerForm.xfdl" line="68"/>
    </location>
    <location type="output">
      <context type="file" name="C:\Users\seunghyeon_seoul\Documents\nexacro\17\projects\ERP57th_nexa\acc\accBookMgt\acc_customersLedgerForm.xfdl" line="67"/>
    </location>
  </item>
  <item level="WARN">
    <message><![CDATA['align' of 'Calendar' is removed property]]></message>
    <location type="input">
      <context type="file" name="C:\Users\seunghyeon_seoul\Desktop\원장님노트북\57기 Nexacro\ERP57th\acc\accBookMgt\acc_customersLedgerForm.xfdl" line="70"/>
    </location>
    <location type="output">
      <context type="file" name="C:\Users\seunghyeon_seoul\Documents\nexacro\17\projects\ERP57th_nexa\acc\accBookMgt\acc_customersLedgerForm.xfdl" line="69"/>
    </location>
  </item>
  <item level="INFO">
    <message><![CDATA['style' of 'Calendar' is removed property]]></message>
    <location type="input">
      <context type="file" name="C:\Users\seunghyeon_seoul\Desktop\원장님노트북\57기 Nexacro\ERP57th\acc\accBookMgt\acc_customersLedgerForm.xfdl" line="70"/>
    </location>
    <location type="output">
      <context type="file" name="C:\Users\seunghyeon_seoul\Documents\nexacro\17\projects\ERP57th_nexa\acc\accBookMgt\acc_customersLedgerForm.xfdl" line="69"/>
    </location>
  </item>
  <item level="WARN">
    <message><![CDATA['align' of 'Calendar' is removed property]]></message>
    <location type="input">
      <context type="file" name="C:\Users\seunghyeon_seoul\Desktop\원장님노트북\57기 Nexacro\ERP57th\acc\accBookMgt\acc_customersLedgerForm.xfdl" line="71"/>
    </location>
    <location type="output">
      <context type="file" name="C:\Users\seunghyeon_seoul\Documents\nexacro\17\projects\ERP57th_nexa\acc\accBookMgt\acc_customersLedgerForm.xfdl" line="70"/>
    </location>
  </item>
  <item level="INFO">
    <message><![CDATA['style' of 'Calendar' is removed property]]></message>
    <location type="input">
      <context type="file" name="C:\Users\seunghyeon_seoul\Desktop\원장님노트북\57기 Nexacro\ERP57th\acc\accBookMgt\acc_customersLedgerForm.xfdl" line="71"/>
    </location>
    <location type="output">
      <context type="file" name="C:\Users\seunghyeon_seoul\Documents\nexacro\17\projects\ERP57th_nexa\acc\accBookMgt\acc_customersLedgerForm.xfdl" line="70"/>
    </location>
  </item>
  <item level="INFO">
    <message><![CDATA[converted from 'align:center middle' to 'textAlign=center']]></message>
    <location type="input">
      <context type="file" name="C:\Users\seunghyeon_seoul\Desktop\원장님노트북\57기 Nexacro\ERP57th\acc\accBookMgt\acc_customersLedgerForm.xfdl" line="72"/>
    </location>
    <location type="output">
      <context type="file" name="C:\Users\seunghyeon_seoul\Documents\nexacro\17\projects\ERP57th_nexa\acc\accBookMgt\acc_customersLedgerForm.xfdl" line="71"/>
    </location>
  </item>
  <item level="INFO">
    <message><![CDATA[converted from 'align:center middle' to 'verticalAlign=middle']]></message>
    <location type="input">
      <context type="file" name="C:\Users\seunghyeon_seoul\Desktop\원장님노트북\57기 Nexacro\ERP57th\acc\accBookMgt\acc_customersLedgerForm.xfdl" line="72"/>
    </location>
    <location type="output">
      <context type="file" name="C:\Users\seunghyeon_seoul\Documents\nexacro\17\projects\ERP57th_nexa\acc\accBookMgt\acc_customersLedgerForm.xfdl" line="71"/>
    </location>
  </item>
  <item level="INFO">
    <message><![CDATA['style' of 'Static' is removed property]]></message>
    <location type="input">
      <context type="file" name="C:\Users\seunghyeon_seoul\Desktop\원장님노트북\57기 Nexacro\ERP57th\acc\accBookMgt\acc_customersLedgerForm.xfdl" line="72"/>
    </location>
    <location type="output">
      <context type="file" name="C:\Users\seunghyeon_seoul\Documents\nexacro\17\projects\ERP57th_nexa\acc\accBookMgt\acc_customersLedgerForm.xfdl" line="71"/>
    </location>
  </item>
  <item level="WARN">
    <message><![CDATA['useinputpanel' of 'Grid' is unknown property]]></message>
    <location type="input">
      <context type="file" name="C:\Users\seunghyeon_seoul\Desktop\원장님노트북\57기 Nexacro\ERP57th\acc\accBookMgt\acc_customersLedgerForm.xfdl" line="74"/>
    </location>
    <location type="output">
      <context type="file" name="C:\Users\seunghyeon_seoul\Documents\nexacro\17\projects\ERP57th_nexa\acc\accBookMgt\acc_customersLedgerForm.xfdl" line="73"/>
    </location>
  </item>
  <item level="INFO">
    <message><![CDATA[converted from 'open' of application to 'nexacro.open']]></message>
    <location type="input">
      <context type="file" name="C:\Users\seunghyeon_seoul\Desktop\원장님노트북\57기 Nexacro\ERP57th\acc\accBookMgt\acc_customersLedgerForm.xfdl" line="138">
        <context type="script" name="" line="10"/>
      </context>
    </location>
    <location type="output">
      <context type="file" name="C:\Users\seunghyeon_seoul\Documents\nexacro\17\projects\ERP57th_nexa\acc\accBookMgt\acc_customersLedgerForm.xfdl" line="137">
        <context type="script" name="" line="10"/>
      </context>
    </location>
  </item>
</migration>
